{"C:\\Projects\\loyalty-app-ui-vite\\loyalty-app-vite\\src\\App.tsx": {"path":"C:\\Projects\\loyalty-app-ui-vite\\loyalty-app-vite\\src\\App.tsx","statementMap":{"0":{"start":{"line":6,"column":2},"end":{"line":17,"column":4}}},"fnMap":{"0":{"name":"App","decl":{"start":{"line":5,"column":9},"end":{"line":5,"column":12}},"loc":{"start":{"line":5,"column":12},"end":{"line":18,"column":1}}}},"branchMap":{},"s":{"0":0},"f":{"0":0},"b":{}}
,"C:\\Projects\\loyalty-app-ui-vite\\loyalty-app-vite\\src\\enableMocking.ts": {"path":"C:\\Projects\\loyalty-app-ui-vite\\loyalty-app-vite\\src\\enableMocking.ts","statementMap":{"0":{"start":{"line":5,"column":2},"end":{"line":7,"column":3}},"1":{"start":{"line":6,"column":4},"end":{"line":6,"column":11}},"2":{"start":{"line":8,"column":2},"end":{"line":19,"column":3}},"3":{"start":{"line":9,"column":23},"end":{"line":9,"column":54}},"4":{"start":{"line":10,"column":4},"end":{"line":16,"column":7}},"5":{"start":{"line":18,"column":4},"end":{"line":18,"column":51}}},"fnMap":{"0":{"name":"enableMocking","decl":{"start":{"line":4,"column":22},"end":{"line":4,"column":35}},"loc":{"start":{"line":4,"column":35},"end":{"line":20,"column":1}}}},"branchMap":{"0":{"loc":{"start":{"line":5,"column":2},"end":{"line":7,"column":3}},"type":"if","locations":[{"start":{"line":5,"column":2},"end":{"line":7,"column":3}}]}},"s":{"0":0,"1":0,"2":0,"3":0,"4":0,"5":0},"f":{"0":0},"b":{"0":[0]}}
,"C:\\Projects\\loyalty-app-ui-vite\\loyalty-app-vite\\src\\polyfills.ts": {"path":"C:\\Projects\\loyalty-app-ui-vite\\loyalty-app-vite\\src\\polyfills.ts","statementMap":{"0":{"start":{"line":3,"column":0},"end":{"line":5,"column":1}},"1":{"start":{"line":4,"column":3},"end":{"line":4,"column":38}}},"fnMap":{},"branchMap":{"0":{"loc":{"start":{"line":3,"column":0},"end":{"line":5,"column":1}},"type":"if","locations":[{"start":{"line":3,"column":0},"end":{"line":5,"column":1}}]}},"s":{"0":0,"1":0},"f":{},"b":{"0":[0]}}
,"C:\\Projects\\loyalty-app-ui-vite\\loyalty-app-vite\\src\\test-utils.tsx": {"path":"C:\\Projects\\loyalty-app-ui-vite\\loyalty-app-vite\\src\\test-utils.tsx","statementMap":{"0":{"start":{"line":2,"column":0},"end":{"line":2,"column":48}},"1":{"start":{"line":3,"column":0},"end":{"line":3,"column":51}},"2":{"start":{"line":4,"column":0},"end":{"line":4,"column":49}},"3":{"start":{"line":5,"column":0},"end":{"line":5,"column":33}},"4":{"start":{"line":8,"column":2},"end":{"line":15,"column":4}},"5":{"start":{"line":7,"column":0},"end":{"line":7,"column":16}}},"fnMap":{"0":{"name":"renderWithProviders","decl":{"start":{"line":7,"column":16},"end":{"line":7,"column":35}},"loc":{"start":{"line":7,"column":58},"end":{"line":16,"column":1}}}},"branchMap":{},"s":{"0":4,"1":4,"2":4,"3":4,"4":19,"5":4},"f":{"0":19},"b":{}}
,"C:\\Projects\\loyalty-app-ui-vite\\loyalty-app-vite\\src\\components\\AccumulationForm\\AccumulationForm.tsx": {"path":"C:\\Projects\\loyalty-app-ui-vite\\loyalty-app-vite\\src\\components\\AccumulationForm\\AccumulationForm.tsx","statementMap":{"0":{"start":{"line":1,"column":0},"end":{"line":1,"column":52}},"1":{"start":{"line":2,"column":0},"end":{"line":2,"column":69}},"2":{"start":{"line":3,"column":0},"end":{"line":3,"column":70}},"3":{"start":{"line":4,"column":0},"end":{"line":4,"column":31}},"4":{"start":{"line":5,"column":0},"end":{"line":5,"column":86}},"5":{"start":{"line":6,"column":0},"end":{"line":6,"column":60}},"6":{"start":{"line":7,"column":0},"end":{"line":7,"column":48}},"7":{"start":{"line":8,"column":0},"end":{"line":8,"column":46}},"8":{"start":{"line":9,"column":0},"end":{"line":9,"column":46}},"9":{"start":{"line":10,"column":0},"end":{"line":10,"column":null}},"10":{"start":{"line":17,"column":0},"end":{"line":17,"column":47}},"11":{"start":{"line":20,"column":18},"end":{"line":20,"column":47}},"12":{"start":{"line":21,"column":36},"end":{"line":21,"column":51}},"13":{"start":{"line":22,"column":50},"end":{"line":22,"column":78}},"14":{"start":{"line":23,"column":42},"end":{"line":23,"column":66}},"15":{"start":{"line":25,"column":2},"end":{"line":40,"column":9}},"16":{"start":{"line":26,"column":20},"end":{"line":26,"column":25}},"17":{"start":{"line":27,"column":4},"end":{"line":38,"column":9}},"18":{"start":{"line":29,"column":8},"end":{"line":32,"column":9}},"19":{"start":{"line":30,"column":10},"end":{"line":30,"column":41}},"20":{"start":{"line":31,"column":10},"end":{"line":31,"column":86}},"21":{"start":{"line":31,"column":37},"end":{"line":31,"column":83}},"22":{"start":{"line":35,"column":8},"end":{"line":37,"column":9}},"23":{"start":{"line":36,"column":10},"end":{"line":36,"column":72}},"24":{"start":{"line":39,"column":4},"end":{"line":39,"column":39}},"25":{"start":{"line":39,"column":19},"end":{"line":39,"column":36}},"26":{"start":{"line":42,"column":27},"end":{"line":77,"column":3}},"27":{"start":{"line":43,"column":4},"end":{"line":43,"column":23}},"28":{"start":{"line":44,"column":21},"end":{"line":44,"column":50}},"29":{"start":{"line":45,"column":27},"end":{"line":45,"column":84}},"30":{"start":{"line":46,"column":19},"end":{"line":46,"column":57}},"31":{"start":{"line":48,"column":4},"end":{"line":51,"column":5}},"32":{"start":{"line":49,"column":6},"end":{"line":49,"column":57}},"33":{"start":{"line":50,"column":6},"end":{"line":50,"column":13}},"34":{"start":{"line":52,"column":4},"end":{"line":52,"column":23}},"35":{"start":{"line":53,"column":4},"end":{"line":76,"column":5}},"36":{"start":{"line":54,"column":6},"end":{"line":61,"column":8}},"37":{"start":{"line":62,"column":6},"end":{"line":62,"column":41}},"38":{"start":{"line":63,"column":6},"end":{"line":63,"column":31}},"39":{"start":{"line":65,"column":21},"end":{"line":65,"column":40}},"40":{"start":{"line":66,"column":24},"end":{"line":68,"column":19}},"41":{"start":{"line":69,"column":6},"end":{"line":73,"column":8}},"42":{"start":{"line":75,"column":6},"end":{"line":75,"column":26}},"43":{"start":{"line":79,"column":22},"end":{"line":81,"column":3}},"44":{"start":{"line":80,"column":4},"end":{"line":80,"column":29}},"45":{"start":{"line":83,"column":2},"end":{"line":156,"column":4}},"46":{"start":{"line":100,"column":18},"end":{"line":100,"column":38}},"47":{"start":{"line":159,"column":0},"end":{"line":159,"column":32}}},"fnMap":{"0":{"name":"AccumulationForm","decl":{"start":{"line":19,"column":9},"end":{"line":19,"column":25}},"loc":{"start":{"line":19,"column":25},"end":{"line":157,"column":1}}},"1":{"name":"(anonymous_1)","decl":{"start":{"line":25,"column":12},"end":{"line":25,"column":15}},"loc":{"start":{"line":25,"column":17},"end":{"line":40,"column":3}}},"2":{"name":"(anonymous_2)","decl":{"start":{"line":28,"column":12},"end":{"line":28,"column":13}},"loc":{"start":{"line":28,"column":19},"end":{"line":33,"column":7}}},"3":{"name":"(anonymous_3)","decl":{"start":{"line":31,"column":26},"end":{"line":31,"column":27}},"loc":{"start":{"line":31,"column":37},"end":{"line":31,"column":83}}},"4":{"name":"(anonymous_4)","decl":{"start":{"line":34,"column":13},"end":{"line":34,"column":16}},"loc":{"start":{"line":34,"column":18},"end":{"line":38,"column":7}}},"5":{"name":"(anonymous_5)","decl":{"start":{"line":39,"column":11},"end":{"line":39,"column":14}},"loc":{"start":{"line":39,"column":16},"end":{"line":39,"column":38}}},"6":{"name":"(anonymous_6)","decl":{"start":{"line":42,"column":27},"end":{"line":42,"column":32}},"loc":{"start":{"line":42,"column":73},"end":{"line":77,"column":3}}},"7":{"name":"(anonymous_7)","decl":{"start":{"line":79,"column":22},"end":{"line":79,"column":25}},"loc":{"start":{"line":79,"column":27},"end":{"line":81,"column":3}}},"8":{"name":"(anonymous_8)","decl":{"start":{"line":99,"column":38},"end":{"line":99,"column":39}},"loc":{"start":{"line":100,"column":18},"end":{"line":100,"column":38}}}},"branchMap":{"0":{"loc":{"start":{"line":29,"column":8},"end":{"line":32,"column":9}},"type":"if","locations":[{"start":{"line":29,"column":8},"end":{"line":32,"column":9}}]},"1":{"loc":{"start":{"line":29,"column":12},"end":{"line":29,"column":43}},"type":"binary-expr","locations":[{"start":{"line":29,"column":12},"end":{"line":29,"column":22}},{"start":{"line":29,"column":26},"end":{"line":29,"column":43}}]},"2":{"loc":{"start":{"line":31,"column":37},"end":{"line":31,"column":83}},"type":"cond-expr","locations":[{"start":{"line":31,"column":64},"end":{"line":31,"column":68}},{"start":{"line":31,"column":71},"end":{"line":31,"column":83}}]},"3":{"loc":{"start":{"line":35,"column":8},"end":{"line":37,"column":9}},"type":"if","locations":[{"start":{"line":35,"column":8},"end":{"line":37,"column":9}}]},"4":{"loc":{"start":{"line":45,"column":29},"end":{"line":45,"column":76}},"type":"binary-expr","locations":[{"start":{"line":45,"column":29},"end":{"line":45,"column":70}},{"start":{"line":45,"column":74},"end":{"line":45,"column":76}}]},"5":{"loc":{"start":{"line":46,"column":19},"end":{"line":46,"column":57}},"type":"binary-expr","locations":[{"start":{"line":46,"column":19},"end":{"line":46,"column":51}},{"start":{"line":46,"column":55},"end":{"line":46,"column":57}}]},"6":{"loc":{"start":{"line":48,"column":4},"end":{"line":51,"column":5}},"type":"if","locations":[{"start":{"line":48,"column":4},"end":{"line":51,"column":5}}]},"7":{"loc":{"start":{"line":48,"column":8},"end":{"line":48,"column":33}},"type":"binary-expr","locations":[{"start":{"line":48,"column":8},"end":{"line":48,"column":23}},{"start":{"line":48,"column":27},"end":{"line":48,"column":33}}]},"8":{"loc":{"start":{"line":66,"column":24},"end":{"line":68,"column":19}},"type":"cond-expr","locations":[{"start":{"line":67,"column":11},"end":{"line":67,"column":78}},{"start":{"line":68,"column":10},"end":{"line":68,"column":19}}]},"9":{"loc":{"start":{"line":66,"column":24},"end":{"line":66,"column":75}},"type":"binary-expr","locations":[{"start":{"line":66,"column":24},"end":{"line":66,"column":27}},{"start":{"line":66,"column":31},"end":{"line":66,"column":54}},{"start":{"line":66,"column":58},"end":{"line":66,"column":75}}]},"10":{"loc":{"start":{"line":70,"column":8},"end":{"line":72,"column":51}},"type":"cond-expr","locations":[{"start":{"line":71,"column":12},"end":{"line":71,"column":58}},{"start":{"line":72,"column":12},"end":{"line":72,"column":51}}]},"11":{"loc":{"start":{"line":137,"column":13},"end":{"line":146,"column":null}},"type":"cond-expr","locations":[{"start":{"line":138,"column":14},"end":{"line":139,"column":null}},{"start":{"line":143,"column":14},"end":{"line":144,"column":null}}]}},"s":{"0":1,"1":1,"2":1,"3":1,"4":1,"5":1,"6":1,"7":1,"8":1,"9":1,"10":1,"11":15,"12":15,"13":15,"14":15,"15":15,"16":5,"17":5,"18":5,"19":5,"20":5,"21":5,"22":0,"23":0,"24":5,"25":5,"26":15,"27":5,"28":5,"29":5,"30":5,"31":5,"32":0,"33":0,"34":5,"35":5,"36":5,"37":1,"38":1,"39":4,"40":4,"41":4,"42":5,"43":15,"44":0,"45":15,"46":15,"47":1},"f":{"0":15,"1":5,"2":5,"3":5,"4":0,"5":5,"6":5,"7":0,"8":15},"b":{"0":[5],"1":[5,5],"2":[5,0],"3":[0],"4":[5,0],"5":[5,0],"6":[0],"7":[5,5],"8":[4,0],"9":[4,4,4],"10":[4,0],"11":[5,10]}}
,"C:\\Projects\\loyalty-app-ui-vite\\loyalty-app-vite\\src\\components\\RedemptionForm\\RedemptionForm.tsx": {"path":"C:\\Projects\\loyalty-app-ui-vite\\loyalty-app-vite\\src\\components\\RedemptionForm\\RedemptionForm.tsx","statementMap":{"0":{"start":{"line":1,"column":0},"end":{"line":1,"column":41}},"1":{"start":{"line":2,"column":0},"end":{"line":2,"column":65}},"2":{"start":{"line":3,"column":0},"end":{"line":3,"column":52}},"3":{"start":{"line":4,"column":0},"end":{"line":4,"column":31}},"4":{"start":{"line":5,"column":0},"end":{"line":5,"column":82}},"5":{"start":{"line":6,"column":0},"end":{"line":6,"column":60}},"6":{"start":{"line":7,"column":0},"end":{"line":7,"column":48}},"7":{"start":{"line":8,"column":0},"end":{"line":8,"column":46}},"8":{"start":{"line":9,"column":0},"end":{"line":9,"column":46}},"9":{"start":{"line":10,"column":0},"end":{"line":10,"column":63}},"10":{"start":{"line":12,"column":39},"end":{"line":12,"column":40}},"11":{"start":{"line":15,"column":18},"end":{"line":15,"column":47}},"12":{"start":{"line":16,"column":46},"end":{"line":16,"column":58}},"13":{"start":{"line":17,"column":58},"end":{"line":17,"column":98}},"14":{"start":{"line":18,"column":30},"end":{"line":18,"column":42}},"15":{"start":{"line":19,"column":32},"end":{"line":19,"column":44}},"16":{"start":{"line":20,"column":38},"end":{"line":20,"column":53}},"17":{"start":{"line":21,"column":36},"end":{"line":21,"column":51}},"18":{"start":{"line":23,"column":30},"end":{"line":48,"column":3}},"19":{"start":{"line":24,"column":4},"end":{"line":24,"column":23}},"20":{"start":{"line":25,"column":21},"end":{"line":25,"column":50}},"21":{"start":{"line":26,"column":16},"end":{"line":26,"column":73}},"22":{"start":{"line":27,"column":17},"end":{"line":27,"column":56}},"23":{"start":{"line":29,"column":4},"end":{"line":32,"column":5}},"24":{"start":{"line":30,"column":6},"end":{"line":30,"column":57}},"25":{"start":{"line":31,"column":6},"end":{"line":31,"column":13}},"26":{"start":{"line":34,"column":4},"end":{"line":34,"column":27}},"27":{"start":{"line":35,"column":4},"end":{"line":35,"column":19}},"28":{"start":{"line":36,"column":4},"end":{"line":36,"column":60}},"29":{"start":{"line":38,"column":4},"end":{"line":38,"column":23}},"30":{"start":{"line":39,"column":4},"end":{"line":47,"column":5}},"31":{"start":{"line":40,"column":6},"end":{"line":40,"column":99}},"32":{"start":{"line":41,"column":6},"end":{"line":41,"column":26}},"33":{"start":{"line":42,"column":6},"end":{"line":42,"column":53}},"34":{"start":{"line":44,"column":6},"end":{"line":44,"column":43}},"35":{"start":{"line":46,"column":6},"end":{"line":46,"column":26}},"36":{"start":{"line":50,"column":30},"end":{"line":71,"column":3}},"37":{"start":{"line":51,"column":4},"end":{"line":54,"column":5}},"38":{"start":{"line":52,"column":6},"end":{"line":52,"column":60}},"39":{"start":{"line":53,"column":6},"end":{"line":53,"column":13}},"40":{"start":{"line":55,"column":4},"end":{"line":55,"column":23}},"41":{"start":{"line":56,"column":4},"end":{"line":70,"column":5}},"42":{"start":{"line":57,"column":6},"end":{"line":62,"column":9}},"43":{"start":{"line":63,"column":6},"end":{"line":63,"column":40}},"44":{"start":{"line":64,"column":6},"end":{"line":64,"column":21}},"45":{"start":{"line":66,"column":21},"end":{"line":66,"column":40}},"46":{"start":{"line":67,"column":6},"end":{"line":67,"column":112}},"47":{"start":{"line":69,"column":6},"end":{"line":69,"column":26}},"48":{"start":{"line":73,"column":23},"end":{"line":80,"column":3}},"49":{"start":{"line":74,"column":4},"end":{"line":74,"column":26}},"50":{"start":{"line":75,"column":4},"end":{"line":75,"column":60}},"51":{"start":{"line":76,"column":4},"end":{"line":76,"column":18}},"52":{"start":{"line":77,"column":4},"end":{"line":77,"column":19}},"53":{"start":{"line":78,"column":4},"end":{"line":78,"column":25}},"54":{"start":{"line":79,"column":4},"end":{"line":79,"column":29}},"55":{"start":{"line":82,"column":2},"end":{"line":190,"column":4}},"56":{"start":{"line":155,"column":31},"end":{"line":155,"column":57}},"57":{"start":{"line":14,"column":0},"end":{"line":14,"column":24}}},"fnMap":{"0":{"name":"RedemptionForm","decl":{"start":{"line":14,"column":24},"end":{"line":14,"column":38}},"loc":{"start":{"line":14,"column":38},"end":{"line":191,"column":1}}},"1":{"name":"(anonymous_1)","decl":{"start":{"line":23,"column":30},"end":{"line":23,"column":35}},"loc":{"start":{"line":23,"column":76},"end":{"line":48,"column":3}}},"2":{"name":"(anonymous_2)","decl":{"start":{"line":50,"column":30},"end":{"line":50,"column":35}},"loc":{"start":{"line":50,"column":41},"end":{"line":71,"column":3}}},"3":{"name":"(anonymous_3)","decl":{"start":{"line":73,"column":23},"end":{"line":73,"column":26}},"loc":{"start":{"line":73,"column":28},"end":{"line":80,"column":3}}},"4":{"name":"(anonymous_4)","decl":{"start":{"line":155,"column":24},"end":{"line":155,"column":25}},"loc":{"start":{"line":155,"column":31},"end":{"line":155,"column":57}}}},"branchMap":{"0":{"loc":{"start":{"line":26,"column":18},"end":{"line":26,"column":65}},"type":"binary-expr","locations":[{"start":{"line":26,"column":18},"end":{"line":26,"column":59}},{"start":{"line":26,"column":63},"end":{"line":26,"column":65}}]},"1":{"loc":{"start":{"line":27,"column":17},"end":{"line":27,"column":56}},"type":"binary-expr","locations":[{"start":{"line":27,"column":17},"end":{"line":27,"column":50}},{"start":{"line":27,"column":54},"end":{"line":27,"column":56}}]},"2":{"loc":{"start":{"line":29,"column":4},"end":{"line":32,"column":5}},"type":"if","locations":[{"start":{"line":29,"column":4},"end":{"line":32,"column":5}}]},"3":{"loc":{"start":{"line":29,"column":8},"end":{"line":29,"column":20}},"type":"binary-expr","locations":[{"start":{"line":29,"column":8},"end":{"line":29,"column":12}},{"start":{"line":29,"column":16},"end":{"line":29,"column":20}}]},"4":{"loc":{"start":{"line":51,"column":4},"end":{"line":54,"column":5}},"type":"if","locations":[{"start":{"line":51,"column":4},"end":{"line":54,"column":5}}]},"5":{"loc":{"start":{"line":51,"column":8},"end":{"line":51,"column":38}},"type":"binary-expr","locations":[{"start":{"line":51,"column":8},"end":{"line":51,"column":16}},{"start":{"line":51,"column":20},"end":{"line":51,"column":38}}]},"6":{"loc":{"start":{"line":67,"column":18},"end":{"line":67,"column":110}},"type":"cond-expr","locations":[{"start":{"line":67,"column":35},"end":{"line":67,"column":68}},{"start":{"line":67,"column":71},"end":{"line":67,"column":110}}]},"7":{"loc":{"start":{"line":89,"column":7},"end":{"line":187,"column":null}},"type":"cond-expr","locations":[{"start":{"line":90,"column":8},"end":{"line":134,"column":null}},{"start":{"line":137,"column":8},"end":{"line":186,"column":null}}]},"8":{"loc":{"start":{"line":118,"column":15},"end":{"line":127,"column":null}},"type":"cond-expr","locations":[{"start":{"line":119,"column":16},"end":{"line":120,"column":null}},{"start":{"line":124,"column":16},"end":{"line":125,"column":null}}]},"9":{"loc":{"start":{"line":170,"column":15},"end":{"line":179,"column":null}},"type":"cond-expr","locations":[{"start":{"line":171,"column":16},"end":{"line":172,"column":null}},{"start":{"line":176,"column":16},"end":{"line":177,"column":null}}]}},"s":{"0":1,"1":1,"2":1,"3":1,"4":1,"5":1,"6":1,"7":1,"8":1,"9":1,"10":1,"11":5,"12":5,"13":5,"14":5,"15":5,"16":5,"17":5,"18":5,"19":0,"20":0,"21":0,"22":0,"23":0,"24":0,"25":0,"26":0,"27":0,"28":0,"29":0,"30":0,"31":0,"32":0,"33":0,"34":0,"35":0,"36":5,"37":0,"38":0,"39":0,"40":0,"41":0,"42":0,"43":0,"44":0,"45":0,"46":0,"47":0,"48":5,"49":0,"50":0,"51":0,"52":0,"53":0,"54":0,"55":5,"56":0,"57":1},"f":{"0":5,"1":0,"2":0,"3":0,"4":0},"b":{"0":[0,0],"1":[0,0],"2":[0],"3":[0,0],"4":[0],"5":[0,0],"6":[0,0],"7":[5,0],"8":[0,5],"9":[0,0]}}
,"C:\\Projects\\loyalty-app-ui-vite\\loyalty-app-vite\\src\\components\\TopBar\\TopBar.tsx": {"path":"C:\\Projects\\loyalty-app-ui-vite\\loyalty-app-vite\\src\\components\\TopBar\\TopBar.tsx","statementMap":{"0":{"start":{"line":11,"column":30},"end":{"line":11,"column":39}},"1":{"start":{"line":12,"column":19},"end":{"line":12,"column":32}},"2":{"start":{"line":13,"column":15},"end":{"line":13,"column":25}},"3":{"start":{"line":14,"column":17},"end":{"line":14,"column":38}},"4":{"start":{"line":15,"column":21},"end":{"line":15,"column":33}},"5":{"start":{"line":17,"column":23},"end":{"line":22,"column":3}},"6":{"start":{"line":18,"column":4},"end":{"line":18,"column":21}},"7":{"start":{"line":19,"column":4},"end":{"line":19,"column":33}},"8":{"start":{"line":20,"column":4},"end":{"line":20,"column":40}},"9":{"start":{"line":21,"column":4},"end":{"line":21,"column":23}},"10":{"start":{"line":24,"column":2},"end":{"line":71,"column":4}}},"fnMap":{"0":{"name":"TopBar","decl":{"start":{"line":10,"column":24},"end":{"line":10,"column":30}},"loc":{"start":{"line":10,"column":30},"end":{"line":72,"column":1}}},"1":{"name":"(anonymous_1)","decl":{"start":{"line":17,"column":23},"end":{"line":17,"column":26}},"loc":{"start":{"line":17,"column":28},"end":{"line":22,"column":3}}}},"branchMap":{"0":{"loc":{"start":{"line":33,"column":13},"end":{"line":34,"column":null}},"type":"binary-expr","locations":[{"start":{"line":33,"column":13},"end":{"line":33,"column":23}},{"start":{"line":34,"column":14},"end":{"line":34,"column":93}}]},"1":{"loc":{"start":{"line":40,"column":11},"end":{"line":46,"column":null}},"type":"binary-expr","locations":[{"start":{"line":40,"column":11},"end":{"line":40,"column":52}},{"start":{"line":41,"column":12},"end":{"line":45,"column":null}}]},"2":{"loc":{"start":{"line":49,"column":71},"end":{"line":49,"column":110}},"type":"binary-expr","locations":[{"start":{"line":49,"column":71},"end":{"line":49,"column":86}},{"start":{"line":49,"column":90},"end":{"line":49,"column":110}}]},"3":{"loc":{"start":{"line":51,"column":11},"end":{"line":57,"column":null}},"type":"binary-expr","locations":[{"start":{"line":51,"column":11},"end":{"line":51,"column":29}},{"start":{"line":52,"column":12},"end":{"line":56,"column":null}}]}},"s":{"0":0,"1":0,"2":0,"3":0,"4":0,"5":0,"6":0,"7":0,"8":0,"9":0,"10":0},"f":{"0":0,"1":0},"b":{"0":[0,0],"1":[0,0],"2":[0,0],"3":[0,0]}}
,"C:\\Projects\\loyalty-app-ui-vite\\loyalty-app-vite\\src\\components\\TransactionHistoryForm\\TransactionHistoryForm.tsx": {"path":"C:\\Projects\\loyalty-app-ui-vite\\loyalty-app-vite\\src\\components\\TransactionHistoryForm\\TransactionHistoryForm.tsx","statementMap":{"0":{"start":{"line":1,"column":0},"end":{"line":1,"column":50}},"1":{"start":{"line":2,"column":0},"end":{"line":2,"column":64}},"2":{"start":{"line":3,"column":0},"end":{"line":3,"column":68}},"3":{"start":{"line":4,"column":0},"end":{"line":4,"column":31}},"4":{"start":{"line":6,"column":0},"end":{"line":6,"column":60}},"5":{"start":{"line":7,"column":0},"end":{"line":7,"column":97}},"6":{"start":{"line":8,"column":0},"end":{"line":8,"column":48}},"7":{"start":{"line":9,"column":0},"end":{"line":9,"column":46}},"8":{"start":{"line":10,"column":0},"end":{"line":10,"column":46}},"9":{"start":{"line":11,"column":0},"end":{"line":11,"column":58}},"10":{"start":{"line":13,"column":26},"end":{"line":13,"column":28}},"11":{"start":{"line":16,"column":18},"end":{"line":16,"column":47}},"12":{"start":{"line":17,"column":28},"end":{"line":17,"column":39}},"13":{"start":{"line":18,"column":28},"end":{"line":18,"column":55}},"14":{"start":{"line":19,"column":40},"end":{"line":19,"column":51}},"15":{"start":{"line":20,"column":42},"end":{"line":20,"column":53}},"16":{"start":{"line":21,"column":34},"end":{"line":21,"column":61}},"17":{"start":{"line":22,"column":50},"end":{"line":26,"column":17}},"18":{"start":{"line":27,"column":36},"end":{"line":27,"column":51}},"19":{"start":{"line":28,"column":48},"end":{"line":28,"column":63}},"20":{"start":{"line":29,"column":40},"end":{"line":29,"column":55}},"21":{"start":{"line":31,"column":29},"end":{"line":31,"column":69}},"22":{"start":{"line":32,"column":30},"end":{"line":32,"column":113}},"23":{"start":{"line":33,"column":23},"end":{"line":37,"column":71}},"24":{"start":{"line":34,"column":4},"end":{"line":34,"column":77}},"25":{"start":{"line":34,"column":67},"end":{"line":34,"column":77}},"26":{"start":{"line":35,"column":26},"end":{"line":35,"column":104}},"27":{"start":{"line":36,"column":4},"end":{"line":36,"column":64}},"28":{"start":{"line":39,"column":23},"end":{"line":80,"column":3}},"29":{"start":{"line":40,"column":4},"end":{"line":40,"column":23}},"30":{"start":{"line":41,"column":21},"end":{"line":41,"column":50}},"31":{"start":{"line":42,"column":28},"end":{"line":42,"column":75}},"32":{"start":{"line":43,"column":23},"end":{"line":43,"column":65}},"33":{"start":{"line":44,"column":21},"end":{"line":44,"column":61}},"34":{"start":{"line":46,"column":4},"end":{"line":49,"column":5}},"35":{"start":{"line":47,"column":6},"end":{"line":47,"column":62}},"36":{"start":{"line":48,"column":6},"end":{"line":48,"column":13}},"37":{"start":{"line":51,"column":4},"end":{"line":51,"column":23}},"38":{"start":{"line":52,"column":4},"end":{"line":52,"column":25}},"39":{"start":{"line":54,"column":4},"end":{"line":79,"column":5}},"40":{"start":{"line":55,"column":18},"end":{"line":55,"column":103}},"41":{"start":{"line":56,"column":6},"end":{"line":56,"column":26}},"42":{"start":{"line":57,"column":6},"end":{"line":57,"column":25}},"43":{"start":{"line":58,"column":6},"end":{"line":58,"column":24}},"44":{"start":{"line":59,"column":6},"end":{"line":59,"column":25}},"45":{"start":{"line":60,"column":6},"end":{"line":60,"column":37}},"46":{"start":{"line":61,"column":6},"end":{"line":61,"column":76}},"47":{"start":{"line":62,"column":6},"end":{"line":64,"column":7}},"48":{"start":{"line":63,"column":8},"end":{"line":63,"column":54}},"49":{"start":{"line":66,"column":21},"end":{"line":66,"column":40}},"50":{"start":{"line":68,"column":6},"end":{"line":72,"column":7}},"51":{"start":{"line":69,"column":8},"end":{"line":69,"column":45}},"52":{"start":{"line":71,"column":8},"end":{"line":71,"column":56}},"53":{"start":{"line":73,"column":6},"end":{"line":73,"column":18}},"54":{"start":{"line":74,"column":6},"end":{"line":74,"column":19}},"55":{"start":{"line":75,"column":6},"end":{"line":75,"column":24}},"56":{"start":{"line":76,"column":6},"end":{"line":76,"column":32}},"57":{"start":{"line":78,"column":6},"end":{"line":78,"column":26}},"58":{"start":{"line":82,"column":27},"end":{"line":105,"column":3}},"59":{"start":{"line":83,"column":4},"end":{"line":83,"column":34}},"60":{"start":{"line":83,"column":27},"end":{"line":83,"column":34}},"61":{"start":{"line":84,"column":21},"end":{"line":84,"column":91}},"62":{"start":{"line":85,"column":4},"end":{"line":104,"column":5}},"63":{"start":{"line":86,"column":6},"end":{"line":86,"column":31}},"64":{"start":{"line":87,"column":6},"end":{"line":101,"column":50}},"65":{"start":{"line":96,"column":10},"end":{"line":96,"column":29}},"66":{"start":{"line":97,"column":10},"end":{"line":97,"column":35}},"67":{"start":{"line":98,"column":10},"end":{"line":98,"column":43}},"68":{"start":{"line":100,"column":21},"end":{"line":100,"column":61}},"69":{"start":{"line":101,"column":23},"end":{"line":101,"column":48}},"70":{"start":{"line":103,"column":6},"end":{"line":103,"column":39}},"71":{"start":{"line":107,"column":31},"end":{"line":128,"column":3}},"72":{"start":{"line":108,"column":4},"end":{"line":108,"column":34}},"73":{"start":{"line":108,"column":27},"end":{"line":108,"column":34}},"74":{"start":{"line":109,"column":4},"end":{"line":109,"column":29}},"75":{"start":{"line":110,"column":4},"end":{"line":110,"column":23}},"76":{"start":{"line":111,"column":4},"end":{"line":127,"column":5}},"77":{"start":{"line":112,"column":6},"end":{"line":112,"column":31}},"78":{"start":{"line":113,"column":6},"end":{"line":126,"column":50}},"79":{"start":{"line":122,"column":10},"end":{"line":122,"column":29}},"80":{"start":{"line":123,"column":10},"end":{"line":123,"column":28}},"81":{"start":{"line":125,"column":21},"end":{"line":125,"column":51}},"82":{"start":{"line":126,"column":23},"end":{"line":126,"column":48}},"83":{"start":{"line":130,"column":22},"end":{"line":138,"column":3}},"84":{"start":{"line":131,"column":4},"end":{"line":131,"column":29}},"85":{"start":{"line":132,"column":4},"end":{"line":132,"column":16}},"86":{"start":{"line":133,"column":4},"end":{"line":133,"column":17}},"87":{"start":{"line":134,"column":4},"end":{"line":134,"column":22}},"88":{"start":{"line":135,"column":4},"end":{"line":135,"column":23}},"89":{"start":{"line":136,"column":4},"end":{"line":136,"column":30}},"90":{"start":{"line":137,"column":4},"end":{"line":137,"column":26}},"91":{"start":{"line":140,"column":2},"end":{"line":215,"column":4}},"92":{"start":{"line":15,"column":0},"end":{"line":15,"column":24}}},"fnMap":{"0":{"name":"TransactionHistoryForm","decl":{"start":{"line":15,"column":24},"end":{"line":15,"column":46}},"loc":{"start":{"line":15,"column":46},"end":{"line":216,"column":1}}},"1":{"name":"(anonymous_2)","decl":{"start":{"line":33,"column":31},"end":{"line":33,"column":34}},"loc":{"start":{"line":33,"column":36},"end":{"line":37,"column":3}}},"2":{"name":"(anonymous_3)","decl":{"start":{"line":39,"column":23},"end":{"line":39,"column":28}},"loc":{"start":{"line":39,"column":69},"end":{"line":80,"column":3}}},"3":{"name":"(anonymous_4)","decl":{"start":{"line":82,"column":27},"end":{"line":82,"column":28}},"loc":{"start":{"line":82,"column":55},"end":{"line":105,"column":3}}},"4":{"name":"(anonymous_5)","decl":{"start":{"line":95,"column":14},"end":{"line":95,"column":15}},"loc":{"start":{"line":95,"column":22},"end":{"line":99,"column":9}}},"5":{"name":"(anonymous_6)","decl":{"start":{"line":100,"column":15},"end":{"line":100,"column":18}},"loc":{"start":{"line":100,"column":21},"end":{"line":100,"column":61}}},"6":{"name":"(anonymous_7)","decl":{"start":{"line":101,"column":17},"end":{"line":101,"column":20}},"loc":{"start":{"line":101,"column":23},"end":{"line":101,"column":48}}},"7":{"name":"(anonymous_8)","decl":{"start":{"line":107,"column":31},"end":{"line":107,"column":32}},"loc":{"start":{"line":107,"column":55},"end":{"line":128,"column":3}}},"8":{"name":"(anonymous_9)","decl":{"start":{"line":121,"column":14},"end":{"line":121,"column":15}},"loc":{"start":{"line":121,"column":22},"end":{"line":124,"column":9}}},"9":{"name":"(anonymous_10)","decl":{"start":{"line":125,"column":15},"end":{"line":125,"column":18}},"loc":{"start":{"line":125,"column":21},"end":{"line":125,"column":51}}},"10":{"name":"(anonymous_11)","decl":{"start":{"line":126,"column":17},"end":{"line":126,"column":20}},"loc":{"start":{"line":126,"column":23},"end":{"line":126,"column":48}}},"11":{"name":"(anonymous_12)","decl":{"start":{"line":130,"column":22},"end":{"line":130,"column":25}},"loc":{"start":{"line":130,"column":27},"end":{"line":138,"column":3}}}},"branchMap":{"0":{"loc":{"start":{"line":32,"column":30},"end":{"line":32,"column":113}},"type":"cond-expr","locations":[{"start":{"line":32,"column":42},"end":{"line":32,"column":109}},{"start":{"line":32,"column":112},"end":{"line":32,"column":113}}]},"1":{"loc":{"start":{"line":34,"column":4},"end":{"line":34,"column":77}},"type":"if","locations":[{"start":{"line":34,"column":4},"end":{"line":34,"column":77}}]},"2":{"loc":{"start":{"line":34,"column":8},"end":{"line":34,"column":65}},"type":"binary-expr","locations":[{"start":{"line":34,"column":8},"end":{"line":34,"column":26}},{"start":{"line":34,"column":30},"end":{"line":34,"column":65}}]},"3":{"loc":{"start":{"line":42,"column":28},"end":{"line":42,"column":75}},"type":"binary-expr","locations":[{"start":{"line":42,"column":28},"end":{"line":42,"column":69}},{"start":{"line":42,"column":73},"end":{"line":42,"column":75}}]},"4":{"loc":{"start":{"line":43,"column":23},"end":{"line":43,"column":65}},"type":"binary-expr","locations":[{"start":{"line":43,"column":23},"end":{"line":43,"column":59}},{"start":{"line":43,"column":63},"end":{"line":43,"column":65}}]},"5":{"loc":{"start":{"line":44,"column":21},"end":{"line":44,"column":61}},"type":"binary-expr","locations":[{"start":{"line":44,"column":21},"end":{"line":44,"column":55}},{"start":{"line":44,"column":59},"end":{"line":44,"column":61}}]},"6":{"loc":{"start":{"line":46,"column":4},"end":{"line":49,"column":5}},"type":"if","locations":[{"start":{"line":46,"column":4},"end":{"line":49,"column":5}}]},"7":{"loc":{"start":{"line":62,"column":6},"end":{"line":64,"column":7}},"type":"if","locations":[{"start":{"line":62,"column":6},"end":{"line":64,"column":7}}]},"8":{"loc":{"start":{"line":68,"column":6},"end":{"line":72,"column":7}},"type":"if","locations":[{"start":{"line":68,"column":6},"end":{"line":72,"column":7}},{"start":{"line":70,"column":13},"end":{"line":72,"column":7}}]},"9":{"loc":{"start":{"line":83,"column":4},"end":{"line":83,"column":34}},"type":"if","locations":[{"start":{"line":83,"column":4},"end":{"line":83,"column":34}}]},"10":{"loc":{"start":{"line":85,"column":4},"end":{"line":104,"column":5}},"type":"if","locations":[{"start":{"line":85,"column":4},"end":{"line":104,"column":5}},{"start":{"line":102,"column":11},"end":{"line":104,"column":5}}]},"11":{"loc":{"start":{"line":108,"column":4},"end":{"line":108,"column":34}},"type":"if","locations":[{"start":{"line":108,"column":4},"end":{"line":108,"column":34}}]},"12":{"loc":{"start":{"line":111,"column":4},"end":{"line":127,"column":5}},"type":"if","locations":[{"start":{"line":111,"column":4},"end":{"line":127,"column":5}}]},"13":{"loc":{"start":{"line":182,"column":13},"end":{"line":191,"column":null}},"type":"cond-expr","locations":[{"start":{"line":183,"column":14},"end":{"line":184,"column":null}},{"start":{"line":188,"column":14},"end":{"line":189,"column":null}}]},"14":{"loc":{"start":{"line":201,"column":7},"end":{"line":212,"column":null}},"type":"binary-expr","locations":[{"start":{"line":201,"column":7},"end":{"line":201,"column":18}},{"start":{"line":202,"column":8},"end":{"line":211,"column":null}}]}},"s":{"0":1,"1":1,"2":1,"3":1,"4":1,"5":1,"6":1,"7":1,"8":1,"9":1,"10":1,"11":9,"12":9,"13":9,"14":9,"15":9,"16":9,"17":9,"18":9,"19":9,"20":9,"21":9,"22":9,"23":9,"24":6,"25":5,"26":1,"27":1,"28":9,"29":3,"30":3,"31":3,"32":3,"33":3,"34":3,"35":0,"36":0,"37":3,"38":3,"39":3,"40":3,"41":1,"42":1,"43":1,"44":1,"45":1,"46":1,"47":1,"48":0,"49":2,"50":2,"51":0,"52":2,"53":2,"54":2,"55":2,"56":2,"57":3,"58":9,"59":0,"60":0,"61":0,"62":0,"63":0,"64":0,"65":0,"66":0,"67":0,"68":0,"69":0,"70":0,"71":9,"72":0,"73":0,"74":0,"75":0,"76":0,"77":0,"78":0,"79":0,"80":0,"81":0,"82":0,"83":9,"84":0,"85":0,"86":0,"87":0,"88":0,"89":0,"90":0,"91":9,"92":1},"f":{"0":9,"1":6,"2":3,"3":0,"4":0,"5":0,"6":0,"7":0,"8":0,"9":0,"10":0,"11":0},"b":{"0":[1,8],"1":[5],"2":[6,1],"3":[3,0],"4":[3,0],"5":[3,0],"6":[0],"7":[0],"8":[0,2],"9":[0],"10":[0,0],"11":[0],"12":[0],"13":[3,6],"14":[9,6]}}
,"C:\\Projects\\loyalty-app-ui-vite\\loyalty-app-vite\\src\\components\\TransactionsTable\\TransactionTable.tsx": {"path":"C:\\Projects\\loyalty-app-ui-vite\\loyalty-app-vite\\src\\components\\TransactionsTable\\TransactionTable.tsx","statementMap":{"0":{"start":{"line":1,"column":0},"end":{"line":1,"column":40}},"1":{"start":{"line":3,"column":0},"end":{"line":3,"column":null}},"2":{"start":{"line":11,"column":0},"end":{"line":11,"column":67}},"3":{"start":{"line":12,"column":0},"end":{"line":12,"column":47}},"4":{"start":{"line":13,"column":0},"end":{"line":13,"column":46}},"5":{"start":{"line":28,"column":2},"end":{"line":28,"column":36}},"6":{"start":{"line":28,"column":24},"end":{"line":28,"column":36}},"7":{"start":{"line":29,"column":2},"end":{"line":29,"column":81}},"8":{"start":{"line":29,"column":33},"end":{"line":29,"column":81}},"9":{"start":{"line":30,"column":2},"end":{"line":30,"column":89}},"10":{"start":{"line":30,"column":31},"end":{"line":30,"column":89}},"11":{"start":{"line":31,"column":2},"end":{"line":31,"column":14}},"12":{"start":{"line":35,"column":2},"end":{"line":35,"column":60}},"13":{"start":{"line":39,"column":15},"end":{"line":39,"column":35}},"14":{"start":{"line":40,"column":2},"end":{"line":44,"column":5}},"15":{"start":{"line":48,"column":30},"end":{"line":48,"column":64}},"16":{"start":{"line":50,"column":19},"end":{"line":50,"column":71}},"17":{"start":{"line":50,"column":46},"end":{"line":50,"column":70}},"18":{"start":{"line":52,"column":2},"end":{"line":59,"column":3}},"19":{"start":{"line":53,"column":4},"end":{"line":58,"column":6}},"20":{"start":{"line":61,"column":2},"end":{"line":126,"column":4}},"21":{"start":{"line":63,"column":49},"end":{"line":63,"column":82}},"22":{"start":{"line":89,"column":16},"end":{"line":89,"column":38}},"23":{"start":{"line":47,"column":0},"end":{"line":47,"column":24}}},"fnMap":{"0":{"name":"matchesFilter","decl":{"start":{"line":27,"column":9},"end":{"line":27,"column":22}},"loc":{"start":{"line":27,"column":64},"end":{"line":32,"column":1}}},"1":{"name":"isRedemptionOrExpiration","decl":{"start":{"line":34,"column":9},"end":{"line":34,"column":33}},"loc":{"start":{"line":34,"column":48},"end":{"line":36,"column":1}}},"2":{"name":"formatDate","decl":{"start":{"line":38,"column":9},"end":{"line":38,"column":19}},"loc":{"start":{"line":38,"column":38},"end":{"line":45,"column":1}}},"3":{"name":"TransactionTable","decl":{"start":{"line":47,"column":24},"end":{"line":47,"column":40}},"loc":{"start":{"line":47,"column":64},"end":{"line":127,"column":1}}},"4":{"name":"(anonymous_4)","decl":{"start":{"line":50,"column":39},"end":{"line":50,"column":40}},"loc":{"start":{"line":50,"column":46},"end":{"line":50,"column":70}}},"5":{"name":"(anonymous_5)","decl":{"start":{"line":63,"column":42},"end":{"line":63,"column":43}},"loc":{"start":{"line":63,"column":49},"end":{"line":63,"column":82}}},"6":{"name":"(anonymous_6)","decl":{"start":{"line":88,"column":27},"end":{"line":88,"column":28}},"loc":{"start":{"line":89,"column":16},"end":{"line":89,"column":38}}}},"branchMap":{"0":{"loc":{"start":{"line":28,"column":2},"end":{"line":28,"column":36}},"type":"if","locations":[{"start":{"line":28,"column":2},"end":{"line":28,"column":36}}]},"1":{"loc":{"start":{"line":29,"column":2},"end":{"line":29,"column":81}},"type":"if","locations":[{"start":{"line":29,"column":2},"end":{"line":29,"column":81}}]},"2":{"loc":{"start":{"line":29,"column":40},"end":{"line":29,"column":80}},"type":"binary-expr","locations":[{"start":{"line":29,"column":40},"end":{"line":29,"column":57}},{"start":{"line":29,"column":61},"end":{"line":29,"column":80}}]},"3":{"loc":{"start":{"line":30,"column":2},"end":{"line":30,"column":89}},"type":"if","locations":[{"start":{"line":30,"column":2},"end":{"line":30,"column":89}}]},"4":{"loc":{"start":{"line":30,"column":38},"end":{"line":30,"column":88}},"type":"binary-expr","locations":[{"start":{"line":30,"column":38},"end":{"line":30,"column":61}},{"start":{"line":30,"column":65},"end":{"line":30,"column":88}}]},"5":{"loc":{"start":{"line":35,"column":9},"end":{"line":35,"column":59}},"type":"binary-expr","locations":[{"start":{"line":35,"column":9},"end":{"line":35,"column":32}},{"start":{"line":35,"column":36},"end":{"line":35,"column":59}}]},"6":{"loc":{"start":{"line":52,"column":2},"end":{"line":59,"column":3}},"type":"if","locations":[{"start":{"line":52,"column":2},"end":{"line":59,"column":3}}]},"7":{"loc":{"start":{"line":52,"column":6},"end":{"line":52,"column":48}},"type":"binary-expr","locations":[{"start":{"line":52,"column":6},"end":{"line":52,"column":19}},{"start":{"line":52,"column":23},"end":{"line":52,"column":48}}]},"8":{"loc":{"start":{"line":81,"column":13},"end":{"line":120,"column":null}},"type":"cond-expr","locations":[{"start":{"line":82,"column":14},"end":{"line":85,"column":null}},{"start":{"line":88,"column":14},"end":{"line":120,"column":16}}]},"9":{"loc":{"start":{"line":93,"column":23},"end":{"line":101,"column":null}},"type":"binary-expr","locations":[{"start":{"line":93,"column":23},"end":{"line":93,"column":47}},{"start":{"line":94,"column":24},"end":{"line":99,"column":null}}]},"10":{"loc":{"start":{"line":109,"column":24},"end":{"line":113,"column":47}},"type":"cond-expr","locations":[{"start":{"line":110,"column":28},"end":{"line":110,"column":56}},{"start":{"line":111,"column":28},"end":{"line":113,"column":47}}]},"11":{"loc":{"start":{"line":111,"column":28},"end":{"line":113,"column":47}},"type":"cond-expr","locations":[{"start":{"line":112,"column":30},"end":{"line":112,"column":47}},{"start":{"line":113,"column":30},"end":{"line":113,"column":47}}]},"12":{"loc":{"start":{"line":116,"column":23},"end":{"line":116,"column":63}},"type":"cond-expr","locations":[{"start":{"line":116,"column":54},"end":{"line":116,"column":57}},{"start":{"line":116,"column":60},"end":{"line":116,"column":63}}]}},"s":{"0":1,"1":1,"2":1,"3":1,"4":1,"5":1,"6":1,"7":0,"8":0,"9":0,"10":0,"11":0,"12":2,"13":1,"14":1,"15":6,"16":6,"17":1,"18":6,"19":5,"20":1,"21":0,"22":1,"23":1},"f":{"0":1,"1":2,"2":1,"3":6,"4":1,"5":0,"6":1},"b":{"0":[1],"1":[0],"2":[0,0],"3":[0],"4":[0,0],"5":[2,2],"6":[5],"7":[6,6],"8":[0,1],"9":[1,0],"10":[0,1],"11":[0,1],"12":[0,1]}}
,"C:\\Projects\\loyalty-app-ui-vite\\loyalty-app-vite\\src\\components\\TransactionsTable\\TransactionTableWithPagination.tsx": {"path":"C:\\Projects\\loyalty-app-ui-vite\\loyalty-app-vite\\src\\components\\TransactionsTable\\TransactionTableWithPagination.tsx","statementMap":{"0":{"start":{"line":3,"column":0},"end":{"line":3,"column":50}},"1":{"start":{"line":4,"column":0},"end":{"line":4,"column":48}},"2":{"start":{"line":5,"column":0},"end":{"line":5,"column":57}},"3":{"start":{"line":6,"column":0},"end":{"line":6,"column":33}},"4":{"start":{"line":8,"column":26},"end":{"line":8,"column":47}},"5":{"start":{"line":31,"column":21},"end":{"line":31,"column":58}},"6":{"start":{"line":32,"column":21},"end":{"line":32,"column":61}},"7":{"start":{"line":33,"column":19},"end":{"line":33,"column":66}},"8":{"start":{"line":35,"column":2},"end":{"line":37,"column":3}},"9":{"start":{"line":36,"column":4},"end":{"line":36,"column":50}},"10":{"start":{"line":39,"column":2},"end":{"line":100,"column":4}},"11":{"start":{"line":51,"column":29},"end":{"line":51,"column":107}},"12":{"start":{"line":61,"column":14},"end":{"line":61,"column":33}},"13":{"start":{"line":80,"column":29},"end":{"line":80,"column":51}},"14":{"start":{"line":90,"column":29},"end":{"line":90,"column":51}},"15":{"start":{"line":22,"column":0},"end":{"line":22,"column":24}}},"fnMap":{"0":{"name":"TransactionTableWithPagination","decl":{"start":{"line":22,"column":24},"end":{"line":22,"column":54}},"loc":{"start":{"line":30,"column":8},"end":{"line":101,"column":1}}},"1":{"name":"(anonymous_2)","decl":{"start":{"line":51,"column":22},"end":{"line":51,"column":23}},"loc":{"start":{"line":51,"column":29},"end":{"line":51,"column":107}}},"2":{"name":"(anonymous_3)","decl":{"start":{"line":60,"column":35},"end":{"line":60,"column":36}},"loc":{"start":{"line":61,"column":14},"end":{"line":61,"column":33}}},"3":{"name":"(anonymous_4)","decl":{"start":{"line":80,"column":23},"end":{"line":80,"column":26}},"loc":{"start":{"line":80,"column":29},"end":{"line":80,"column":51}}},"4":{"name":"(anonymous_5)","decl":{"start":{"line":90,"column":23},"end":{"line":90,"column":26}},"loc":{"start":{"line":90,"column":29},"end":{"line":90,"column":51}}}},"branchMap":{"0":{"loc":{"start":{"line":29,"column":2},"end":{"line":29,"column":19}},"type":"default-arg","locations":[{"start":{"line":29,"column":14},"end":{"line":29,"column":19}}]},"1":{"loc":{"start":{"line":32,"column":21},"end":{"line":32,"column":61}},"type":"cond-expr","locations":[{"start":{"line":32,"column":35},"end":{"line":32,"column":36}},{"start":{"line":32,"column":39},"end":{"line":32,"column":61}}]},"2":{"loc":{"start":{"line":33,"column":19},"end":{"line":33,"column":66}},"type":"cond-expr","locations":[{"start":{"line":33,"column":33},"end":{"line":33,"column":34}},{"start":{"line":33,"column":37},"end":{"line":33,"column":66}}]},"3":{"loc":{"start":{"line":35,"column":2},"end":{"line":37,"column":3}},"type":"if","locations":[{"start":{"line":35,"column":2},"end":{"line":37,"column":3}}]},"4":{"loc":{"start":{"line":35,"column":6},"end":{"line":35,"column":32}},"type":"binary-expr","locations":[{"start":{"line":35,"column":6},"end":{"line":35,"column":11}},{"start":{"line":35,"column":15},"end":{"line":35,"column":32}}]},"5":{"loc":{"start":{"line":81,"column":24},"end":{"line":81,"column":46}},"type":"binary-expr","locations":[{"start":{"line":81,"column":24},"end":{"line":81,"column":33}},{"start":{"line":81,"column":37},"end":{"line":81,"column":46}}]},"6":{"loc":{"start":{"line":91,"column":24},"end":{"line":91,"column":55}},"type":"binary-expr","locations":[{"start":{"line":91,"column":24},"end":{"line":91,"column":42}},{"start":{"line":91,"column":46},"end":{"line":91,"column":55}}]}},"s":{"0":1,"1":1,"2":1,"3":1,"4":1,"5":6,"6":6,"7":6,"8":6,"9":5,"10":1,"11":0,"12":3,"13":0,"14":0,"15":1},"f":{"0":6,"1":0,"2":3,"3":0,"4":0},"b":{"0":[0],"1":[5,1],"2":[5,1],"3":[5],"4":[6,6],"5":[1,0],"6":[1,0]}}
,"C:\\Projects\\loyalty-app-ui-vite\\loyalty-app-vite\\src\\components\\program\\ProgramConfigForm.tsx": {"path":"C:\\Projects\\loyalty-app-ui-vite\\loyalty-app-vite\\src\\components\\program\\ProgramConfigForm.tsx","statementMap":{"0":{"start":{"line":17,"column":32},"end":{"line":17,"column":47}},"1":{"start":{"line":18,"column":30},"end":{"line":18,"column":45}},"2":{"start":{"line":19,"column":26},"end":{"line":19,"column":52}},"3":{"start":{"line":20,"column":44},"end":{"line":20,"column":56}},"4":{"start":{"line":21,"column":46},"end":{"line":21,"column":58}},"5":{"start":{"line":23,"column":2},"end":{"line":25,"column":16}},"6":{"start":{"line":24,"column":4},"end":{"line":24,"column":21}},"7":{"start":{"line":27,"column":21},"end":{"line":46,"column":3}},"8":{"start":{"line":28,"column":4},"end":{"line":31,"column":5}},"9":{"start":{"line":29,"column":6},"end":{"line":29,"column":46}},"10":{"start":{"line":30,"column":6},"end":{"line":30,"column":13}},"11":{"start":{"line":32,"column":4},"end":{"line":35,"column":5}},"12":{"start":{"line":33,"column":6},"end":{"line":33,"column":69}},"13":{"start":{"line":34,"column":6},"end":{"line":34,"column":13}},"14":{"start":{"line":36,"column":4},"end":{"line":36,"column":20}},"15":{"start":{"line":37,"column":4},"end":{"line":45,"column":5}},"16":{"start":{"line":38,"column":6},"end":{"line":38,"column":25}},"17":{"start":{"line":39,"column":6},"end":{"line":39,"column":24}},"18":{"start":{"line":40,"column":6},"end":{"line":40,"column":58}},"19":{"start":{"line":44,"column":6},"end":{"line":44,"column":23}},"20":{"start":{"line":48,"column":23},"end":{"line":53,"column":3}},"21":{"start":{"line":49,"column":4},"end":{"line":49,"column":21}},"22":{"start":{"line":50,"column":4},"end":{"line":50,"column":25}},"23":{"start":{"line":51,"column":4},"end":{"line":51,"column":26}},"24":{"start":{"line":52,"column":4},"end":{"line":52,"column":22}},"25":{"start":{"line":55,"column":17},"end":{"line":57,"column":3}},"26":{"start":{"line":56,"column":4},"end":{"line":56,"column":53}},"27":{"start":{"line":56,"column":23},"end":{"line":56,"column":50}},"28":{"start":{"line":59,"column":29},"end":{"line":76,"column":3}},"29":{"start":{"line":60,"column":20},"end":{"line":60,"column":48}},"30":{"start":{"line":61,"column":4},"end":{"line":61,"column":25}},"31":{"start":{"line":61,"column":18},"end":{"line":61,"column":25}},"32":{"start":{"line":62,"column":20},"end":{"line":62,"column":51}},"33":{"start":{"line":63,"column":4},"end":{"line":66,"column":5}},"34":{"start":{"line":64,"column":6},"end":{"line":64,"column":102}},"35":{"start":{"line":65,"column":6},"end":{"line":65,"column":13}},"36":{"start":{"line":67,"column":4},"end":{"line":73,"column":8}},"37":{"start":{"line":67,"column":23},"end":{"line":73,"column":6}},"38":{"start":{"line":74,"column":4},"end":{"line":75,"column":31}},"39":{"start":{"line":74,"column":31},"end":{"line":74,"column":52}},"40":{"start":{"line":75,"column":9},"end":{"line":75,"column":31}},"41":{"start":{"line":78,"column":32},"end":{"line":91,"column":3}},"42":{"start":{"line":79,"column":20},"end":{"line":79,"column":51}},"43":{"start":{"line":80,"column":4},"end":{"line":83,"column":5}},"44":{"start":{"line":81,"column":6},"end":{"line":81,"column":64}},"45":{"start":{"line":82,"column":6},"end":{"line":82,"column":13}},"46":{"start":{"line":84,"column":4},"end":{"line":90,"column":8}},"47":{"start":{"line":84,"column":23},"end":{"line":90,"column":6}},"48":{"start":{"line":88,"column":66},"end":{"line":88,"column":84}},"49":{"start":{"line":93,"column":2},"end":{"line":297,"column":4}},"50":{"start":{"line":101,"column":61},"end":{"line":101,"column":77}},"51":{"start":{"line":127,"column":31},"end":{"line":127,"column":61}},"52":{"start":{"line":135,"column":31},"end":{"line":135,"column":68}},"53":{"start":{"line":144,"column":31},"end":{"line":144,"column":80}},"54":{"start":{"line":153,"column":31},"end":{"line":153,"column":81}},"55":{"start":{"line":162,"column":31},"end":{"line":162,"column":73}},"56":{"start":{"line":177,"column":31},"end":{"line":177,"column":76}},"57":{"start":{"line":185,"column":31},"end":{"line":185,"column":67}},"58":{"start":{"line":198,"column":20},"end":{"line":199,"column":null}},"59":{"start":{"line":207,"column":41},"end":{"line":207,"column":75}},"60":{"start":{"line":223,"column":39},"end":{"line":223,"column":71}},"61":{"start":{"line":225,"column":24},"end":{"line":228,"column":25}},"62":{"start":{"line":226,"column":26},"end":{"line":226,"column":45}},"63":{"start":{"line":227,"column":26},"end":{"line":227,"column":70}},"64":{"start":{"line":236,"column":37},"end":{"line":236,"column":80}},"65":{"start":{"line":247,"column":20},"end":{"line":248,"column":null}},"66":{"start":{"line":256,"column":41},"end":{"line":256,"column":76}},"67":{"start":{"line":272,"column":39},"end":{"line":272,"column":72}},"68":{"start":{"line":274,"column":24},"end":{"line":277,"column":25}},"69":{"start":{"line":275,"column":26},"end":{"line":275,"column":45}},"70":{"start":{"line":276,"column":26},"end":{"line":276,"column":72}},"71":{"start":{"line":285,"column":37},"end":{"line":285,"column":82}}},"fnMap":{"0":{"name":"ProgramConfigForm","decl":{"start":{"line":16,"column":16},"end":{"line":16,"column":33}},"loc":{"start":{"line":16,"column":60},"end":{"line":298,"column":1}}},"1":{"name":"(anonymous_1)","decl":{"start":{"line":23,"column":12},"end":{"line":23,"column":15}},"loc":{"start":{"line":23,"column":17},"end":{"line":25,"column":3}}},"2":{"name":"(anonymous_2)","decl":{"start":{"line":27,"column":21},"end":{"line":27,"column":26}},"loc":{"start":{"line":27,"column":32},"end":{"line":46,"column":3}}},"3":{"name":"(anonymous_3)","decl":{"start":{"line":48,"column":23},"end":{"line":48,"column":26}},"loc":{"start":{"line":48,"column":28},"end":{"line":53,"column":3}}},"4":{"name":"(anonymous_4)","decl":{"start":{"line":55,"column":17},"end":{"line":55,"column":18}},"loc":{"start":{"line":55,"column":66},"end":{"line":57,"column":3}}},"5":{"name":"(anonymous_5)","decl":{"start":{"line":56,"column":12},"end":{"line":56,"column":13}},"loc":{"start":{"line":56,"column":23},"end":{"line":56,"column":50}}},"6":{"name":"(anonymous_6)","decl":{"start":{"line":59,"column":29},"end":{"line":59,"column":30}},"loc":{"start":{"line":59,"column":81},"end":{"line":76,"column":3}}},"7":{"name":"(anonymous_7)","decl":{"start":{"line":67,"column":12},"end":{"line":67,"column":13}},"loc":{"start":{"line":67,"column":23},"end":{"line":73,"column":6}}},"8":{"name":"(anonymous_8)","decl":{"start":{"line":78,"column":32},"end":{"line":78,"column":33}},"loc":{"start":{"line":78,"column":89},"end":{"line":91,"column":3}}},"9":{"name":"(anonymous_9)","decl":{"start":{"line":84,"column":12},"end":{"line":84,"column":13}},"loc":{"start":{"line":84,"column":23},"end":{"line":90,"column":6}}},"10":{"name":"(anonymous_10)","decl":{"start":{"line":88,"column":59},"end":{"line":88,"column":60}},"loc":{"start":{"line":88,"column":66},"end":{"line":88,"column":84}}},"11":{"name":"(anonymous_11)","decl":{"start":{"line":101,"column":55},"end":{"line":101,"column":58}},"loc":{"start":{"line":101,"column":61},"end":{"line":101,"column":77}}},"12":{"name":"(anonymous_12)","decl":{"start":{"line":127,"column":24},"end":{"line":127,"column":25}},"loc":{"start":{"line":127,"column":31},"end":{"line":127,"column":61}}},"13":{"name":"(anonymous_13)","decl":{"start":{"line":135,"column":24},"end":{"line":135,"column":25}},"loc":{"start":{"line":135,"column":31},"end":{"line":135,"column":68}}},"14":{"name":"(anonymous_14)","decl":{"start":{"line":144,"column":24},"end":{"line":144,"column":25}},"loc":{"start":{"line":144,"column":31},"end":{"line":144,"column":80}}},"15":{"name":"(anonymous_15)","decl":{"start":{"line":153,"column":24},"end":{"line":153,"column":25}},"loc":{"start":{"line":153,"column":31},"end":{"line":153,"column":81}}},"16":{"name":"(anonymous_16)","decl":{"start":{"line":162,"column":24},"end":{"line":162,"column":25}},"loc":{"start":{"line":162,"column":31},"end":{"line":162,"column":73}}},"17":{"name":"(anonymous_17)","decl":{"start":{"line":177,"column":24},"end":{"line":177,"column":25}},"loc":{"start":{"line":177,"column":31},"end":{"line":177,"column":76}}},"18":{"name":"(anonymous_18)","decl":{"start":{"line":185,"column":24},"end":{"line":185,"column":25}},"loc":{"start":{"line":185,"column":31},"end":{"line":185,"column":67}}},"19":{"name":"(anonymous_19)","decl":{"start":{"line":197,"column":52},"end":{"line":197,"column":53}},"loc":{"start":{"line":198,"column":20},"end":{"line":199,"column":null}}},"20":{"name":"(anonymous_20)","decl":{"start":{"line":207,"column":35},"end":{"line":207,"column":38}},"loc":{"start":{"line":207,"column":41},"end":{"line":207,"column":75}}},"21":{"name":"(anonymous_21)","decl":{"start":{"line":223,"column":32},"end":{"line":223,"column":33}},"loc":{"start":{"line":223,"column":39},"end":{"line":223,"column":71}}},"22":{"name":"(anonymous_22)","decl":{"start":{"line":224,"column":33},"end":{"line":224,"column":34}},"loc":{"start":{"line":224,"column":39},"end":{"line":229,"column":23}}},"23":{"name":"(anonymous_23)","decl":{"start":{"line":236,"column":31},"end":{"line":236,"column":34}},"loc":{"start":{"line":236,"column":37},"end":{"line":236,"column":80}}},"24":{"name":"(anonymous_24)","decl":{"start":{"line":246,"column":53},"end":{"line":246,"column":54}},"loc":{"start":{"line":247,"column":20},"end":{"line":248,"column":null}}},"25":{"name":"(anonymous_25)","decl":{"start":{"line":256,"column":35},"end":{"line":256,"column":38}},"loc":{"start":{"line":256,"column":41},"end":{"line":256,"column":76}}},"26":{"name":"(anonymous_26)","decl":{"start":{"line":272,"column":32},"end":{"line":272,"column":33}},"loc":{"start":{"line":272,"column":39},"end":{"line":272,"column":72}}},"27":{"name":"(anonymous_27)","decl":{"start":{"line":273,"column":33},"end":{"line":273,"column":34}},"loc":{"start":{"line":273,"column":39},"end":{"line":278,"column":23}}},"28":{"name":"(anonymous_28)","decl":{"start":{"line":285,"column":31},"end":{"line":285,"column":34}},"loc":{"start":{"line":285,"column":37},"end":{"line":285,"column":82}}}},"branchMap":{"0":{"loc":{"start":{"line":28,"column":4},"end":{"line":31,"column":5}},"type":"if","locations":[{"start":{"line":28,"column":4},"end":{"line":31,"column":5}}]},"1":{"loc":{"start":{"line":32,"column":4},"end":{"line":35,"column":5}},"type":"if","locations":[{"start":{"line":32,"column":4},"end":{"line":35,"column":5}}]},"2":{"loc":{"start":{"line":32,"column":8},"end":{"line":32,"column":63}},"type":"binary-expr","locations":[{"start":{"line":32,"column":8},"end":{"line":32,"column":33}},{"start":{"line":32,"column":37},"end":{"line":32,"column":63}}]},"3":{"loc":{"start":{"line":61,"column":4},"end":{"line":61,"column":25}},"type":"if","locations":[{"start":{"line":61,"column":4},"end":{"line":61,"column":25}}]},"4":{"loc":{"start":{"line":63,"column":4},"end":{"line":66,"column":5}},"type":"if","locations":[{"start":{"line":63,"column":4},"end":{"line":66,"column":5}}]},"5":{"loc":{"start":{"line":64,"column":47},"end":{"line":64,"column":98}},"type":"cond-expr","locations":[{"start":{"line":64,"column":71},"end":{"line":64,"column":84}},{"start":{"line":64,"column":87},"end":{"line":64,"column":98}}]},"6":{"loc":{"start":{"line":74,"column":4},"end":{"line":75,"column":31}},"type":"if","locations":[{"start":{"line":74,"column":4},"end":{"line":75,"column":31}},{"start":{"line":75,"column":9},"end":{"line":75,"column":31}}]},"7":{"loc":{"start":{"line":80,"column":4},"end":{"line":83,"column":5}},"type":"if","locations":[{"start":{"line":80,"column":4},"end":{"line":83,"column":5}}]},"8":{"loc":{"start":{"line":100,"column":9},"end":{"line":113,"column":null}},"type":"cond-expr","locations":[{"start":{"line":101,"column":10},"end":{"line":102,"column":null}},{"start":{"line":105,"column":10},"end":{"line":112,"column":null}}]},"9":{"loc":{"start":{"line":110,"column":15},"end":{"line":110,"column":109}},"type":"cond-expr","locations":[{"start":{"line":110,"column":24},"end":{"line":110,"column":73}},{"start":{"line":110,"column":76},"end":{"line":110,"column":109}}]},"10":{"loc":{"start":{"line":204,"column":23},"end":{"line":212,"column":null}},"type":"binary-expr","locations":[{"start":{"line":204,"column":23},"end":{"line":204,"column":30}},{"start":{"line":205,"column":24},"end":{"line":211,"column":null}}]},"11":{"loc":{"start":{"line":217,"column":17},"end":{"line":240,"column":null}},"type":"binary-expr","locations":[{"start":{"line":217,"column":17},"end":{"line":217,"column":24}},{"start":{"line":218,"column":18},"end":{"line":239,"column":null}}]},"12":{"loc":{"start":{"line":225,"column":24},"end":{"line":228,"column":25}},"type":"if","locations":[{"start":{"line":225,"column":24},"end":{"line":228,"column":25}}]},"13":{"loc":{"start":{"line":253,"column":23},"end":{"line":261,"column":null}},"type":"binary-expr","locations":[{"start":{"line":253,"column":23},"end":{"line":253,"column":30}},{"start":{"line":254,"column":24},"end":{"line":260,"column":null}}]},"14":{"loc":{"start":{"line":266,"column":17},"end":{"line":289,"column":null}},"type":"binary-expr","locations":[{"start":{"line":266,"column":17},"end":{"line":266,"column":24}},{"start":{"line":267,"column":18},"end":{"line":288,"column":null}}]},"15":{"loc":{"start":{"line":274,"column":24},"end":{"line":277,"column":25}},"type":"if","locations":[{"start":{"line":274,"column":24},"end":{"line":277,"column":25}}]}},"s":{"0":0,"1":0,"2":0,"3":0,"4":0,"5":0,"6":0,"7":0,"8":0,"9":0,"10":0,"11":0,"12":0,"13":0,"14":0,"15":0,"16":0,"17":0,"18":0,"19":0,"20":0,"21":0,"22":0,"23":0,"24":0,"25":0,"26":0,"27":0,"28":0,"29":0,"30":0,"31":0,"32":0,"33":0,"34":0,"35":0,"36":0,"37":0,"38":0,"39":0,"40":0,"41":0,"42":0,"43":0,"44":0,"45":0,"46":0,"47":0,"48":0,"49":0,"50":0,"51":0,"52":0,"53":0,"54":0,"55":0,"56":0,"57":0,"58":0,"59":0,"60":0,"61":0,"62":0,"63":0,"64":0,"65":0,"66":0,"67":0,"68":0,"69":0,"70":0,"71":0},"f":{"0":0,"1":0,"2":0,"3":0,"4":0,"5":0,"6":0,"7":0,"8":0,"9":0,"10":0,"11":0,"12":0,"13":0,"14":0,"15":0,"16":0,"17":0,"18":0,"19":0,"20":0,"21":0,"22":0,"23":0,"24":0,"25":0,"26":0,"27":0,"28":0},"b":{"0":[0],"1":[0],"2":[0,0],"3":[0],"4":[0],"5":[0,0],"6":[0,0],"7":[0],"8":[0,0],"9":[0,0],"10":[0,0],"11":[0,0],"12":[0],"13":[0,0],"14":[0,0],"15":[0]}}
,"C:\\Projects\\loyalty-app-ui-vite\\loyalty-app-vite\\src\\components\\program\\TenantsManager.tsx": {"path":"C:\\Projects\\loyalty-app-ui-vite\\loyalty-app-vite\\src\\components\\program\\TenantsManager.tsx","statementMap":{"0":{"start":{"line":50,"column":46},"end":{"line":60,"column":2}},"1":{"start":{"line":63,"column":38},"end":{"line":63,"column":53}},"2":{"start":{"line":64,"column":36},"end":{"line":64,"column":65}},"3":{"start":{"line":65,"column":40},"end":{"line":65,"column":69}},"4":{"start":{"line":66,"column":26},"end":{"line":66,"column":47}},"5":{"start":{"line":67,"column":30},"end":{"line":67,"column":42}},"6":{"start":{"line":68,"column":34},"end":{"line":68,"column":49}},"7":{"start":{"line":69,"column":38},"end":{"line":69,"column":53}},"8":{"start":{"line":71,"column":24},"end":{"line":71,"column":64}},"9":{"start":{"line":71,"column":46},"end":{"line":71,"column":63}},"10":{"start":{"line":72,"column":19},"end":{"line":76,"column":null}},"11":{"start":{"line":74,"column":6},"end":{"line":76,"column":39}},"12":{"start":{"line":79,"column":21},"end":{"line":83,"column":3}},"13":{"start":{"line":80,"column":4},"end":{"line":80,"column":23}},"14":{"start":{"line":81,"column":4},"end":{"line":81,"column":25}},"15":{"start":{"line":82,"column":4},"end":{"line":82,"column":24}},"16":{"start":{"line":85,"column":19},"end":{"line":90,"column":3}},"17":{"start":{"line":86,"column":19},"end":{"line":86,"column":37}},"18":{"start":{"line":87,"column":4},"end":{"line":87,"column":22}},"19":{"start":{"line":88,"column":4},"end":{"line":88,"column":20}},"20":{"start":{"line":89,"column":4},"end":{"line":89,"column":24}},"21":{"start":{"line":92,"column":21},"end":{"line":140,"column":3}},"22":{"start":{"line":93,"column":4},"end":{"line":96,"column":5}},"23":{"start":{"line":94,"column":6},"end":{"line":94,"column":55}},"24":{"start":{"line":95,"column":6},"end":{"line":95,"column":13}},"25":{"start":{"line":97,"column":4},"end":{"line":100,"column":5}},"26":{"start":{"line":98,"column":6},"end":{"line":98,"column":69}},"27":{"start":{"line":99,"column":6},"end":{"line":99,"column":13}},"28":{"start":{"line":102,"column":4},"end":{"line":102,"column":22}},"29":{"start":{"line":103,"column":4},"end":{"line":139,"column":5}},"30":{"start":{"line":104,"column":6},"end":{"line":133,"column":7}},"31":{"start":{"line":105,"column":23},"end":{"line":105,"column":47}},"32":{"start":{"line":106,"column":8},"end":{"line":115,"column":11}},"33":{"start":{"line":116,"column":21},"end":{"line":116,"column":41}},"34":{"start":{"line":117,"column":8},"end":{"line":117,"column":30}},"35":{"start":{"line":118,"column":8},"end":{"line":118,"column":44}},"36":{"start":{"line":120,"column":41},"end":{"line":128,"column":10}},"37":{"start":{"line":129,"column":23},"end":{"line":129,"column":48}},"38":{"start":{"line":130,"column":21},"end":{"line":130,"column":41}},"39":{"start":{"line":131,"column":8},"end":{"line":131,"column":30}},"40":{"start":{"line":132,"column":8},"end":{"line":132,"column":39}},"41":{"start":{"line":134,"column":6},"end":{"line":134,"column":27}},"42":{"start":{"line":138,"column":6},"end":{"line":138,"column":25}},"43":{"start":{"line":142,"column":24},"end":{"line":160,"column":3}},"44":{"start":{"line":143,"column":4},"end":{"line":143,"column":37}},"45":{"start":{"line":143,"column":30},"end":{"line":143,"column":37}},"46":{"start":{"line":144,"column":19},"end":{"line":144,"column":45}},"47":{"start":{"line":145,"column":4},"end":{"line":145,"column":24}},"48":{"start":{"line":146,"column":4},"end":{"line":159,"column":5}},"49":{"start":{"line":147,"column":6},"end":{"line":150,"column":9}},"50":{"start":{"line":151,"column":19},"end":{"line":151,"column":39}},"51":{"start":{"line":152,"column":6},"end":{"line":152,"column":28}},"52":{"start":{"line":153,"column":6},"end":{"line":153,"column":27}},"53":{"start":{"line":154,"column":6},"end":{"line":154,"column":42}},"54":{"start":{"line":158,"column":6},"end":{"line":158,"column":27}},"55":{"start":{"line":162,"column":17},"end":{"line":164,"column":3}},"56":{"start":{"line":163,"column":4},"end":{"line":163,"column":53}},"57":{"start":{"line":163,"column":23},"end":{"line":163,"column":50}},"58":{"start":{"line":166,"column":2},"end":{"line":342,"column":4}},"59":{"start":{"line":184,"column":29},"end":{"line":184,"column":54}},"60":{"start":{"line":211,"column":18},"end":{"line":211,"column":null}},"61":{"start":{"line":225,"column":73},"end":{"line":225,"column":84}},"62":{"start":{"line":231,"column":39},"end":{"line":231,"column":56}},"63":{"start":{"line":256,"column":56},"end":{"line":256,"column":86}},"64":{"start":{"line":262,"column":33},"end":{"line":262,"column":69}},"65":{"start":{"line":268,"column":66},"end":{"line":268,"column":106}},"66":{"start":{"line":276,"column":35},"end":{"line":276,"column":84}},"67":{"start":{"line":284,"column":35},"end":{"line":284,"column":85}},"68":{"start":{"line":292,"column":35},"end":{"line":292,"column":77}},"69":{"start":{"line":306,"column":35},"end":{"line":306,"column":80}},"70":{"start":{"line":312,"column":53},"end":{"line":312,"column":73}},"71":{"start":{"line":323,"column":67},"end":{"line":323,"column":102}}},"fnMap":{"0":{"name":"TenantsManager","decl":{"start":{"line":62,"column":16},"end":{"line":62,"column":30}},"loc":{"start":{"line":62,"column":66},"end":{"line":343,"column":1}}},"1":{"name":"(anonymous_1)","decl":{"start":{"line":71,"column":39},"end":{"line":71,"column":40}},"loc":{"start":{"line":71,"column":46},"end":{"line":71,"column":63}}},"2":{"name":"(anonymous_2)","decl":{"start":{"line":73,"column":4},"end":{"line":73,"column":5}},"loc":{"start":{"line":74,"column":6},"end":{"line":76,"column":39}}},"3":{"name":"(anonymous_3)","decl":{"start":{"line":79,"column":21},"end":{"line":79,"column":24}},"loc":{"start":{"line":79,"column":26},"end":{"line":83,"column":3}}},"4":{"name":"(anonymous_4)","decl":{"start":{"line":85,"column":19},"end":{"line":85,"column":20}},"loc":{"start":{"line":85,"column":35},"end":{"line":90,"column":3}}},"5":{"name":"(anonymous_5)","decl":{"start":{"line":92,"column":21},"end":{"line":92,"column":26}},"loc":{"start":{"line":92,"column":32},"end":{"line":140,"column":3}}},"6":{"name":"(anonymous_6)","decl":{"start":{"line":142,"column":24},"end":{"line":142,"column":29}},"loc":{"start":{"line":142,"column":35},"end":{"line":160,"column":3}}},"7":{"name":"(anonymous_7)","decl":{"start":{"line":162,"column":17},"end":{"line":162,"column":18}},"loc":{"start":{"line":162,"column":59},"end":{"line":164,"column":3}}},"8":{"name":"(anonymous_8)","decl":{"start":{"line":163,"column":12},"end":{"line":163,"column":13}},"loc":{"start":{"line":163,"column":23},"end":{"line":163,"column":50}}},"9":{"name":"(anonymous_9)","decl":{"start":{"line":184,"column":22},"end":{"line":184,"column":23}},"loc":{"start":{"line":184,"column":29},"end":{"line":184,"column":54}}},"10":{"name":"(anonymous_10)","decl":{"start":{"line":210,"column":29},"end":{"line":210,"column":30}},"loc":{"start":{"line":211,"column":18},"end":{"line":211,"column":null}}},"11":{"name":"(anonymous_11)","decl":{"start":{"line":225,"column":67},"end":{"line":225,"column":70}},"loc":{"start":{"line":225,"column":73},"end":{"line":225,"column":84}}},"12":{"name":"(anonymous_12)","decl":{"start":{"line":231,"column":33},"end":{"line":231,"column":36}},"loc":{"start":{"line":231,"column":39},"end":{"line":231,"column":56}}},"13":{"name":"(anonymous_13)","decl":{"start":{"line":256,"column":49},"end":{"line":256,"column":50}},"loc":{"start":{"line":256,"column":56},"end":{"line":256,"column":86}}},"14":{"name":"(anonymous_14)","decl":{"start":{"line":262,"column":26},"end":{"line":262,"column":27}},"loc":{"start":{"line":262,"column":33},"end":{"line":262,"column":69}}},"15":{"name":"(anonymous_15)","decl":{"start":{"line":268,"column":59},"end":{"line":268,"column":60}},"loc":{"start":{"line":268,"column":66},"end":{"line":268,"column":106}}},"16":{"name":"(anonymous_16)","decl":{"start":{"line":276,"column":28},"end":{"line":276,"column":29}},"loc":{"start":{"line":276,"column":35},"end":{"line":276,"column":84}}},"17":{"name":"(anonymous_17)","decl":{"start":{"line":284,"column":28},"end":{"line":284,"column":29}},"loc":{"start":{"line":284,"column":35},"end":{"line":284,"column":85}}},"18":{"name":"(anonymous_18)","decl":{"start":{"line":292,"column":28},"end":{"line":292,"column":29}},"loc":{"start":{"line":292,"column":35},"end":{"line":292,"column":77}}},"19":{"name":"(anonymous_19)","decl":{"start":{"line":306,"column":28},"end":{"line":306,"column":29}},"loc":{"start":{"line":306,"column":35},"end":{"line":306,"column":80}}},"20":{"name":"(anonymous_20)","decl":{"start":{"line":312,"column":47},"end":{"line":312,"column":50}},"loc":{"start":{"line":312,"column":53},"end":{"line":312,"column":73}}},"21":{"name":"(anonymous_21)","decl":{"start":{"line":323,"column":61},"end":{"line":323,"column":64}},"loc":{"start":{"line":323,"column":67},"end":{"line":323,"column":102}}}},"branchMap":{"0":{"loc":{"start":{"line":74,"column":6},"end":{"line":76,"column":39}},"type":"binary-expr","locations":[{"start":{"line":74,"column":6},"end":{"line":74,"column":57}},{"start":{"line":75,"column":6},"end":{"line":75,"column":63}},{"start":{"line":76,"column":6},"end":{"line":76,"column":39}}]},"1":{"loc":{"start":{"line":93,"column":4},"end":{"line":96,"column":5}},"type":"if","locations":[{"start":{"line":93,"column":4},"end":{"line":96,"column":5}}]},"2":{"loc":{"start":{"line":93,"column":8},"end":{"line":93,"column":83}},"type":"binary-expr","locations":[{"start":{"line":93,"column":8},"end":{"line":93,"column":25}},{"start":{"line":93,"column":29},"end":{"line":93,"column":52}},{"start":{"line":93,"column":56},"end":{"line":93,"column":83}}]},"3":{"loc":{"start":{"line":97,"column":4},"end":{"line":100,"column":5}},"type":"if","locations":[{"start":{"line":97,"column":4},"end":{"line":100,"column":5}}]},"4":{"loc":{"start":{"line":97,"column":8},"end":{"line":97,"column":63}},"type":"binary-expr","locations":[{"start":{"line":97,"column":8},"end":{"line":97,"column":33}},{"start":{"line":97,"column":37},"end":{"line":97,"column":63}}]},"5":{"loc":{"start":{"line":104,"column":6},"end":{"line":133,"column":7}},"type":"if","locations":[{"start":{"line":104,"column":6},"end":{"line":133,"column":7}},{"start":{"line":119,"column":13},"end":{"line":133,"column":7}}]},"6":{"loc":{"start":{"line":143,"column":4},"end":{"line":143,"column":37}},"type":"if","locations":[{"start":{"line":143,"column":4},"end":{"line":143,"column":37}}]},"7":{"loc":{"start":{"line":203,"column":15},"end":{"line":238,"column":null}},"type":"cond-expr","locations":[{"start":{"line":204,"column":16},"end":{"line":207,"column":null}},{"start":{"line":210,"column":16},"end":{"line":238,"column":18}}]},"8":{"loc":{"start":{"line":222,"column":39},"end":{"line":222,"column":126}},"type":"cond-expr","locations":[{"start":{"line":222,"column":58},"end":{"line":222,"column":63}},{"start":{"line":222,"column":66},"end":{"line":222,"column":126}}]},"9":{"loc":{"start":{"line":222,"column":66},"end":{"line":222,"column":126}},"type":"cond-expr","locations":[{"start":{"line":222,"column":85},"end":{"line":222,"column":88}},{"start":{"line":222,"column":91},"end":{"line":222,"column":126}}]},"10":{"loc":{"start":{"line":222,"column":91},"end":{"line":222,"column":126}},"type":"cond-expr","locations":[{"start":{"line":222,"column":110},"end":{"line":222,"column":116}},{"start":{"line":222,"column":119},"end":{"line":222,"column":126}}]},"11":{"loc":{"start":{"line":248,"column":26},"end":{"line":248,"column":79}},"type":"cond-expr","locations":[{"start":{"line":248,"column":47},"end":{"line":248,"column":62}},{"start":{"line":248,"column":65},"end":{"line":248,"column":79}}]},"12":{"loc":{"start":{"line":250,"column":15},"end":{"line":250,"column":123}},"type":"cond-expr","locations":[{"start":{"line":250,"column":36},"end":{"line":250,"column":68}},{"start":{"line":250,"column":71},"end":{"line":250,"column":123}}]},"13":{"loc":{"start":{"line":316,"column":15},"end":{"line":316,"column":82}},"type":"cond-expr","locations":[{"start":{"line":316,"column":26},"end":{"line":316,"column":75}},{"start":{"line":316,"column":78},"end":{"line":316,"column":82}}]},"14":{"loc":{"start":{"line":323,"column":67},"end":{"line":323,"column":102}},"type":"binary-expr","locations":[{"start":{"line":323,"column":67},"end":{"line":323,"column":78}},{"start":{"line":323,"column":82},"end":{"line":323,"column":102}}]},"15":{"loc":{"start":{"line":335,"column":15},"end":{"line":335,"column":79}},"type":"cond-expr","locations":[{"start":{"line":335,"column":28},"end":{"line":335,"column":72}},{"start":{"line":335,"column":75},"end":{"line":335,"column":79}}]}},"s":{"0":0,"1":0,"2":0,"3":0,"4":0,"5":0,"6":0,"7":0,"8":0,"9":0,"10":0,"11":0,"12":0,"13":0,"14":0,"15":0,"16":0,"17":0,"18":0,"19":0,"20":0,"21":0,"22":0,"23":0,"24":0,"25":0,"26":0,"27":0,"28":0,"29":0,"30":0,"31":0,"32":0,"33":0,"34":0,"35":0,"36":0,"37":0,"38":0,"39":0,"40":0,"41":0,"42":0,"43":0,"44":0,"45":0,"46":0,"47":0,"48":0,"49":0,"50":0,"51":0,"52":0,"53":0,"54":0,"55":0,"56":0,"57":0,"58":0,"59":0,"60":0,"61":0,"62":0,"63":0,"64":0,"65":0,"66":0,"67":0,"68":0,"69":0,"70":0,"71":0},"f":{"0":0,"1":0,"2":0,"3":0,"4":0,"5":0,"6":0,"7":0,"8":0,"9":0,"10":0,"11":0,"12":0,"13":0,"14":0,"15":0,"16":0,"17":0,"18":0,"19":0,"20":0,"21":0},"b":{"0":[0,0,0],"1":[0],"2":[0,0,0],"3":[0],"4":[0,0],"5":[0,0],"6":[0],"7":[0,0],"8":[0,0],"9":[0,0],"10":[0,0],"11":[0,0],"12":[0,0],"13":[0,0],"14":[0,0],"15":[0,0]}}
,"C:\\Projects\\loyalty-app-ui-vite\\loyalty-app-vite\\src\\components\\rules\\ConditionBadge.tsx": {"path":"C:\\Projects\\loyalty-app-ui-vite\\loyalty-app-vite\\src\\components\\rules\\ConditionBadge.tsx","statementMap":{"0":{"start":{"line":4,"column":15},"end":{"line":4,"column":65}},"1":{"start":{"line":5,"column":18},"end":{"line":5,"column":65}},"2":{"start":{"line":6,"column":20},"end":{"line":6,"column":55}},"3":{"start":{"line":8,"column":2},"end":{"line":14,"column":4}}},"fnMap":{"0":{"name":"ConditionBadge","decl":{"start":{"line":3,"column":16},"end":{"line":3,"column":30}},"loc":{"start":{"line":3,"column":74},"end":{"line":15,"column":1}}}},"branchMap":{"0":{"loc":{"start":{"line":4,"column":15},"end":{"line":4,"column":65}},"type":"binary-expr","locations":[{"start":{"line":4,"column":15},"end":{"line":4,"column":24}},{"start":{"line":4,"column":28},"end":{"line":4,"column":65}}]},"1":{"loc":{"start":{"line":5,"column":18},"end":{"line":5,"column":65}},"type":"binary-expr","locations":[{"start":{"line":5,"column":18},"end":{"line":5,"column":48}},{"start":{"line":5,"column":52},"end":{"line":5,"column":65}}]},"2":{"loc":{"start":{"line":6,"column":20},"end":{"line":6,"column":55}},"type":"binary-expr","locations":[{"start":{"line":6,"column":20},"end":{"line":6,"column":42}},{"start":{"line":6,"column":46},"end":{"line":6,"column":55}}]}},"s":{"0":0,"1":0,"2":0,"3":0},"f":{"0":0},"b":{"0":[0,0],"1":[0,0],"2":[0,0]}}
,"C:\\Projects\\loyalty-app-ui-vite\\loyalty-app-vite\\src\\components\\rules\\FactsManager.tsx": {"path":"C:\\Projects\\loyalty-app-ui-vite\\loyalty-app-vite\\src\\components\\rules\\FactsManager.tsx","statementMap":{"0":{"start":{"line":12,"column":26},"end":{"line":12,"column":57}},"1":{"start":{"line":21,"column":32},"end":{"line":21,"column":44}},"2":{"start":{"line":22,"column":32},"end":{"line":22,"column":71}},"3":{"start":{"line":24,"column":20},"end":{"line":24,"column":37}},"4":{"start":{"line":25,"column":2},"end":{"line":28,"column":5}},"5":{"start":{"line":26,"column":18},"end":{"line":26,"column":60}},"6":{"start":{"line":27,"column":4},"end":{"line":27,"column":48}},"7":{"start":{"line":27,"column":25},"end":{"line":27,"column":46}},"8":{"start":{"line":31,"column":17},"end":{"line":31,"column":31}},"9":{"start":{"line":32,"column":4},"end":{"line":35,"column":5}},"10":{"start":{"line":33,"column":6},"end":{"line":33,"column":55}},"11":{"start":{"line":34,"column":6},"end":{"line":34,"column":13}},"12":{"start":{"line":36,"column":4},"end":{"line":39,"column":5}},"13":{"start":{"line":37,"column":6},"end":{"line":37,"column":54}},"14":{"start":{"line":38,"column":6},"end":{"line":38,"column":13}},"15":{"start":{"line":40,"column":4},"end":{"line":40,"column":75}},"16":{"start":{"line":41,"column":4},"end":{"line":41,"column":19}},"17":{"start":{"line":42,"column":4},"end":{"line":42,"column":44}},"18":{"start":{"line":46,"column":4},"end":{"line":49,"column":5}},"19":{"start":{"line":47,"column":6},"end":{"line":47,"column":83}},"20":{"start":{"line":48,"column":6},"end":{"line":48,"column":13}},"21":{"start":{"line":50,"column":34},"end":{"line":50,"column":44}},"22":{"start":{"line":51,"column":4},"end":{"line":51,"column":29}},"23":{"start":{"line":52,"column":4},"end":{"line":52,"column":45}},"24":{"start":{"line":55,"column":2},"end":{"line":112,"column":4}},"25":{"start":{"line":66,"column":12},"end":{"line":66,"column":29}},"26":{"start":{"line":74,"column":31},"end":{"line":74,"column":48}},"27":{"start":{"line":90,"column":31},"end":{"line":90,"column":57}},"28":{"start":{"line":96,"column":79},"end":{"line":96,"column":92}}},"fnMap":{"0":{"name":"FactsManager","decl":{"start":{"line":20,"column":16},"end":{"line":20,"column":28}},"loc":{"start":{"line":20,"column":93},"end":{"line":113,"column":1}}},"1":{"name":"(anonymous_1)","decl":{"start":{"line":25,"column":20},"end":{"line":25,"column":21}},"loc":{"start":{"line":25,"column":26},"end":{"line":28,"column":3}}},"2":{"name":"(anonymous_2)","decl":{"start":{"line":27,"column":18},"end":{"line":27,"column":19}},"loc":{"start":{"line":27,"column":25},"end":{"line":27,"column":46}}},"3":{"name":"handleAdd","decl":{"start":{"line":30,"column":11},"end":{"line":30,"column":20}},"loc":{"start":{"line":30,"column":20},"end":{"line":43,"column":3}}},"4":{"name":"handleDelete","decl":{"start":{"line":45,"column":11},"end":{"line":45,"column":23}},"loc":{"start":{"line":45,"column":35},"end":{"line":53,"column":3}}},"5":{"name":"(anonymous_5)","decl":{"start":{"line":65,"column":42},"end":{"line":65,"column":43}},"loc":{"start":{"line":66,"column":12},"end":{"line":66,"column":29}}},"6":{"name":"(anonymous_6)","decl":{"start":{"line":74,"column":25},"end":{"line":74,"column":28}},"loc":{"start":{"line":74,"column":31},"end":{"line":74,"column":48}}},"7":{"name":"(anonymous_7)","decl":{"start":{"line":90,"column":24},"end":{"line":90,"column":25}},"loc":{"start":{"line":90,"column":31},"end":{"line":90,"column":57}}},"8":{"name":"(anonymous_8)","decl":{"start":{"line":96,"column":51},"end":{"line":96,"column":52}},"loc":{"start":{"line":96,"column":79},"end":{"line":96,"column":92}}}},"branchMap":{"0":{"loc":{"start":{"line":26,"column":18},"end":{"line":26,"column":60}},"type":"binary-expr","locations":[{"start":{"line":26,"column":18},"end":{"line":26,"column":34}},{"start":{"line":26,"column":38},"end":{"line":26,"column":54}},{"start":{"line":26,"column":58},"end":{"line":26,"column":60}}]},"1":{"loc":{"start":{"line":32,"column":4},"end":{"line":35,"column":5}},"type":"if","locations":[{"start":{"line":32,"column":4},"end":{"line":35,"column":5}}]},"2":{"loc":{"start":{"line":36,"column":4},"end":{"line":39,"column":5}},"type":"if","locations":[{"start":{"line":36,"column":4},"end":{"line":39,"column":5}}]},"3":{"loc":{"start":{"line":46,"column":4},"end":{"line":49,"column":5}},"type":"if","locations":[{"start":{"line":46,"column":4},"end":{"line":49,"column":5}}]},"4":{"loc":{"start":{"line":67,"column":51},"end":{"line":67,"column":74}},"type":"binary-expr","locations":[{"start":{"line":67,"column":51},"end":{"line":67,"column":67}},{"start":{"line":67,"column":71},"end":{"line":67,"column":74}}]},"5":{"loc":{"start":{"line":75,"column":26},"end":{"line":75,"column":79}},"type":"binary-expr","locations":[{"start":{"line":75,"column":26},"end":{"line":75,"column":44}},{"start":{"line":75,"column":48},"end":{"line":75,"column":79}}]},"6":{"loc":{"start":{"line":76,"column":23},"end":{"line":76,"column":125}},"type":"cond-expr","locations":[{"start":{"line":76,"column":57},"end":{"line":76,"column":113}},{"start":{"line":76,"column":116},"end":{"line":76,"column":125}}]}},"s":{"0":0,"1":0,"2":0,"3":0,"4":0,"5":0,"6":0,"7":0,"8":0,"9":0,"10":0,"11":0,"12":0,"13":0,"14":0,"15":0,"16":0,"17":0,"18":0,"19":0,"20":0,"21":0,"22":0,"23":0,"24":0,"25":0,"26":0,"27":0,"28":0},"f":{"0":0,"1":0,"2":0,"3":0,"4":0,"5":0,"6":0,"7":0,"8":0},"b":{"0":[0,0,0],"1":[0],"2":[0],"3":[0],"4":[0,0],"5":[0,0],"6":[0,0]}}
[...]
,"C:\\Projects\\loyalty-app-ui-vite\\loyalty-app-vite\\src\\utils\\token.ts": {"path":"C:\\Projects\\loyalty-app-ui-vite\\loyalty-app-vite\\src\\utils\\token.ts","statementMap":{"0":{"start":{"line":2,"column":0},"end":{"line":2,"column":47}},"1":{"start":{"line":6,"column":19},"end":{"line":6,"column":51}},"2":{"start":{"line":7,"column":2},"end":{"line":7,"column":55}},"3":{"start":{"line":5,"column":0},"end":{"line":5,"column":16}},"4":{"start":{"line":20,"column":2},"end":{"line":28,"column":3}},"5":{"start":{"line":21,"column":18},"end":{"line":21,"column":34}},"6":{"start":{"line":22,"column":4},"end":{"line":22,"column":40}},"7":{"start":{"line":22,"column":28},"end":{"line":22,"column":40}},"8":{"start":{"line":23,"column":19},"end":{"line":23,"column":65}},"9":{"start":{"line":24,"column":17},"end":{"line":24,"column":29}},"10":{"start":{"line":25,"column":4},"end":{"line":25,"column":55}},"11":{"start":{"line":27,"column":4},"end":{"line":27,"column":16}},"12":{"start":{"line":19,"column":0},"end":{"line":19,"column":16}},"13":{"start":{"line":38,"column":2},"end":{"line":38,"column":33}},"14":{"start":{"line":38,"column":16},"end":{"line":38,"column":33}},"15":{"start":{"line":39,"column":17},"end":{"line":39,"column":59}},"16":{"start":{"line":40,"column":2},"end":{"line":40,"column":43}},"17":{"start":{"line":40,"column":29},"end":{"line":40,"column":43}},"18":{"start":{"line":41,"column":14},"end":{"line":41,"column":64}},"19":{"start":{"line":42,"column":13},"end":{"line":42,"column":59}},"20":{"start":{"line":43,"column":18},"end":{"line":43,"column":56}},"21":{"start":{"line":44,"column":2},"end":{"line":44,"column":54}},"22":{"start":{"line":37,"column":0},"end":{"line":37,"column":16}},"23":{"start":{"line":49,"column":2},"end":{"line":49,"column":26}},"24":{"start":{"line":49,"column":16},"end":{"line":49,"column":26}},"25":{"start":{"line":50,"column":22},"end":{"line":50,"column":67}},"26":{"start":{"line":51,"column":2},"end":{"line":53,"column":3}},"27":{"start":{"line":52,"column":4},"end":{"line":52,"column":50}},"28":{"start":{"line":54,"column":17},"end":{"line":54,"column":54}},"29":{"start":{"line":55,"column":2},"end":{"line":55,"column":43}},"30":{"start":{"line":55,"column":29},"end":{"line":55,"column":43}},"31":{"start":{"line":56,"column":14},"end":{"line":56,"column":64}},"32":{"start":{"line":57,"column":13},"end":{"line":57,"column":59}},"33":{"start":{"line":58,"column":14},"end":{"line":58,"column":47}},"34":{"start":{"line":59,"column":2},"end":{"line":59,"column":39}},"35":{"start":{"line":48,"column":0},"end":{"line":48,"column":16}},"36":{"start":{"line":64,"column":2},"end":{"line":64,"column":26}},"37":{"start":{"line":64,"column":16},"end":{"line":64,"column":26}},"38":{"start":{"line":65,"column":14},"end":{"line":65,"column":63}},"39":{"start":{"line":66,"column":2},"end":{"line":66,"column":42}},"40":{"start":{"line":66,"column":31},"end":{"line":66,"column":42}},"41":{"start":{"line":67,"column":14},"end":{"line":67,"column":64}},"42":{"start":{"line":68,"column":13},"end":{"line":68,"column":59}},"43":{"start":{"line":69,"column":2},"end":{"line":69,"column":46}},"44":{"start":{"line":63,"column":0},"end":{"line":63,"column":16}},"45":{"start":{"line":74,"column":2},"end":{"line":74,"column":25}},"46":{"start":{"line":74,"column":16},"end":{"line":74,"column":25}},"47":{"start":{"line":75,"column":12},"end":{"line":75,"column":41}},"48":{"start":{"line":76,"column":2},"end":{"line":76,"column":38}},"49":{"start":{"line":76,"column":29},"end":{"line":76,"column":38}},"50":{"start":{"line":77,"column":2},"end":{"line":77,"column":57}},"51":{"start":{"line":77,"column":29},"end":{"line":77,"column":57}},"52":{"start":{"line":78,"column":14},"end":{"line":78,"column":64}},"53":{"start":{"line":79,"column":13},"end":{"line":79,"column":59}},"54":{"start":{"line":80,"column":2},"end":{"line":80,"column":51}},"55":{"start":{"line":73,"column":0},"end":{"line":73,"column":16}},"56":{"start":{"line":85,"column":2},"end":{"line":85,"column":25}},"57":{"start":{"line":85,"column":16},"end":{"line":85,"column":25}},"58":{"start":{"line":86,"column":12},"end":{"line":86,"column":40}},"59":{"start":{"line":87,"column":2},"end":{"line":87,"column":26}},"60":{"start":{"line":87,"column":17},"end":{"line":87,"column":26}},"61":{"start":{"line":88,"column":2},"end":{"line":88,"column":38}},"62":{"start":{"line":88,"column":29},"end":{"line":88,"column":38}},"63":{"start":{"line":89,"column":14},"end":{"line":89,"column":64}},"64":{"start":{"line":90,"column":13},"end":{"line":90,"column":59}},"65":{"start":{"line":91,"column":2},"end":{"line":91,"column":41}},"66":{"start":{"line":84,"column":0},"end":{"line":84,"column":16}},"67":{"start":{"line":96,"column":2},"end":{"line":96,"column":25}},"68":{"start":{"line":96,"column":16},"end":{"line":96,"column":25}},"69":{"start":{"line":97,"column":12},"end":{"line":97,"column":43}},"70":{"start":{"line":98,"column":2},"end":{"line":98,"column":38}},"71":{"start":{"line":98,"column":29},"end":{"line":98,"column":38}},"72":{"start":{"line":99,"column":2},"end":{"line":99,"column":57}},"73":{"start":{"line":99,"column":29},"end":{"line":99,"column":57}},"74":{"start":{"line":100,"column":14},"end":{"line":100,"column":64}},"75":{"start":{"line":101,"column":13},"end":{"line":101,"column":59}},"76":{"start":{"line":102,"column":2},"end":{"line":102,"column":44}},"77":{"start":{"line":95,"column":0},"end":{"line":95,"column":16}},"78":{"start":{"line":107,"column":2},"end":{"line":107,"column":26}},"79":{"start":{"line":107,"column":16},"end":{"line":107,"column":26}},"80":{"start":{"line":108,"column":14},"end":{"line":108,"column":25}},"81":{"start":{"line":109,"column":2},"end":{"line":109,"column":42}},"82":{"start":{"line":109,"column":31},"end":{"line":109,"column":42}},"83":{"start":{"line":110,"column":2},"end":{"line":110,"column":12}},"84":{"start":{"line":106,"column":0},"end":{"line":106,"column":16}},"85":{"start":{"line":119,"column":18},"end":{"line":119,"column":41}},"86":{"start":{"line":120,"column":18},"end":{"line":120,"column":76}},"87":{"start":{"line":121,"column":2},"end":{"line":131,"column":4}},"88":{"start":{"line":114,"column":0},"end":{"line":114,"column":16}},"89":{"start":{"line":141,"column":16},"end":{"line":141,"column":30}},"90":{"start":{"line":142,"column":2},"end":{"line":142,"column":31}},"91":{"start":{"line":142,"column":14},"end":{"line":142,"column":31}},"92":{"start":{"line":144,"column":18},"end":{"line":144,"column":41}},"93":{"start":{"line":145,"column":18},"end":{"line":145,"column":48}},"94":{"start":{"line":146,"column":17},"end":{"line":146,"column":29}},"95":{"start":{"line":147,"column":16},"end":{"line":147,"column":44}},"96":{"start":{"line":149,"column":18},"end":{"line":149,"column":44}},"97":{"start":{"line":150,"column":2},"end":{"line":152,"column":3}},"98":{"start":{"line":151,"column":4},"end":{"line":151,"column":18}},"99":{"start":{"line":153,"column":2},"end":{"line":153,"column":19}},"100":{"start":{"line":140,"column":0},"end":{"line":140,"column":16}},"101":{"start":{"line":158,"column":2},"end":{"line":158,"column":49}},"102":{"start":{"line":157,"column":0},"end":{"line":157,"column":16}},"103":{"start":{"line":163,"column":16},"end":{"line":163,"column":30}},"104":{"start":{"line":164,"column":2},"end":{"line":164,"column":26}},"105":{"start":{"line":164,"column":14},"end":{"line":164,"column":26}},"106":{"start":{"line":165,"column":18},"end":{"line":165,"column":41}},"107":{"start":{"line":166,"column":2},"end":{"line":166,"column":28}},"108":{"start":{"line":166,"column":16},"end":{"line":166,"column":28}},"109":{"start":{"line":167,"column":16},"end":{"line":167,"column":51}},"110":{"start":{"line":168,"column":2},"end":{"line":168,"column":26}},"111":{"start":{"line":168,"column":13},"end":{"line":168,"column":26}},"112":{"start":{"line":169,"column":14},"end":{"line":169,"column":25}},"113":{"start":{"line":170,"column":2},"end":{"line":170,"column":63}},"114":{"start":{"line":170,"column":52},"end":{"line":170,"column":63}},"115":{"start":{"line":171,"column":17},"end":{"line":171,"column":59}},"116":{"start":{"line":172,"column":13},"end":{"line":172,"column":62}},"117":{"start":{"line":173,"column":2},"end":{"line":173,"column":39}},"118":{"start":{"line":162,"column":0},"end":{"line":162,"column":16}}},"fnMap":{"0":{"name":"getAuthToken","decl":{"start":{"line":5,"column":16},"end":{"line":5,"column":28}},"loc":{"start":{"line":5,"column":28},"end":{"line":8,"column":1}}},"1":{"name":"decodeJwtPayload","decl":{"start":{"line":19,"column":16},"end":{"line":19,"column":32}},"loc":{"start":{"line":19,"column":46},"end":{"line":29,"column":1}}},"2":{"name":"getTenantsFromPayload","decl":{"start":{"line":37,"column":16},"end":{"line":37,"column":37}},"loc":{"start":{"line":37,"column":77},"end":{"line":45,"column":1}}},"3":{"name":"getRolesFromPayload","decl":{"start":{"line":48,"column":16},"end":{"line":48,"column":35}},"loc":{"start":{"line":48,"column":75},"end":{"line":60,"column":1}}},"4":{"name":"getIdentificationFromPayload","decl":{"start":{"line":63,"column":16},"end":{"line":63,"column":44}},"loc":{"start":{"line":63,"column":84},"end":{"line":70,"column":1}}},"5":{"name":"getIdentificationTypeIdFromPayload","decl":{"start":{"line":73,"column":16},"end":{"line":73,"column":50}},"loc":{"start":{"line":73,"column":90},"end":{"line":81,"column":1}}},"6":{"name":"getIscustomerFromPayload","decl":{"start":{"line":84,"column":16},"end":{"line":84,"column":40}},"loc":{"start":{"line":84,"column":80},"end":{"line":92,"column":1}}},"7":{"name":"getTermsacceptedFromPayload","decl":{"start":{"line":95,"column":16},"end":{"line":95,"column":43}},"loc":{"start":{"line":95,"column":83},"end":{"line":103,"column":1}}},"8":{"name":"getOauthidFromPayload","decl":{"start":{"line":106,"column":16},"end":{"line":106,"column":37}},"loc":{"start":{"line":106,"column":77},"end":{"line":111,"column":1}}},"9":{"name":"buildUserFromToken","decl":{"start":{"line":114,"column":16},"end":{"line":114,"column":34}},"loc":{"start":{"line":117,"column":17},"end":{"line":132,"column":1}}},"10":{"name":"getTenantForRequest","decl":{"start":{"line":140,"column":16},"end":{"line":140,"column":35}},"loc":{"start":{"line":140,"column":35},"end":{"line":154,"column":1}}},"11":{"name":"getTenantCodeForRequest","decl":{"start":{"line":157,"column":16},"end":{"line":157,"column":39}},"loc":{"start":{"line":157,"column":39},"end":{"line":159,"column":1}}},"12":{"name":"getEmailFromAuth","decl":{"start":{"line":162,"column":16},"end":{"line":162,"column":32}},"loc":{"start":{"line":162,"column":32},"end":{"line":174,"column":1}}}},"branchMap":{"0":{"loc":{"start":{"line":7,"column":9},"end":{"line":7,"column":54}},"type":"cond-expr","locations":[{"start":{"line":7,"column":20},"end":{"line":7,"column":47}},{"start":{"line":7,"column":50},"end":{"line":7,"column":54}}]},"1":{"loc":{"start":{"line":22,"column":4},"end":{"line":22,"column":40}},"type":"if","locations":[{"start":{"line":22,"column":4},"end":{"line":22,"column":40}}]},"2":{"loc":{"start":{"line":38,"column":2},"end":{"line":38,"column":33}},"type":"if","locations":[{"start":{"line":38,"column":2},"end":{"line":38,"column":33}}]},"3":{"loc":{"start":{"line":40,"column":2},"end":{"line":40,"column":43}},"type":"if","locations":[{"start":{"line":40,"column":2},"end":{"line":40,"column":43}}]},"4":{"loc":{"start":{"line":44,"column":9},"end":{"line":44,"column":53}},"type":"cond-expr","locations":[{"start":{"line":44,"column":34},"end":{"line":44,"column":41}},{"start":{"line":44,"column":44},"end":{"line":44,"column":53}}]},"5":{"loc":{"start":{"line":49,"column":2},"end":{"line":49,"column":26}},"type":"if","locations":[{"start":{"line":49,"column":2},"end":{"line":49,"column":26}}]},"6":{"loc":{"start":{"line":51,"column":2},"end":{"line":53,"column":3}},"type":"if","locations":[{"start":{"line":51,"column":2},"end":{"line":53,"column":3}}]},"7":{"loc":{"start":{"line":55,"column":2},"end":{"line":55,"column":43}},"type":"if","locations":[{"start":{"line":55,"column":2},"end":{"line":55,"column":43}}]},"8":{"loc":{"start":{"line":59,"column":9},"end":{"line":59,"column":38}},"type":"cond-expr","locations":[{"start":{"line":59,"column":30},"end":{"line":59,"column":33}},{"start":{"line":59,"column":36},"end":{"line":59,"column":38}}]},"9":{"loc":{"start":{"line":64,"column":2},"end":{"line":64,"column":26}},"type":"if","locations":[{"start":{"line":64,"column":2},"end":{"line":64,"column":26}}]},"10":{"loc":{"start":{"line":66,"column":2},"end":{"line":66,"column":42}},"type":"if","locations":[{"start":{"line":66,"column":2},"end":{"line":66,"column":42}}]},"11":{"loc":{"start":{"line":69,"column":10},"end":{"line":69,"column":45}},"type":"binary-expr","locations":[{"start":{"line":69,"column":10},"end":{"line":69,"column":39}},{"start":{"line":69,"column":43},"end":{"line":69,"column":45}}]},"12":{"loc":{"start":{"line":74,"column":2},"end":{"line":74,"column":25}},"type":"if","locations":[{"start":{"line":74,"column":2},"end":{"line":74,"column":25}}]},"13":{"loc":{"start":{"line":76,"column":2},"end":{"line":76,"column":38}},"type":"if","locations":[{"start":{"line":76,"column":2},"end":{"line":76,"column":38}}]},"14":{"loc":{"start":{"line":77,"column":2},"end":{"line":77,"column":57}},"type":"if","locations":[{"start":{"line":77,"column":2},"end":{"line":77,"column":57}}]},"15":{"loc":{"start":{"line":77,"column":36},"end":{"line":77,"column":56}},"type":"binary-expr","locations":[{"start":{"line":77,"column":36},"end":{"line":77,"column":51}},{"start":{"line":77,"column":55},"end":{"line":77,"column":56}}]},"16":{"loc":{"start":{"line":80,"column":10},"end":{"line":80,"column":50}},"type":"binary-expr","locations":[{"start":{"line":80,"column":10},"end":{"line":80,"column":45}},{"start":{"line":80,"column":49},"end":{"line":80,"column":50}}]},"17":{"loc":{"start":{"line":85,"column":2},"end":{"line":85,"column":25}},"type":"if","locations":[{"start":{"line":85,"column":2},"end":{"line":85,"column":25}}]},"18":{"loc":{"start":{"line":87,"column":2},"end":{"line":87,"column":26}},"type":"if","locations":[{"start":{"line":87,"column":2},"end":{"line":87,"column":26}}]},"19":{"loc":{"start":{"line":88,"column":2},"end":{"line":88,"column":38}},"type":"if","locations":[{"start":{"line":88,"column":2},"end":{"line":88,"column":38}}]},"20":{"loc":{"start":{"line":91,"column":10},"end":{"line":91,"column":40}},"type":"binary-expr","locations":[{"start":{"line":91,"column":10},"end":{"line":91,"column":35}},{"start":{"line":91,"column":39},"end":{"line":91,"column":40}}]},"21":{"loc":{"start":{"line":96,"column":2},"end":{"line":96,"column":25}},"type":"if","locations":[{"start":{"line":96,"column":2},"end":{"line":96,"column":25}}]},"22":{"loc":{"start":{"line":98,"column":2},"end":{"line":98,"column":38}},"type":"if","locations":[{"start":{"line":98,"column":2},"end":{"line":98,"column":38}}]},"23":{"loc":{"start":{"line":99,"column":2},"end":{"line":99,"column":57}},"type":"if","locations":[{"start":{"line":99,"column":2},"end":{"line":99,"column":57}}]},"24":{"loc":{"start":{"line":99,"column":36},"end":{"line":99,"column":56}},"type":"binary-expr","locations":[{"start":{"line":99,"column":36},"end":{"line":99,"column":51}},{"start":{"line":99,"column":55},"end":{"line":99,"column":56}}]},"25":{"loc":{"start":{"line":102,"column":10},"end":{"line":102,"column":43}},"type":"binary-expr","locations":[{"start":{"line":102,"column":10},"end":{"line":102,"column":38}},{"start":{"line":102,"column":42},"end":{"line":102,"column":43}}]},"26":{"loc":{"start":{"line":107,"column":2},"end":{"line":107,"column":26}},"type":"if","locations":[{"start":{"line":107,"column":2},"end":{"line":107,"column":26}}]},"27":{"loc":{"start":{"line":109,"column":2},"end":{"line":109,"column":42}},"type":"if","locations":[{"start":{"line":109,"column":2},"end":{"line":109,"column":42}}]},"28":{"loc":{"start":{"line":142,"column":2},"end":{"line":142,"column":31}},"type":"if","locations":[{"start":{"line":142,"column":2},"end":{"line":142,"column":31}}]},"29":{"loc":{"start":{"line":150,"column":2},"end":{"line":152,"column":3}},"type":"if","locations":[{"start":{"line":150,"column":2},"end":{"line":152,"column":3}}]},"30":{"loc":{"start":{"line":150,"column":6},"end":{"line":150,"column":53}},"type":"binary-expr","locations":[{"start":{"line":150,"column":6},"end":{"line":150,"column":13}},{"start":{"line":150,"column":17},"end":{"line":150,"column":23}},{"start":{"line":150,"column":27},"end":{"line":150,"column":53}}]},"31":{"loc":{"start":{"line":158,"column":9},"end":{"line":158,"column":48}},"type":"binary-expr","locations":[{"start":{"line":158,"column":9},"end":{"line":158,"column":42}},{"start":{"line":158,"column":46},"end":{"line":158,"column":48}}]},"32":{"loc":{"start":{"line":164,"column":2},"end":{"line":164,"column":26}},"type":"if","locations":[{"start":{"line":164,"column":2},"end":{"line":164,"column":26}}]},"33":{"loc":{"start":{"line":166,"column":2},"end":{"line":166,"column":28}},"type":"if","locations":[{"start":{"line":166,"column":2},"end":{"line":166,"column":28}}]},"34":{"loc":{"start":{"line":168,"column":2},"end":{"line":168,"column":26}},"type":"if","locations":[{"start":{"line":168,"column":2},"end":{"line":168,"column":26}}]},"35":{"loc":{"start":{"line":170,"column":2},"end":{"line":170,"column":63}},"type":"if","locations":[{"start":{"line":170,"column":2},"end":{"line":170,"column":63}}]},"36":{"loc":{"start":{"line":170,"column":6},"end":{"line":170,"column":50}},"type":"binary-expr","locations":[{"start":{"line":170,"column":6},"end":{"line":170,"column":29}},{"start":{"line":170,"column":33},"end":{"line":170,"column":50}}]},"37":{"loc":{"start":{"line":173,"column":10},"end":{"line":173,"column":38}},"type":"binary-expr","locations":[{"start":{"line":173,"column":10},"end":{"line":173,"column":30}},{"start":{"line":173,"column":34},"end":{"line":173,"column":38}}]}},"s":{"0":7,"1":0,"2":0,"3":7,"4":0,"5":0,"6":0,"7":0,"8":0,"9":0,"10":0,"11":0,"12":7,"13":0,"14":0,"15":0,"16":0,"17":0,"18":0,"19":0,"20":0,"21":0,"22":7,"23":0,"24":0,"25":0,"26":0,"27":0,"28":0,"29":0,"30":0,"31":0,"32":0,"33":0,"34":0,"35":7,"36":0,"37":0,"38":0,"39":0,"40":0,"41":0,"42":0,"43":0,"44":7,"45":0,"46":0,"47":0,"48":0,"49":0,"50":0,"51":0,"52":0,"53":0,"54":0,"55":7,"56":0,"57":0,"58":0,"59":0,"60":0,"61":0,"62":0,"63":0,"64":0,"65":0,"66":7,"67":0,"68":0,"69":0,"70":0,"71":0,"72":0,"73":0,"74":0,"75":0,"76":0,"77":7,"78":0,"79":0,"80":0,"81":0,"82":0,"83":0,"84":7,"85":0,"86":0,"87":0,"88":7,"89":0,"90":0,"91":0,"92":0,"93":0,"94":0,"95":0,"96":0,"97":0,"98":0,"99":0,"100":7,"101":0,"102":7,"103":0,"104":0,"105":0,"106":0,"107":0,"108":0,"109":0,"110":0,"111":0,"112":0,"113":0,"114":0,"115":0,"116":0,"117":0,"118":7},"f":{"0":0,"1":0,"2":0,"3":0,"4":0,"5":0,"6":0,"7":0,"8":0,"9":0,"10":0,"11":0,"12":0},"b":{"0":[0,0],"1":[0],"2":[0],"3":[0],"4":[0,0],"5":[0],"6":[0],"7":[0],"8":[0,0],"9":[0],"10":[0],"11":[0,0],"12":[0],"13":[0],"14":[0],"15":[0,0],"16":[0,0],"17":[0],"18":[0],"19":[0],"20":[0,0],"21":[0],"22":[0],"23":[0],"24":[0,0],"25":[0,0],"26":[0],"27":[0],"28":[0],"29":[0],"30":[0,0,0],"31":[0,0],"32":[0],"33":[0],"34":[0],"35":[0],"36":[0,0],"37":[0,0]}}
}
