TN:
SF:src\App.tsx
FN:5,App
FNF:1
FNH:0
FNDA:0,App
DA:6,0
LF:1
LH:0
BRF:0
BRH:0
end_of_record
TN:
SF:src\enableMocking.ts
FN:4,enableMocking
FNF:1
FNH:0
FNDA:0,enableMocking
DA:5,0
DA:6,0
DA:8,0
DA:9,0
DA:10,0
DA:18,0
LF:6
LH:0
BRDA:5,0,0,0
BRF:1
BRH:0
end_of_record
TN:
SF:src\polyfills.ts
FNF:0
FNH:0
DA:3,0
DA:4,0
LF:2
LH:0
BRDA:3,0,0,0
BRF:1
BRH:0
end_of_record
TN:
SF:src\test-utils.tsx
FN:7,renderWithProviders
FNF:1
FNH:1
FNDA:19,renderWithProviders
DA:2,4
DA:3,4
DA:4,4
DA:5,4
DA:7,4
DA:8,19
LF:6
LH:6
BRF:0
BRH:0
end_of_record
TN:
SF:src\components\AccumulationForm\AccumulationForm.tsx
FN:19,AccumulationForm
FN:25,(anonymous_1)
FN:28,(anonymous_2)
FN:31,(anonymous_3)
FN:34,(anonymous_4)
FN:39,(anonymous_5)
FN:42,(anonymous_6)
FN:79,(anonymous_7)
FN:99,(anonymous_8)
FNF:9
FNH:7
FNDA:15,AccumulationForm
FNDA:5,(anonymous_1)
FNDA:5,(anonymous_2)
FNDA:5,(anonymous_3)
FNDA:0,(anonymous_4)
FNDA:5,(anonymous_5)
FNDA:5,(anonymous_6)
FNDA:0,(anonymous_7)
FNDA:15,(anonymous_8)
DA:1,1
DA:2,1
DA:3,1
DA:4,1
DA:5,1
DA:6,1
DA:7,1
DA:8,1
DA:9,1
DA:10,1
DA:17,1
DA:20,15
DA:21,15
DA:22,15
DA:23,15
DA:25,15
DA:26,5
DA:27,5
DA:29,5
DA:30,5
DA:31,5
DA:35,0
DA:36,0
DA:39,5
DA:42,15
DA:43,5
DA:44,5
DA:45,5
DA:46,5
DA:48,5
DA:49,0
DA:50,0
DA:52,5
DA:53,5
DA:54,5
DA:62,1
DA:63,1
DA:65,4
DA:66,4
DA:69,4
DA:75,5
DA:79,15
DA:80,0
DA:83,15
DA:100,15
DA:159,1
LF:46
LH:41
BRDA:29,0,0,5
BRDA:29,1,0,5
BRDA:29,1,1,5
BRDA:31,2,0,5
BRDA:31,2,1,0
BRDA:35,3,0,0
BRDA:45,4,0,5
BRDA:45,4,1,0
BRDA:46,5,0,5
BRDA:46,5,1,0
BRDA:48,6,0,0
BRDA:48,7,0,5
BRDA:48,7,1,5
BRDA:66,8,0,4
BRDA:66,8,1,0
BRDA:66,9,0,4
BRDA:66,9,1,4
BRDA:66,9,2,4
BRDA:70,10,0,4
BRDA:70,10,1,0
BRDA:137,11,0,5
BRDA:137,11,1,10
BRF:22
BRH:15
end_of_record
TN:
SF:src\components\RedemptionForm\RedemptionForm.tsx
FN:14,RedemptionForm
FN:23,(anonymous_1)
FN:50,(anonymous_2)
FN:73,(anonymous_3)
FN:155,(anonymous_4)
FNF:5
FNH:1
FNDA:5,RedemptionForm
FNDA:0,(anonymous_1)
FNDA:0,(anonymous_2)
FNDA:0,(anonymous_3)
FNDA:0,(anonymous_4)
DA:1,1
DA:2,1
DA:3,1
DA:4,1
DA:5,1
DA:6,1
DA:7,1
DA:8,1
DA:9,1
DA:10,1
DA:12,1
DA:14,1
DA:15,5
DA:16,5
DA:17,5
DA:18,5
DA:19,5
DA:20,5
DA:21,5
DA:23,5
DA:24,0
DA:25,0
DA:26,0
DA:27,0
DA:29,0
DA:30,0
DA:31,0
DA:34,0
DA:35,0
DA:36,0
DA:38,0
DA:39,0
DA:40,0
DA:41,0
DA:42,0
DA:44,0
DA:46,0
DA:50,5
DA:51,0
DA:52,0
DA:53,0
DA:55,0
DA:56,0
DA:57,0
DA:63,0
DA:64,0
DA:66,0
DA:67,0
DA:69,0
DA:73,5
DA:74,0
DA:75,0
DA:76,0
DA:77,0
DA:78,0
DA:79,0
DA:82,5
DA:155,0
LF:58
LH:23
BRDA:26,0,0,0
BRDA:26,0,1,0
BRDA:27,1,0,0
BRDA:27,1,1,0
BRDA:29,2,0,0
BRDA:29,3,0,0
BRDA:29,3,1,0
BRDA:51,4,0,0
BRDA:51,5,0,0
BRDA:51,5,1,0
BRDA:67,6,0,0
BRDA:67,6,1,0
BRDA:89,7,0,5
BRDA:89,7,1,0
BRDA:118,8,0,0
BRDA:118,8,1,5
BRDA:170,9,0,0
BRDA:170,9,1,0
BRF:18
BRH:2
end_of_record
TN:
SF:src\components\TopBar\TopBar.tsx
FN:10,TopBar
FN:17,(anonymous_1)
FNF:2
FNH:0
FNDA:0,TopBar
FNDA:0,(anonymous_1)
DA:11,0
DA:12,0
DA:13,0
DA:14,0
DA:15,0
DA:17,0
DA:18,0
DA:19,0
DA:20,0
DA:21,0
DA:24,0
LF:11
LH:0
BRDA:33,0,0,0
BRDA:33,0,1,0
BRDA:40,1,0,0
BRDA:40,1,1,0
BRDA:49,2,0,0
BRDA:49,2,1,0
BRDA:51,3,0,0
BRDA:51,3,1,0
BRF:8
BRH:0
end_of_record
TN:
SF:src\components\TransactionHistoryForm\TransactionHistoryForm.tsx
FN:15,TransactionHistoryForm
FN:33,(anonymous_2)
FN:39,(anonymous_3)
FN:82,(anonymous_4)
FN:95,(anonymous_5)
FN:100,(anonymous_6)
FN:101,(anonymous_7)
FN:107,(anonymous_8)
FN:121,(anonymous_9)
FN:125,(anonymous_10)
FN:126,(anonymous_11)
FN:130,(anonymous_12)
FNF:12
FNH:3
FNDA:9,TransactionHistoryForm
FNDA:6,(anonymous_2)
FNDA:3,(anonymous_3)
FNDA:0,(anonymous_4)
FNDA:0,(anonymous_5)
FNDA:0,(anonymous_6)
FNDA:0,(anonymous_7)
FNDA:0,(anonymous_8)
FNDA:0,(anonymous_9)
FNDA:0,(anonymous_10)
FNDA:0,(anonymous_11)
FNDA:0,(anonymous_12)
DA:1,1
DA:2,1
DA:3,1
DA:4,1
DA:6,1
DA:7,1
DA:8,1
DA:9,1
DA:10,1
DA:11,1
DA:13,1
DA:15,1
DA:16,9
DA:17,9
DA:18,9
DA:19,9
DA:20,9
DA:21,9
DA:22,9
DA:27,9
DA:28,9
DA:29,9
DA:31,9
DA:32,9
DA:33,9
DA:34,6
DA:35,1
DA:36,1
DA:39,9
DA:40,3
DA:41,3
DA:42,3
DA:43,3
DA:44,3
DA:46,3
DA:47,0
DA:48,0
DA:51,3
DA:52,3
DA:54,3
DA:55,3
DA:56,1
DA:57,1
DA:58,1
DA:59,1
DA:60,1
DA:61,1
DA:62,1
DA:63,0
DA:66,2
DA:68,2
DA:69,0
DA:71,2
DA:73,2
DA:74,2
DA:75,2
DA:76,2
DA:78,3
DA:82,9
DA:83,0
DA:84,0
DA:85,0
DA:86,0
DA:87,0
DA:96,0
DA:97,0
DA:98,0
DA:100,0
DA:101,0
DA:103,0
DA:107,9
DA:108,0
DA:109,0
DA:110,0
DA:111,0
DA:112,0
DA:113,0
DA:122,0
DA:123,0
DA:125,0
DA:126,0
DA:130,9
DA:131,0
DA:132,0
DA:133,0
DA:134,0
DA:135,0
DA:136,0
DA:137,0
DA:140,9
LF:90
LH:58
BRDA:32,0,0,1
BRDA:32,0,1,8
BRDA:34,1,0,5
BRDA:34,2,0,6
BRDA:34,2,1,1
BRDA:42,3,0,3
BRDA:42,3,1,0
BRDA:43,4,0,3
BRDA:43,4,1,0
BRDA:44,5,0,3
BRDA:44,5,1,0
BRDA:46,6,0,0
BRDA:62,7,0,0
BRDA:68,8,0,0
BRDA:68,8,1,2
BRDA:83,9,0,0
BRDA:85,10,0,0
BRDA:85,10,1,0
BRDA:108,11,0,0
BRDA:111,12,0,0
BRDA:182,13,0,3
BRDA:182,13,1,6
BRDA:201,14,0,9
BRDA:201,14,1,6
BRF:24
BRH:13
end_of_record
TN:
SF:src\components\TransactionsTable\TransactionTable.tsx
FN:27,matchesFilter
FN:34,isRedemptionOrExpiration
FN:38,formatDate
FN:47,TransactionTable
FN:50,(anonymous_4)
FN:63,(anonymous_5)
FN:88,(anonymous_6)
FNF:7
FNH:6
FNDA:1,matchesFilter
FNDA:2,isRedemptionOrExpiration
FNDA:1,formatDate
FNDA:6,TransactionTable
FNDA:1,(anonymous_4)
FNDA:0,(anonymous_5)
FNDA:1,(anonymous_6)
DA:1,1
DA:3,1
DA:11,1
DA:12,1
DA:13,1
DA:28,1
DA:29,0
DA:30,0
DA:31,0
DA:35,2
DA:39,1
DA:40,1
DA:47,1
DA:48,6
DA:50,6
DA:52,6
DA:53,5
DA:61,1
DA:63,0
DA:89,1
LF:20
LH:16
BRDA:28,0,0,1
BRDA:29,1,0,0
BRDA:29,2,0,0
BRDA:29,2,1,0
BRDA:30,3,0,0
BRDA:30,4,0,0
BRDA:30,4,1,0
BRDA:35,5,0,2
BRDA:35,5,1,2
BRDA:52,6,0,5
BRDA:52,7,0,6
BRDA:52,7,1,6
BRDA:81,8,0,0
BRDA:81,8,1,1
BRDA:93,9,0,1
BRDA:93,9,1,0
BRDA:109,10,0,0
BRDA:109,10,1,1
BRDA:111,11,0,0
BRDA:111,11,1,1
BRDA:116,12,0,0
BRDA:116,12,1,1
BRF:22
BRH:11
end_of_record
TN:
SF:src\components\TransactionsTable\TransactionTableWithPagination.tsx
FN:22,TransactionTableWithPagination
FN:51,(anonymous_2)
FN:60,(anonymous_3)
FN:80,(anonymous_4)
FN:90,(anonymous_5)
FNF:5
FNH:2
FNDA:6,TransactionTableWithPagination
FNDA:0,(anonymous_2)
FNDA:3,(anonymous_3)
FNDA:0,(anonymous_4)
FNDA:0,(anonymous_5)
DA:3,1
DA:4,1
DA:5,1
DA:6,1
DA:8,1
DA:22,1
DA:31,6
DA:32,6
DA:33,6
DA:35,6
DA:36,5
DA:39,1
DA:51,0
DA:61,3
DA:80,0
DA:90,0
LF:16
LH:13
BRDA:29,0,0,0
BRDA:32,1,0,5
BRDA:32,1,1,1
BRDA:33,2,0,5
BRDA:33,2,1,1
BRDA:35,3,0,5
BRDA:35,4,0,6
BRDA:35,4,1,6
BRDA:81,5,0,1
BRDA:81,5,1,0
BRDA:91,6,0,1
BRDA:91,6,1,0
BRF:12
BRH:9
end_of_record
TN:
SF:src\components\program\ProgramConfigForm.tsx
FN:16,ProgramConfigForm
FN:23,(anonymous_1)
FN:27,(anonymous_2)
FN:48,(anonymous_3)
FN:55,(anonymous_4)
FN:56,(anonymous_5)
FN:59,(anonymous_6)
FN:67,(anonymous_7)
FN:78,(anonymous_8)
FN:84,(anonymous_9)
FN:88,(anonymous_10)
FN:101,(anonymous_11)
FN:127,(anonymous_12)
FN:135,(anonymous_13)
FN:144,(anonymous_14)
FN:153,(anonymous_15)
FN:162,(anonymous_16)
FN:177,(anonymous_17)
FN:185,(anonymous_18)
FN:197,(anonymous_19)
FN:207,(anonymous_20)
FN:223,(anonymous_21)
FN:224,(anonymous_22)
FN:236,(anonymous_23)
FN:246,(anonymous_24)
FN:256,(anonymous_25)
FN:272,(anonymous_26)
FN:273,(anonymous_27)
FN:285,(anonymous_28)
FNF:29
FNH:0
FNDA:0,ProgramConfigForm
FNDA:0,(anonymous_1)
FNDA:0,(anonymous_2)
FNDA:0,(anonymous_3)
FNDA:0,(anonymous_4)
FNDA:0,(anonymous_5)
FNDA:0,(anonymous_6)
FNDA:0,(anonymous_7)
FNDA:0,(anonymous_8)
FNDA:0,(anonymous_9)
FNDA:0,(anonymous_10)
FNDA:0,(anonymous_11)
FNDA:0,(anonymous_12)
FNDA:0,(anonymous_13)
FNDA:0,(anonymous_14)
FNDA:0,(anonymous_15)
FNDA:0,(anonymous_16)
FNDA:0,(anonymous_17)
FNDA:0,(anonymous_18)
FNDA:0,(anonymous_19)
FNDA:0,(anonymous_20)
FNDA:0,(anonymous_21)
FNDA:0,(anonymous_22)
FNDA:0,(anonymous_23)
FNDA:0,(anonymous_24)
FNDA:0,(anonymous_25)
FNDA:0,(anonymous_26)
FNDA:0,(anonymous_27)
FNDA:0,(anonymous_28)
DA:17,0
DA:18,0
DA:19,0
DA:20,0
DA:21,0
DA:23,0
DA:24,0
DA:27,0
DA:28,0
DA:29,0
DA:30,0
DA:32,0
DA:33,0
DA:34,0
DA:36,0
DA:37,0
DA:38,0
DA:39,0
DA:40,0
DA:44,0
DA:48,0
DA:49,0
DA:50,0
DA:51,0
DA:52,0
DA:55,0
DA:56,0
DA:59,0
DA:60,0
DA:61,0
DA:62,0
DA:63,0
DA:64,0
DA:65,0
DA:67,0
DA:74,0
DA:75,0
DA:78,0
DA:79,0
DA:80,0
DA:81,0
DA:82,0
DA:84,0
DA:88,0
DA:93,0
DA:101,0
DA:127,0
DA:135,0
DA:144,0
DA:153,0
DA:162,0
DA:177,0
DA:185,0
DA:198,0
DA:207,0
DA:223,0
DA:225,0
DA:226,0
DA:227,0
DA:236,0
DA:247,0
DA:256,0
DA:272,0
DA:274,0
DA:275,0
DA:276,0
DA:285,0
LF:67
LH:0
BRDA:28,0,0,0
BRDA:32,1,0,0
BRDA:32,2,0,0
BRDA:32,2,1,0
BRDA:61,3,0,0
BRDA:63,4,0,0
BRDA:64,5,0,0
BRDA:64,5,1,0
BRDA:74,6,0,0
BRDA:74,6,1,0
BRDA:80,7,0,0
BRDA:100,8,0,0
BRDA:100,8,1,0
BRDA:110,9,0,0
BRDA:110,9,1,0
BRDA:204,10,0,0
BRDA:204,10,1,0
BRDA:217,11,0,0
BRDA:217,11,1,0
BRDA:225,12,0,0
BRDA:253,13,0,0
BRDA:253,13,1,0
BRDA:266,14,0,0
BRDA:266,14,1,0
BRDA:274,15,0,0
BRF:25
BRH:0
end_of_record
TN:
SF:src\components\program\TenantsManager.tsx
FN:62,TenantsManager
FN:71,(anonymous_1)
FN:73,(anonymous_2)
FN:79,(anonymous_3)
FN:85,(anonymous_4)
FN:92,(anonymous_5)
FN:142,(anonymous_6)
FN:162,(anonymous_7)
FN:163,(anonymous_8)
FN:184,(anonymous_9)
FN:210,(anonymous_10)
FN:225,(anonymous_11)
FN:231,(anonymous_12)
FN:256,(anonymous_13)
FN:262,(anonymous_14)
FN:268,(anonymous_15)
FN:276,(anonymous_16)
FN:284,(anonymous_17)
FN:292,(anonymous_18)
FN:306,(anonymous_19)
FN:312,(anonymous_20)
FN:323,(anonymous_21)
FNF:22
FNH:0
FNDA:0,TenantsManager
FNDA:0,(anonymous_1)
FNDA:0,(anonymous_2)
FNDA:0,(anonymous_3)
FNDA:0,(anonymous_4)
FNDA:0,(anonymous_5)
FNDA:0,(anonymous_6)
FNDA:0,(anonymous_7)
FNDA:0,(anonymous_8)
FNDA:0,(anonymous_9)
FNDA:0,(anonymous_10)
FNDA:0,(anonymous_11)
FNDA:0,(anonymous_12)
FNDA:0,(anonymous_13)
FNDA:0,(anonymous_14)
FNDA:0,(anonymous_15)
FNDA:0,(anonymous_16)
FNDA:0,(anonymous_17)
FNDA:0,(anonymous_18)
FNDA:0,(anonymous_19)
FNDA:0,(anonymous_20)
FNDA:0,(anonymous_21)
DA:50,0
DA:63,0
DA:64,0
DA:65,0
DA:66,0
DA:67,0
DA:68,0
DA:69,0
DA:71,0
DA:72,0
DA:74,0
DA:79,0
DA:80,0
DA:81,0
DA:82,0
DA:85,0
DA:86,0
DA:87,0
DA:88,0
DA:89,0
DA:92,0
DA:93,0
DA:94,0
DA:95,0
DA:97,0
DA:98,0
DA:99,0
DA:102,0
DA:103,0
DA:104,0
DA:105,0
DA:106,0
DA:116,0
DA:117,0
DA:118,0
DA:120,0
DA:129,0
DA:130,0
DA:131,0
DA:132,0
DA:134,0
DA:138,0
DA:142,0
DA:143,0
DA:144,0
DA:145,0
DA:146,0
DA:147,0
DA:151,0
DA:152,0
DA:153,0
DA:154,0
DA:158,0
DA:162,0
DA:163,0
DA:166,0
DA:184,0
DA:211,0
DA:225,0
DA:231,0
DA:256,0
DA:262,0
DA:268,0
DA:276,0
DA:284,0
DA:292,0
DA:306,0
DA:312,0
DA:323,0
LF:69
LH:0
BRDA:74,0,0,0
BRDA:74,0,1,0
BRDA:74,0,2,0
BRDA:93,1,0,0
BRDA:93,2,0,0
BRDA:93,2,1,0
BRDA:93,2,2,0
BRDA:97,3,0,0
BRDA:97,4,0,0
BRDA:97,4,1,0
BRDA:104,5,0,0
BRDA:104,5,1,0
BRDA:143,6,0,0
BRDA:203,7,0,0
BRDA:203,7,1,0
BRDA:222,8,0,0
BRDA:222,8,1,0
BRDA:222,9,0,0
BRDA:222,9,1,0
BRDA:222,10,0,0
BRDA:222,10,1,0
BRDA:248,11,0,0
BRDA:248,11,1,0
BRDA:250,12,0,0
BRDA:250,12,1,0
BRDA:316,13,0,0
BRDA:316,13,1,0
BRDA:323,14,0,0
BRDA:323,14,1,0
BRDA:335,15,0,0
BRDA:335,15,1,0
BRF:31
BRH:0
end_of_record
TN:
SF:src\components\rules\ConditionBadge.tsx
FN:3,ConditionBadge
FNF:1
FNH:0
FNDA:0,ConditionBadge
DA:4,0
DA:5,0
DA:6,0
DA:8,0
LF:4
LH:0
BRDA:4,0,0,0
BRDA:4,0,1,0
BRDA:5,1,0,0
BRDA:5,1,1,0
BRDA:6,2,0,0
BRDA:6,2,1,0
BRF:6
BRH:0
end_of_record
TN:
SF:src\components\rules\FactsManager.tsx
FN:20,FactsManager
FN:25,(anonymous_1)
FN:27,(anonymous_2)
FN:30,handleAdd
FN:45,handleDelete
FN:65,(anonymous_5)
FN:74,(anonymous_6)
FN:90,(anonymous_7)
FN:96,(anonymous_8)
FNF:9
FNH:0
FNDA:0,FactsManager
FNDA:0,(anonymous_1)
FNDA:0,(anonymous_2)
FNDA:0,handleAdd
FNDA:0,handleDelete
FNDA:0,(anonymous_5)
FNDA:0,(anonymous_6)
FNDA:0,(anonymous_7)
FNDA:0,(anonymous_8)
DA:12,0
DA:21,0
DA:22,0
DA:24,0
DA:25,0
DA:26,0
DA:27,0
DA:31,0
DA:32,0
DA:33,0
DA:34,0
DA:36,0
DA:37,0
DA:38,0
DA:40,0
DA:41,0
DA:42,0
DA:46,0
DA:47,0
DA:48,0
DA:50,0
DA:51,0
DA:52,0
DA:55,0
DA:66,0
DA:74,0
DA:90,0
DA:96,0
LF:28
LH:0
BRDA:26,0,0,0
BRDA:26,0,1,0
BRDA:26,0,2,0
BRDA:32,1,0,0
BRDA:36,2,0,0
BRDA:46,3,0,0
BRDA:67,4,0,0
BRDA:67,4,1,0
BRDA:75,5,0,0
BRDA:75,5,1,0
BRDA:76,6,0,0
BRDA:76,6,1,0
BRF:12
BRH:0
end_of_record
TN:
SF:src\components\rules\RuleCard.tsx
FN:19,RuleCard
FN:43,(anonymous_1)
FN:58,(anonymous_2)
FN:78,(anonymous_3)
FN:85,(anonymous_4)
FNF:5
FNH:0
FNDA:0,RuleCard
FNDA:0,(anonymous_1)
FNDA:0,(anonymous_2)
FNDA:0,(anonymous_3)
FNDA:0,(anonymous_4)
DA:20,0
DA:21,0
DA:22,0
DA:23,0
DA:24,0
DA:25,0
DA:26,0
DA:28,0
DA:43,0
DA:59,0
DA:78,0
DA:85,0
LF:12
LH:0
BRDA:20,0,0,0
BRDA:20,0,1,0
BRDA:21,1,0,0
BRDA:21,1,1,0
BRDA:21,1,2,0
BRDA:23,2,0,0
BRDA:23,2,1,0
BRDA:24,3,0,0
BRDA:24,3,1,0
BRDA:24,4,0,0
BRDA:24,4,1,0
BRDA:25,5,0,0
BRDA:25,5,1,0
BRDA:29,6,0,0
BRDA:29,6,1,0
BRDA:53,7,0,0
BRDA:53,7,1,0
BRDA:60,8,0,0
BRDA:60,8,1,0
BRDA:61,9,0,0
BRDA:61,9,1,0
BRF:21
BRH:0
end_of_record
TN:
SF:src\components\rules\RuleFormDialog.tsx
FN:36,emptyCondition
FN:40,emptyDecision
FN:48,RuleFormDialog
FN:64,(anonymous_3)
FN:78,setConditions
FN:79,(anonymous_5)
FN:85,updateCondition
FN:86,(anonymous_7)
FN:90,addCondition
FN:94,removeCondition
FN:96,(anonymous_10)
FN:99,parseConditionValue
FN:103,(anonymous_12)
FN:115,handleSave
FN:135,(anonymous_14)
FN:136,(anonymous_15)
FN:157,(anonymous_16)
FN:172,(anonymous_17)
FN:173,(anonymous_18)
FN:184,(anonymous_19)
FN:185,(anonymous_20)
FN:196,(anonymous_21)
FN:198,(anonymous_22)
FN:222,(anonymous_23)
FN:226,(anonymous_24)
FN:231,(anonymous_25)
FN:242,(anonymous_26)
FN:247,(anonymous_27)
FN:261,(anonymous_28)
FN:271,(anonymous_29)
FN:282,(anonymous_30)
FNF:31
FNH:0
FNDA:0,emptyCondition
FNDA:0,emptyDecision
FNDA:0,RuleFormDialog
FNDA:0,(anonymous_3)
FNDA:0,setConditions
FNDA:0,(anonymous_5)
FNDA:0,updateCondition
FNDA:0,(anonymous_7)
FNDA:0,addCondition
FNDA:0,removeCondition
FNDA:0,(anonymous_10)
FNDA:0,parseConditionValue
FNDA:0,(anonymous_12)
FNDA:0,handleSave
FNDA:0,(anonymous_14)
FNDA:0,(anonymous_15)
FNDA:0,(anonymous_16)
FNDA:0,(anonymous_17)
FNDA:0,(anonymous_18)
FNDA:0,(anonymous_19)
FNDA:0,(anonymous_20)
FNDA:0,(anonymous_21)
FNDA:0,(anonymous_22)
FNDA:0,(anonymous_23)
FNDA:0,(anonymous_24)
FNDA:0,(anonymous_25)
FNDA:0,(anonymous_26)
FNDA:0,(anonymous_27)
FNDA:0,(anonymous_28)
FNDA:0,(anonymous_29)
FNDA:0,(anonymous_30)
DA:37,0
DA:41,0
DA:58,0
DA:59,0
DA:60,0
DA:62,0
DA:64,0
DA:65,0
DA:66,0
DA:67,0
DA:68,0
DA:70,0
DA:71,0
DA:72,0
DA:76,0
DA:79,0
DA:86,0
DA:87,0
DA:91,0
DA:95,0
DA:96,0
DA:100,0
DA:101,0
DA:102,0
DA:103,0
DA:104,0
DA:105,0
DA:108,0
DA:109,0
DA:110,0
DA:112,0
DA:116,0
DA:117,0
DA:118,0
DA:120,0
DA:121,0
DA:122,0
DA:124,0
DA:125,0
DA:126,0
DA:127,0
DA:131,0
DA:135,0
DA:136,0
DA:138,0
DA:142,0
DA:158,0
DA:173,0
DA:185,0
DA:197,0
DA:198,0
DA:223,0
DA:226,0
DA:232,0
DA:242,0
DA:248,0
DA:261,0
DA:271,0
DA:282,0
LF:59
LH:0
BRDA:65,0,0,0
BRDA:65,0,1,0
BRDA:67,1,0,0
BRDA:67,1,1,0
BRDA:76,2,0,0
BRDA:76,2,1,0
BRDA:76,3,0,0
BRDA:76,3,1,0
BRDA:81,4,0,0
BRDA:81,4,1,0
BRDA:86,5,0,0
BRDA:86,5,1,0
BRDA:95,6,0,0
BRDA:101,7,0,0
BRDA:101,8,0,0
BRDA:101,8,1,0
BRDA:105,9,0,0
BRDA:105,9,1,0
BRDA:108,10,0,0
BRDA:110,11,0,0
BRDA:110,11,1,0
BRDA:116,12,0,0
BRDA:120,13,0,0
BRDA:120,14,0,0
BRDA:120,14,1,0
BRDA:125,15,0,0
BRDA:125,16,0,0
BRDA:125,16,1,0
BRDA:134,17,0,0
BRDA:134,17,1,0
BRDA:146,18,0,0
BRDA:146,18,1,0
BRDA:200,19,0,0
BRDA:200,19,1,0
BRDA:227,20,0,0
BRDA:227,20,1,0
BRDA:233,21,0,0
BRDA:233,21,1,0
BRDA:259,22,0,0
BRDA:259,22,1,0
BRDA:286,23,0,0
BRDA:286,23,1,0
BRDA:287,24,0,0
BRDA:287,24,1,0
BRF:44
BRH:0
end_of_record
TN:
SF:src\components\rules\RulesManager.tsx
FN:38,RulesManager
FN:53,(anonymous_1)
FN:55,(anonymous_2)
FN:59,(anonymous_3)
FN:61,(anonymous_4)
FN:65,(anonymous_5)
FN:79,(anonymous_6)
FN:82,(anonymous_7)
FN:83,(anonymous_8)
FN:86,persistRules
FN:99,handleToggle
FN:103,(anonymous_11)
FN:113,handleEdit
FN:118,handleCreate
FN:123,handleSave
FN:128,(anonymous_15)
FN:131,(anonymous_16)
FN:141,(anonymous_17)
FN:145,(anonymous_18)
FN:164,confirmDelete
FN:169,(anonymous_20)
FN:178,handleAttributesChange
FN:199,(anonymous_22)
FN:240,(anonymous_23)
FN:247,(anonymous_24)
FN:282,(anonymous_25)
FNF:26
FNH:0
FNDA:0,RulesManager
FNDA:0,(anonymous_1)
FNDA:0,(anonymous_2)
FNDA:0,(anonymous_3)
FNDA:0,(anonymous_4)
FNDA:0,(anonymous_5)
FNDA:0,(anonymous_6)
FNDA:0,(anonymous_7)
FNDA:0,(anonymous_8)
FNDA:0,persistRules
FNDA:0,handleToggle
FNDA:0,(anonymous_11)
FNDA:0,handleEdit
FNDA:0,handleCreate
FNDA:0,handleSave
FNDA:0,(anonymous_15)
FNDA:0,(anonymous_16)
FNDA:0,(anonymous_17)
FNDA:0,(anonymous_18)
FNDA:0,confirmDelete
FNDA:0,(anonymous_20)
FNDA:0,handleAttributesChange
FNDA:0,(anonymous_22)
FNDA:0,(anonymous_23)
FNDA:0,(anonymous_24)
FNDA:0,(anonymous_25)
DA:29,0
DA:44,0
DA:45,0
DA:46,0
DA:47,0
DA:48,0
DA:49,0
DA:51,0
DA:52,0
DA:53,0
DA:55,0
DA:56,0
DA:57,0
DA:58,0
DA:59,0
DA:60,0
DA:61,0
DA:63,0
DA:64,0
DA:65,0
DA:66,0
DA:67,0
DA:68,0
DA:69,0
DA:70,0
DA:72,0
DA:75,0
DA:76,0
DA:78,0
DA:79,0
DA:82,0
DA:83,0
DA:87,0
DA:88,0
DA:89,0
DA:90,0
DA:91,0
DA:93,0
DA:95,0
DA:100,0
DA:101,0
DA:104,0
DA:107,0
DA:108,0
DA:109,0
DA:110,0
DA:114,0
DA:115,0
DA:119,0
DA:120,0
DA:124,0
DA:125,0
DA:126,0
DA:127,0
DA:128,0
DA:129,0
DA:130,0
DA:131,0
DA:133,0
DA:135,0
DA:137,0
DA:138,0
DA:140,0
DA:141,0
DA:142,0
DA:143,0
DA:145,0
DA:146,0
DA:147,0
DA:151,0
DA:152,0
DA:153,0
DA:155,0
DA:156,0
DA:158,0
DA:160,0
DA:165,0
DA:166,0
DA:167,0
DA:169,0
DA:171,0
DA:172,0
DA:173,0
DA:174,0
DA:175,0
DA:179,0
DA:180,0
DA:181,0
DA:182,0
DA:183,0
DA:186,0
DA:188,0
DA:200,0
DA:241,0
DA:247,0
DA:282,0
LF:96
LH:0
BRDA:51,0,0,0
BRDA:51,0,1,0
BRDA:52,1,0,0
BRDA:52,1,1,0
BRDA:56,2,0,0
BRDA:63,3,0,0
BRDA:67,4,0,0
BRDA:67,4,1,0
BRDA:67,5,0,0
BRDA:67,5,1,0
BRDA:68,6,0,0
BRDA:68,6,1,0
BRDA:69,7,0,0
BRDA:69,7,1,0
BRDA:70,8,0,0
BRDA:70,8,1,0
BRDA:103,9,0,0
BRDA:103,9,1,0
BRDA:104,10,0,0
BRDA:104,10,1,0
BRDA:104,11,0,0
BRDA:104,11,1,0
BRDA:109,12,0,0
BRDA:109,12,1,0
BRDA:126,13,0,0
BRDA:126,13,1,0
BRDA:130,14,0,0
BRDA:130,14,1,0
BRDA:131,15,0,0
BRDA:131,15,1,0
BRDA:140,16,0,0
BRDA:146,17,0,0
BRDA:146,17,1,0
BRDA:155,18,0,0
BRDA:155,18,1,0
BRDA:165,19,0,0
BRDA:169,20,0,0
BRDA:169,20,1,0
BRDA:174,21,0,0
BRDA:174,21,1,0
BRDA:183,22,0,0
BRDA:227,23,0,0
BRDA:227,23,1,0
BRDA:235,24,0,0
BRDA:235,24,1,0
BRDA:236,25,0,0
BRDA:236,25,1,0
BRDA:257,26,0,0
BRDA:257,26,1,0
BRDA:275,27,0,0
BRDA:275,27,1,0
BRDA:282,28,0,0
BRF:52
BRH:0
end_of_record
TN:
SF:src\components\ui\alert-dialog.tsx
FN:14,(anonymous_0)
FN:29,(anonymous_1)
FN:44,(anonymous_2)
FN:49,(anonymous_3)
FN:57,(anonymous_4)
FN:65,(anonymous_5)
FN:73,(anonymous_6)
FN:81,(anonymous_7)
FNF:8
FNH:0
FNDA:0,(anonymous_0)
FNDA:0,(anonymous_1)
FNDA:0,(anonymous_2)
FNDA:0,(anonymous_3)
FNDA:0,(anonymous_4)
FNDA:0,(anonymous_5)
FNDA:0,(anonymous_6)
FNDA:0,(anonymous_7)
DA:7,0
DA:8,0
DA:9,0
DA:11,0
DA:15,0
DA:24,0
DA:26,0
DA:30,0
DA:42,0
DA:44,0
DA:45,0
DA:47,0
DA:49,0
DA:50,0
DA:52,0
DA:54,0
DA:58,0
DA:60,0
DA:62,0
DA:66,0
DA:68,0
DA:70,0
DA:74,0
DA:76,0
DA:78,0
DA:82,0
DA:88,0
LF:27
LH:0
BRF:0
BRH:0
end_of_record
TN:
SF:src\components\ui\badge.tsx
FN:25,Badge
FNF:1
FNH:0
FNDA:0,Badge
DA:2,1
DA:4,1
DA:6,1
DA:26,0
DA:29,1
LF:5
LH:4
BRF:0
BRH:0
end_of_record
TN:
SF:src\components\ui\button.tsx
FN:45,(anonymous_6)
FNF:1
FNH:1
FNDA:66,(anonymous_6)
DA:1,4
DA:2,4
DA:3,4
DA:5,4
DA:7,4
DA:44,4
DA:46,66
DA:47,66
DA:50,4
DA:52,4
LF:10
LH:10
BRDA:45,0,0,66
BRDA:46,1,0,0
BRDA:46,1,1,66
BRF:3
BRH:2
end_of_record
TN:
SF:src\components\ui\card.tsx
FN:5,(anonymous_0)
FN:16,(anonymous_1)
FN:23,(anonymous_2)
FN:30,(anonymous_3)
FN:37,(anonymous_4)
FN:42,(anonymous_5)
FNF:6
FNH:0
FNDA:0,(anonymous_0)
FNDA:0,(anonymous_1)
FNDA:0,(anonymous_2)
FNDA:0,(anonymous_3)
FNDA:0,(anonymous_4)
FNDA:0,(anonymous_5)
DA:4,0
DA:6,0
DA:13,0
DA:15,0
DA:17,0
DA:20,0
DA:22,0
DA:24,0
DA:27,0
DA:29,0
DA:31,0
DA:34,0
DA:36,0
DA:37,0
DA:39,0
DA:41,0
DA:43,0
DA:46,0
LF:18
LH:0
BRF:0
BRH:0
end_of_record
TN:
SF:src\components\ui\checkbox.tsx
FN:10,(anonymous_6)
FNF:1
FNH:1
FNDA:6,(anonymous_6)
DA:1,1
DA:2,1
DA:3,1
DA:5,1
DA:7,1
DA:11,6
DA:24,1
DA:26,1
LF:8
LH:8
BRF:0
BRH:0
end_of_record
TN:
SF:src\components\ui\dialog.tsx
FN:15,(anonymous_0)
FN:30,(anonymous_1)
FN:51,(anonymous_2)
FN:56,(anonymous_3)
FN:64,(anonymous_4)
FN:76,(anonymous_5)
FNF:6
FNH:0
FNDA:0,(anonymous_0)
FNDA:0,(anonymous_1)
FNDA:0,(anonymous_2)
FNDA:0,(anonymous_3)
FNDA:0,(anonymous_4)
FNDA:0,(anonymous_5)
DA:7,0
DA:8,0
DA:9,0
DA:10,0
DA:12,0
DA:16,0
DA:25,0
DA:27,0
DA:31,0
DA:49,0
DA:51,0
DA:52,0
DA:54,0
DA:56,0
DA:57,0
DA:59,0
DA:61,0
DA:65,0
DA:71,0
DA:73,0
DA:77,0
DA:79,0
LF:22
LH:0
BRF:0
BRH:0
end_of_record
TN:
SF:src\components\ui\input.tsx
FN:6,(anonymous_6)
FNF:1
FNH:1
FNDA:79,(anonymous_6)
DA:1,4
DA:3,4
DA:5,4
DA:7,79
DA:20,4
DA:22,4
LF:6
LH:6
BRF:0
BRH:0
end_of_record
TN:
SF:src\components\ui\label.tsx
FN:14,(anonymous_6)
FNF:1
FNH:1
FNDA:100,(anonymous_6)
DA:1,4
DA:2,4
DA:3,4
DA:5,4
DA:7,4
DA:11,4
DA:15,100
DA:17,4
DA:19,4
LF:9
LH:9
BRF:0
BRH:0
end_of_record
TN:
SF:src\components\ui\select.tsx
FN:14,(anonymous_6)
FN:34,(anonymous_7)
FN:64,(anonymous_8)
FNF:3
FNH:3
FNDA:15,(anonymous_6)
FNDA:15,(anonymous_7)
FNDA:15,(anonymous_8)
DA:1,1
DA:2,1
DA:3,1
DA:5,1
DA:7,1
DA:8,1
DA:9,1
DA:11,1
DA:15,15
DA:29,1
DA:31,1
DA:35,15
DA:59,1
DA:61,1
DA:65,15
DA:81,1
DA:83,1
LF:17
LH:17
BRDA:34,0,0,15
BRDA:40,1,0,15
BRDA:40,1,1,15
BRDA:50,2,0,15
BRDA:50,2,1,15
BRF:5
BRH:5
end_of_record
TN:
SF:src\components\ui\separator.tsx
FN:9,(anonymous_0)
FNF:1
FNH:0
FNDA:0,(anonymous_0)
DA:6,0
DA:10,0
DA:22,0
LF:3
LH:0
BRDA:9,0,0,0
BRDA:9,1,0,0
BRDA:16,2,0,0
BRDA:16,2,1,0
BRF:4
BRH:0
end_of_record
TN:
SF:src\components\ui\sonner.tsx
FN:5,(anonymous_0)
FNF:1
FNH:0
FNDA:0,(anonymous_0)
DA:5,0
DA:6,0
LF:2
LH:0
BRF:0
BRH:0
end_of_record
TN:
SF:src\components\ui\switch.tsx
FN:9,(anonymous_0)
FNF:1
FNH:0
FNDA:0,(anonymous_0)
DA:6,0
DA:10,0
DA:25,0
LF:3
LH:0
BRF:0
BRH:0
end_of_record
TN:
SF:src\components\ui\table.tsx
FN:6,(anonymous_6)
FN:17,(anonymous_7)
FN:25,(anonymous_8)
FN:31,(anonymous_9)
FN:47,(anonymous_10)
FN:62,(anonymous_11)
FNF:6
FNH:6
FNDA:1,(anonymous_6)
FNDA:1,(anonymous_7)
FNDA:1,(anonymous_8)
FNDA:2,(anonymous_9)
FNDA:3,(anonymous_10)
FNDA:3,(anonymous_11)
DA:1,1
DA:3,1
DA:5,1
DA:7,1
DA:12,1
DA:14,1
DA:18,1
DA:20,1
DA:22,1
DA:26,1
DA:28,1
DA:30,1
DA:32,2
DA:42,1
DA:44,1
DA:48,3
DA:57,1
DA:59,1
DA:63,3
DA:69,1
DA:71,1
LF:21
LH:21
BRF:0
BRH:0
end_of_record
TN:
SF:src\components\ui\tabs.tsx
FN:11,(anonymous_6)
FN:26,(anonymous_7)
FN:41,(anonymous_8)
FNF:3
FNH:2
FNDA:1,(anonymous_6)
FNDA:3,(anonymous_7)
FNDA:0,(anonymous_8)
DA:1,1
DA:2,1
DA:4,1
DA:6,1
DA:8,1
DA:12,1
DA:21,1
DA:23,1
DA:27,3
DA:36,1
DA:38,1
DA:42,0
DA:51,1
DA:53,1
LF:14
LH:13
BRF:0
BRH:0
end_of_record
TN:
SF:src\components\ui\tooltip.tsx
FN:15,(anonymous_0)
FNF:1
FNH:0
FNDA:0,(anonymous_0)
DA:6,0
DA:8,0
DA:10,0
DA:12,0
DA:16,0
DA:26,0
LF:6
LH:0
BRDA:15,0,0,0
BRF:1
BRH:0
end_of_record
TN:
SF:src\constants\auth.ts
FN:31,getDefaultPathForRole
FNF:1
FNH:0
FNDA:0,getDefaultPathForRole
DA:7,7
DA:8,7
DA:9,7
DA:11,7
DA:12,7
DA:14,7
DA:20,7
DA:25,7
DA:31,7
DA:32,0
LF:10
LH:9
BRDA:32,0,0,0
BRDA:32,0,1,0
BRF:2
BRH:0
end_of_record
TN:
SF:src\constants\pagination.ts
FNF:0
FNH:0
DA:2,4
LF:1
LH:1
BRF:0
BRH:0
end_of_record
TN:
SF:src\constants\rules.ts
FNF:0
FNH:0
DA:2,0
LF:1
LH:0
BRF:0
BRH:0
end_of_record
TN:
SF:src\layouts\ProtectedLayout.tsx
FN:4,ProtectedLayout
FNF:1
FNH:0
FNDA:0,ProtectedLayout
DA:5,0
LF:1
LH:0
BRF:0
BRH:0
end_of_record
TN:
SF:src\lib\utils.ts
FN:4,cn
FNF:1
FNH:1
FNDA:333,cn
DA:1,4
DA:2,4
DA:4,4
DA:5,333
LF:4
LH:4
BRF:0
BRH:0
end_of_record
TN:
SF:src\pages\Administration\Administration.tsx
FN:9,Administration
FNF:1
FNH:0
FNDA:0,Administration
DA:10,0
LF:1
LH:0
BRF:0
BRH:0
end_of_record
TN:
SF:src\pages\ChangePassword\ChangePassword.tsx
FN:14,ChangePassword
FN:32,(anonymous_1)
FN:125,(anonymous_2)
FN:125,(anonymous_3)
FN:131,(anonymous_4)
FN:131,(anonymous_5)
FN:147,(anonymous_6)
FN:147,(anonymous_7)
FN:153,(anonymous_8)
FN:153,(anonymous_9)
FN:169,(anonymous_10)
FN:169,(anonymous_11)
FN:175,(anonymous_12)
FN:175,(anonymous_13)
FN:202,(anonymous_14)
FNF:15
FNH:0
FNDA:0,ChangePassword
FNDA:0,(anonymous_1)
FNDA:0,(anonymous_2)
FNDA:0,(anonymous_3)
FNDA:0,(anonymous_4)
FNDA:0,(anonymous_5)
FNDA:0,(anonymous_6)
FNDA:0,(anonymous_7)
FNDA:0,(anonymous_8)
FNDA:0,(anonymous_9)
FNDA:0,(anonymous_10)
FNDA:0,(anonymous_11)
FNDA:0,(anonymous_12)
FNDA:0,(anonymous_13)
FNDA:0,(anonymous_14)
DA:15,0
DA:16,0
DA:17,0
DA:22,0
DA:27,0
DA:28,0
DA:30,0
DA:32,0
DA:33,0
DA:34,0
DA:36,0
DA:37,0
DA:38,0
DA:40,0
DA:41,0
DA:42,0
DA:44,0
DA:45,0
DA:46,0
DA:48,0
DA:49,0
DA:50,0
DA:53,0
DA:54,0
DA:55,0
DA:58,0
DA:59,0
DA:60,0
DA:63,0
DA:64,0
DA:65,0
DA:66,0
DA:67,0
DA:69,0
DA:70,0
DA:71,0
DA:73,0
DA:75,0
DA:77,0
DA:81,0
DA:82,0
DA:94,0
DA:125,0
DA:131,0
DA:147,0
DA:153,0
DA:169,0
DA:175,0
DA:202,0
LF:49
LH:0
BRDA:36,0,0,0
BRDA:36,1,0,0
BRDA:36,1,1,0
BRDA:36,1,2,0
BRDA:40,2,0,0
BRDA:44,3,0,0
BRDA:48,4,0,0
BRDA:53,5,0,0
BRDA:58,6,0,0
BRDA:67,7,0,0
BRDA:67,7,1,0
BRDA:69,8,0,0
BRDA:69,8,1,0
BRDA:70,9,0,0
BRDA:70,9,1,0
BRDA:70,10,0,0
BRDA:70,10,1,0
BRDA:73,11,0,0
BRDA:73,11,1,0
BRDA:75,12,0,0
BRDA:75,12,1,0
BRDA:81,13,0,0
BRDA:97,14,0,0
BRDA:97,14,1,0
BRDA:123,15,0,0
BRDA:123,15,1,0
BRDA:133,16,0,0
BRDA:133,16,1,0
BRDA:135,17,0,0
BRDA:135,17,1,0
BRDA:145,18,0,0
BRDA:145,18,1,0
BRDA:155,19,0,0
BRDA:155,19,1,0
BRDA:157,20,0,0
BRDA:157,20,1,0
BRDA:167,21,0,0
BRDA:167,21,1,0
BRDA:177,22,0,0
BRDA:177,22,1,0
BRDA:179,23,0,0
BRDA:179,23,1,0
BRDA:184,24,0,0
BRDA:184,24,1,0
BRDA:190,25,0,0
BRDA:190,25,1,0
BRDA:202,26,0,0
BRDA:202,26,1,0
BRF:48
BRH:0
end_of_record
TN:
SF:src\pages\ForgotPassword\ForgotPassword.tsx
FN:11,ForgotPassword
FN:18,(anonymous_1)
FN:36,(anonymous_2)
FN:103,(anonymous_3)
FNF:4
FNH:0
FNDA:0,ForgotPassword
FNDA:0,(anonymous_1)
FNDA:0,(anonymous_2)
FNDA:0,(anonymous_3)
DA:12,0
DA:13,0
DA:14,0
DA:15,0
DA:16,0
DA:18,0
DA:19,0
DA:20,0
DA:22,0
DA:23,0
DA:24,0
DA:27,0
DA:29,0
DA:30,0
DA:31,0
DA:32,0
DA:33,0
DA:34,0
DA:36,0
DA:37,0
DA:38,0
DA:41,0
DA:42,0
DA:43,0
DA:45,0
DA:47,0
DA:49,0
DA:53,0
DA:103,0
LF:29
LH:0
BRDA:22,0,0,0
BRDA:22,1,0,0
BRDA:22,1,1,0
BRDA:30,2,0,0
BRDA:30,2,1,0
BRDA:41,3,0,0
BRDA:41,3,1,0
BRDA:42,4,0,0
BRDA:42,4,1,0
BRDA:42,5,0,0
BRDA:42,5,1,0
BRDA:45,6,0,0
BRDA:45,6,1,0
BRDA:47,7,0,0
BRDA:47,7,1,0
BRDA:78,8,0,0
BRDA:78,8,1,0
BRDA:105,9,0,0
BRDA:105,9,1,0
BRDA:109,10,0,0
BRDA:109,10,1,0
BRDA:113,11,0,0
BRDA:113,11,1,0
BRDA:125,12,0,0
BRDA:125,12,1,0
BRF:25
BRH:0
end_of_record
TN:
SF:src\pages\Home\Home.tsx
FN:5,Home
FN:111,FeatureCard
FNF:2
FNH:0
FNDA:0,Home
FNDA:0,FeatureCard
DA:6,0
DA:120,0
LF:2
LH:0
BRF:0
BRH:0
end_of_record
TN:
SF:src\pages\Login\Login.tsx
FN:17,isEmail
FN:21,Login
FN:30,(anonymous_2)
FN:144,(anonymous_3)
FN:164,(anonymous_4)
FNF:5
FNH:1
FNDA:0,isEmail
FNDA:7,Login
FNDA:0,(anonymous_2)
FNDA:0,(anonymous_3)
FNDA:0,(anonymous_4)
DA:1,1
DA:2,1
DA:3,1
DA:4,1
DA:5,1
DA:6,1
DA:7,1
DA:8,1
DA:9,1
DA:10,1
DA:11,1
DA:12,1
DA:13,1
DA:14,1
DA:15,1
DA:18,0
DA:21,1
DA:22,7
DA:23,6
DA:24,6
DA:25,6
DA:26,6
DA:27,6
DA:28,6
DA:30,6
DA:31,0
DA:32,0
DA:34,0
DA:35,0
DA:36,0
DA:38,0
DA:39,0
DA:40,0
DA:43,0
DA:45,0
DA:48,0
DA:49,0
DA:50,0
DA:51,0
DA:53,0
DA:54,0
DA:56,0
DA:64,0
DA:65,0
DA:66,0
DA:68,0
DA:69,0
DA:71,0
DA:72,0
DA:73,0
DA:74,0
DA:75,0
DA:76,0
DA:77,0
DA:78,0
DA:79,0
DA:80,0
DA:81,0
DA:82,0
DA:84,0
DA:86,0
DA:88,0
DA:92,6
DA:144,0
DA:164,0
LF:65
LH:25
BRDA:35,0,0,0
BRDA:35,0,1,0
BRDA:36,1,0,0
BRDA:36,1,1,0
BRDA:38,2,0,0
BRDA:38,3,0,0
BRDA:38,3,1,0
BRDA:48,4,0,0
BRDA:48,4,1,0
BRDA:49,5,0,0
BRDA:69,6,0,0
BRDA:69,6,1,0
BRDA:75,7,0,0
BRDA:75,7,1,0
BRDA:75,8,0,0
BRDA:75,8,1,0
BRDA:77,9,0,0
BRDA:77,9,1,0
BRDA:77,10,0,0
BRDA:77,10,1,0
BRDA:79,11,0,0
BRDA:79,11,1,0
BRDA:81,12,0,0
BRDA:81,12,1,0
BRDA:81,13,0,0
BRDA:81,13,1,0
BRDA:82,14,0,0
BRDA:82,14,1,0
BRDA:84,15,0,0
BRDA:84,15,1,0
BRDA:84,16,0,0
BRDA:84,16,1,0
BRDA:86,17,0,0
BRDA:86,17,1,0
BRDA:86,18,0,0
BRDA:86,18,1,0
BRDA:118,19,0,0
BRDA:118,19,1,6
BRDA:124,20,0,0
BRDA:124,20,1,6
BRDA:125,21,0,0
BRDA:125,21,1,6
BRDA:137,22,0,0
BRDA:137,22,1,6
BRDA:146,23,0,0
BRDA:146,23,1,6
BRDA:148,24,0,0
BRDA:148,24,1,6
BRDA:153,25,0,6
BRDA:153,25,1,0
BRDA:176,26,0,0
BRDA:176,26,1,6
BRF:52
BRH:8
end_of_record
TN:
SF:src\pages\ProgramAdministration\ProgramAdministration.tsx
FN:10,ProgramAdministration
FN:16,(anonymous_1)
FN:28,(anonymous_2)
FN:40,(anonymous_3)
FN:44,(anonymous_4)
FN:80,(anonymous_5)
FNF:6
FNH:0
FNDA:0,ProgramAdministration
FNDA:0,(anonymous_1)
FNDA:0,(anonymous_2)
FNDA:0,(anonymous_3)
FNDA:0,(anonymous_4)
FNDA:0,(anonymous_5)
DA:11,0
DA:12,0
DA:13,0
DA:14,0
DA:16,0
DA:17,0
DA:18,0
DA:19,0
DA:20,0
DA:22,0
DA:24,0
DA:28,0
DA:29,0
DA:30,0
DA:31,0
DA:32,0
DA:34,0
DA:36,0
DA:40,0
DA:41,0
DA:44,0
DA:45,0
DA:48,0
DA:81,0
DA:82,0
LF:25
LH:0
BRDA:73,0,0,0
BRDA:73,0,1,0
BRDA:77,1,0,0
BRDA:77,1,1,0
BRDA:91,2,0,0
BRDA:91,2,1,0
BRF:6
BRH:0
end_of_record
TN:
SF:src\pages\Registration\Registration.tsx
FN:12,Registration
FN:30,(anonymous_1)
FN:63,(anonymous_2)
FN:92,(anonymous_3)
FN:124,(anonymous_4)
FN:188,(anonymous_5)
FN:213,(anonymous_6)
FN:227,(anonymous_7)
FN:240,(anonymous_8)
FN:254,(anonymous_9)
FN:267,(anonymous_10)
FN:283,(anonymous_11)
FN:296,(anonymous_12)
FN:310,(anonymous_13)
FN:315,(anonymous_14)
FN:330,(anonymous_15)
FNF:16
FNH:0
FNDA:0,Registration
FNDA:0,(anonymous_1)
FNDA:0,(anonymous_2)
FNDA:0,(anonymous_3)
FNDA:0,(anonymous_4)
FNDA:0,(anonymous_5)
FNDA:0,(anonymous_6)
FNDA:0,(anonymous_7)
FNDA:0,(anonymous_8)
FNDA:0,(anonymous_9)
FNDA:0,(anonymous_10)
FNDA:0,(anonymous_11)
FNDA:0,(anonymous_12)
FNDA:0,(anonymous_13)
FNDA:0,(anonymous_14)
FNDA:0,(anonymous_15)
DA:13,0
DA:14,0
DA:15,0
DA:25,0
DA:26,0
DA:27,0
DA:28,0
DA:30,0
DA:31,0
DA:32,0
DA:33,0
DA:34,0
DA:35,0
DA:37,0
DA:38,0
DA:40,0
DA:41,0
DA:43,0
DA:44,0
DA:46,0
DA:47,0
DA:48,0
DA:50,0
DA:51,0
DA:53,0
DA:54,0
DA:56,0
DA:57,0
DA:59,0
DA:60,0
DA:63,0
DA:64,0
DA:66,0
DA:67,0
DA:68,0
DA:71,0
DA:72,0
DA:74,0
DA:75,0
DA:76,0
DA:89,0
DA:90,0
DA:92,0
DA:93,0
DA:94,0
DA:97,0
DA:98,0
DA:99,0
DA:100,0
DA:101,0
DA:102,0
DA:103,0
DA:110,0
DA:111,0
DA:112,0
DA:113,0
DA:114,0
DA:116,0
DA:117,0
DA:120,0
DA:124,0
DA:125,0
DA:126,0
DA:127,0
DA:128,0
DA:130,0
DA:131,0
DA:132,0
DA:133,0
DA:134,0
DA:135,0
DA:137,0
DA:138,0
DA:139,0
DA:141,0
DA:145,0
DA:188,0
DA:213,0
DA:227,0
DA:240,0
DA:254,0
DA:267,0
DA:283,0
DA:296,0
DA:310,0
DA:315,0
DA:330,0
LF:87
LH:0
BRDA:32,0,0,0
BRDA:32,0,1,0
BRDA:33,1,0,0
BRDA:33,1,1,0
BRDA:34,2,0,0
BRDA:37,3,0,0
BRDA:40,4,0,0
BRDA:40,5,0,0
BRDA:40,5,1,0
BRDA:43,6,0,0
BRDA:46,7,0,0
BRDA:46,7,1,0
BRDA:47,8,0,0
BRDA:50,9,0,0
BRDA:50,10,0,0
BRDA:50,10,1,0
BRDA:53,11,0,0
BRDA:53,12,0,0
BRDA:53,12,1,0
BRDA:56,13,0,0
BRDA:66,14,0,0
BRDA:75,15,0,0
BRDA:75,15,1,0
BRDA:79,16,0,0
BRDA:79,16,1,0
BRDA:80,17,0,0
BRDA:80,17,1,0
BRDA:81,18,0,0
BRDA:81,18,1,0
BRDA:86,19,0,0
BRDA:86,19,1,0
BRDA:97,20,0,0
BRDA:97,20,1,0
BRDA:100,21,0,0
BRDA:100,21,1,0
BRDA:100,22,0,0
BRDA:100,22,1,0
BRDA:103,23,0,0
BRDA:103,23,1,0
BRDA:104,24,0,0
BRDA:104,24,1,0
BRDA:104,24,2,0
BRDA:104,24,3,0
BRDA:104,24,4,0
BRDA:112,25,0,0
BRDA:112,25,1,0
BRDA:112,26,0,0
BRDA:112,26,1,0
BRDA:126,27,0,0
BRDA:137,28,0,0
BRDA:137,28,1,0
BRDA:138,29,0,0
BRDA:138,29,1,0
BRDA:139,30,0,0
BRDA:139,30,1,0
BRDA:178,31,0,0
BRDA:178,31,1,0
BRDA:190,32,0,0
BRDA:190,32,1,0
BRDA:192,33,0,0
BRDA:192,33,1,0
BRDA:200,34,0,0
BRDA:200,34,1,0
BRDA:228,35,0,0
BRDA:228,35,1,0
BRDA:230,36,0,0
BRDA:230,36,1,0
BRDA:241,37,0,0
BRDA:241,37,1,0
BRDA:243,38,0,0
BRDA:243,38,1,0
BRDA:255,39,0,0
BRDA:255,39,1,0
BRDA:257,40,0,0
BRDA:257,40,1,0
BRDA:268,41,0,0
BRDA:268,41,1,0
BRDA:272,42,0,0
BRDA:272,42,1,0
BRDA:284,43,0,0
BRDA:284,43,1,0
BRDA:286,44,0,0
BRDA:286,44,1,0
BRDA:297,45,0,0
BRDA:297,45,1,0
BRDA:299,46,0,0
BRDA:299,46,1,0
BRDA:307,47,0,0
BRDA:307,47,1,0
BRDA:311,48,0,0
BRDA:311,48,1,0
BRDA:317,49,0,0
BRDA:317,49,1,0
BRDA:319,50,0,0
BRDA:319,50,1,0
BRDA:322,51,0,0
BRDA:322,51,1,0
BRDA:331,52,0,0
BRDA:331,52,1,0
BRDA:337,53,0,0
BRDA:337,53,1,0
BRDA:341,54,0,0
BRDA:341,54,1,0
BRF:103
BRH:0
end_of_record
TN:
SF:src\pages\ResetPassword\ResetPassword.tsx
FN:11,ResetPassword
FN:22,(anonymous_1)
FN:26,(anonymous_2)
FN:94,(anonymous_3)
FN:108,(anonymous_4)
FN:122,(anonymous_5)
FN:128,(anonymous_6)
FNF:7
FNH:0
FNDA:0,ResetPassword
FNDA:0,(anonymous_1)
FNDA:0,(anonymous_2)
FNDA:0,(anonymous_3)
FNDA:0,(anonymous_4)
FNDA:0,(anonymous_5)
FNDA:0,(anonymous_6)
DA:12,0
DA:13,0
DA:14,0
DA:15,0
DA:16,0
DA:17,0
DA:18,0
DA:19,0
DA:20,0
DA:22,0
DA:23,0
DA:26,0
DA:27,0
DA:28,0
DA:30,0
DA:31,0
DA:32,0
DA:34,0
DA:35,0
DA:36,0
DA:38,0
DA:39,0
DA:40,0
DA:43,0
DA:44,0
DA:45,0
DA:46,0
DA:47,0
DA:49,0
DA:50,0
DA:51,0
DA:53,0
DA:55,0
DA:57,0
DA:61,0
DA:94,0
DA:108,0
DA:122,0
DA:128,0
LF:39
LH:0
BRDA:14,0,0,0
BRDA:14,0,1,0
BRDA:30,1,0,0
BRDA:34,2,0,0
BRDA:38,3,0,0
BRDA:38,4,0,0
BRDA:38,4,1,0
BRDA:49,5,0,0
BRDA:49,5,1,0
BRDA:50,6,0,0
BRDA:50,6,1,0
BRDA:50,7,0,0
BRDA:50,7,1,0
BRDA:53,8,0,0
BRDA:53,8,1,0
BRDA:55,9,0,0
BRDA:55,9,1,0
BRDA:96,10,0,0
BRDA:96,10,1,0
BRDA:96,11,0,0
BRDA:96,11,1,0
BRDA:110,12,0,0
BRDA:110,12,1,0
BRDA:110,13,0,0
BRDA:110,13,1,0
BRDA:119,14,0,0
BRDA:119,14,1,0
BRDA:124,15,0,0
BRDA:124,15,1,0
BRDA:124,16,0,0
BRDA:124,16,1,0
BRDA:130,17,0,0
BRDA:130,17,1,0
BRDA:132,18,0,0
BRDA:132,18,1,0
BRDA:137,19,0,0
BRDA:137,19,1,0
BRDA:144,20,0,0
BRDA:144,20,1,0
BRF:39
BRH:0
end_of_record
TN:
SF:src\pages\Rules\Rules.tsx
FN:10,Rules
FN:15,(anonymous_1)
FN:19,(anonymous_2)
FN:22,(anonymous_3)
FN:25,(anonymous_4)
FN:30,(anonymous_5)
FN:33,(anonymous_6)
FN:50,(anonymous_7)
FNF:8
FNH:0
FNDA:0,Rules
FNDA:0,(anonymous_1)
FNDA:0,(anonymous_2)
FNDA:0,(anonymous_3)
FNDA:0,(anonymous_4)
FNDA:0,(anonymous_5)
FNDA:0,(anonymous_6)
FNDA:0,(anonymous_7)
DA:11,0
DA:12,0
DA:13,0
DA:15,0
DA:16,0
DA:17,0
DA:18,0
DA:20,0
DA:21,0
DA:22,0
DA:26,0
DA:27,0
DA:31,0
DA:33,0
DA:36,0
DA:37,0
DA:44,0
DA:51,0
LF:18
LH:0
BRDA:20,0,0,0
BRDA:20,1,0,0
BRDA:20,1,1,0
BRDA:22,2,0,0
BRDA:22,2,1,0
BRDA:26,3,0,0
BRDA:31,4,0,0
BRDA:36,5,0,0
BRDA:69,6,0,0
BRDA:69,6,1,0
BRF:10
BRH:0
end_of_record
TN:
SF:src\pages\User\User.tsx
FN:16,UserPage
FN:34,(anonymous_1)
FN:35,(anonymous_2)
FN:61,(anonymous_3)
FN:67,(anonymous_4)
FN:89,(anonymous_5)
FN:102,(anonymous_6)
FN:107,(anonymous_7)
FN:108,(anonymous_8)
FN:114,(anonymous_9)
FN:128,(anonymous_10)
FN:132,(anonymous_11)
FN:133,(anonymous_12)
FN:137,(anonymous_13)
FNF:14
FNH:0
FNDA:0,UserPage
FNDA:0,(anonymous_1)
FNDA:0,(anonymous_2)
FNDA:0,(anonymous_3)
FNDA:0,(anonymous_4)
FNDA:0,(anonymous_5)
FNDA:0,(anonymous_6)
FNDA:0,(anonymous_7)
FNDA:0,(anonymous_8)
FNDA:0,(anonymous_9)
FNDA:0,(anonymous_10)
FNDA:0,(anonymous_11)
FNDA:0,(anonymous_12)
FNDA:0,(anonymous_13)
DA:14,0
DA:17,0
DA:18,0
DA:19,0
DA:20,0
DA:21,0
DA:22,0
DA:23,0
DA:24,0
DA:25,0
DA:26,0
DA:27,0
DA:28,0
DA:29,0
DA:31,0
DA:32,0
DA:34,0
DA:35,0
DA:36,0
DA:37,0
DA:38,0
DA:40,0
DA:41,0
DA:42,0
DA:46,0
DA:47,0
DA:49,0
DA:50,0
DA:51,0
DA:53,0
DA:56,0
DA:59,0
DA:60,0
DA:61,0
DA:62,0
DA:63,0
DA:64,0
DA:67,0
DA:68,0
DA:69,0
DA:70,0
DA:71,0
DA:73,0
DA:74,0
DA:75,0
DA:76,0
DA:77,0
DA:78,0
DA:79,0
DA:80,0
DA:81,0
DA:83,0
DA:85,0
DA:89,0
DA:90,0
DA:91,0
DA:92,0
DA:93,0
DA:94,0
DA:103,0
DA:104,0
DA:105,0
DA:107,0
DA:108,0
DA:110,0
DA:114,0
DA:115,0
DA:116,0
DA:117,0
DA:118,0
DA:119,0
DA:120,0
DA:129,0
DA:130,0
DA:132,0
DA:133,0
DA:137,0
DA:138,0
DA:139,0
DA:140,0
DA:141,0
DA:142,0
DA:143,0
DA:146,0
LF:84
LH:0
BRDA:32,0,0,0
BRDA:32,0,1,0
BRDA:36,1,0,0
BRDA:46,2,0,0
BRDA:46,2,1,0
BRDA:46,2,2,0
BRDA:60,3,0,0
BRDA:60,3,1,0
BRDA:62,4,0,0
BRDA:62,5,0,0
BRDA:62,5,1,0
BRDA:70,6,0,0
BRDA:70,6,1,0
BRDA:71,7,0,0
BRDA:71,7,1,0
BRDA:90,8,0,0
BRDA:92,9,0,0
BRDA:92,9,1,0
BRDA:115,10,0,0
BRDA:118,11,0,0
BRDA:166,12,0,0
BRDA:166,12,1,0
BRDA:171,13,0,0
BRDA:171,13,1,0
BRDA:187,14,0,0
BRDA:187,14,1,0
BRDA:189,15,0,0
BRDA:189,15,1,0
BRDA:189,16,0,0
BRDA:189,16,1,0
BRDA:189,16,2,0
BRDA:245,17,0,0
BRDA:245,17,1,0
BRF:33
BRH:0
end_of_record
TN:
SF:src\routes\AppRoutes.tsx
FN:18,AppRoutes
FNF:1
FNH:0
FNDA:0,AppRoutes
DA:19,0
LF:1
LH:0
BRF:0
BRH:0
end_of_record
TN:
SF:src\routes\ProtectedRoute.tsx
FN:10,ProtectedRoute
FNF:1
FNH:0
FNDA:0,ProtectedRoute
DA:11,0
DA:12,0
DA:14,0
DA:15,0
DA:25,0
DA:26,0
DA:27,0
DA:30,0
LF:8
LH:0
BRDA:14,0,0,0
BRDA:26,1,0,0
BRDA:26,2,0,0
BRDA:26,2,1,0
BRF:4
BRH:0
end_of_record
TN:
SF:src\routes\paths.ts
FNF:0
FNH:0
DA:2,0
LF:1
LH:0
BRF:0
BRH:0
end_of_record
TN:
SF:src\services\apiConfig.jest.ts
FN:5,(anonymous_0)
FN:33,(anonymous_1)
FNF:2
FNH:2
FNDA:72,(anonymous_0)
FNDA:18,(anonymous_1)
DA:5,4
DA:6,72
DA:8,4
DA:9,4
DA:11,4
DA:12,4
DA:13,4
DA:14,4
DA:15,4
DA:16,4
DA:17,4
DA:18,4
DA:19,4
DA:20,4
DA:21,4
DA:22,4
DA:23,4
DA:27,4
DA:28,4
DA:29,4
DA:30,4
DA:31,4
DA:33,4
DA:34,18
LF:24
LH:24
BRDA:6,0,0,72
BRDA:6,0,1,72
BRDA:8,1,0,0
BRDA:8,1,1,4
BRDA:11,2,0,0
BRDA:11,2,1,4
BRDA:11,3,0,4
BRDA:11,3,1,4
BRDA:12,4,0,0
BRDA:12,4,1,4
BRDA:12,5,0,4
BRDA:12,5,1,4
BRDA:34,6,0,0
BRDA:34,6,1,18
BRDA:36,7,0,18
BRDA:36,7,1,0
BRF:16
BRH:11
end_of_record
TN:
SF:src\services\apiConfig.ts
FN:4,(anonymous_0)
FN:55,(anonymous_1)
FNF:2
FNH:0
FNDA:0,(anonymous_0)
FNDA:0,(anonymous_1)
DA:4,0
DA:5,0
DA:7,0
DA:9,0
DA:11,0
DA:13,0
DA:15,0
DA:18,0
DA:24,0
DA:27,0
DA:29,0
DA:32,0
DA:33,0
DA:34,0
DA:37,0
DA:38,0
DA:39,0
DA:44,0
DA:47,0
DA:50,0
DA:51,0
DA:52,0
DA:55,0
DA:56,0
LF:24
LH:0
BRDA:5,0,0,0
BRDA:5,0,1,0
BRDA:7,1,0,0
BRDA:7,1,1,0
BRDA:11,2,0,0
BRDA:11,2,1,0
BRDA:11,3,0,0
BRDA:11,3,1,0
BRDA:13,4,0,0
BRDA:13,4,1,0
BRDA:13,5,0,0
BRDA:13,5,1,0
BRDA:56,6,0,0
BRDA:56,6,1,0
BRDA:58,7,0,0
BRDA:58,7,1,0
BRF:16
BRH:0
end_of_record
TN:
SF:src\services\authService.ts
FN:4,login
FN:10,loginWithCognitoToken
FNF:2
FNH:0
FNDA:0,login
FNDA:0,loginWithCognitoToken
DA:1,1
DA:4,1
DA:5,0
DA:6,0
DA:10,1
DA:11,0
DA:14,0
LF:7
LH:3
BRF:0
BRH:0
end_of_record
TN:
SF:src\services\axiosInstance.ts
FN:29,isTenantOrAdminApi
FN:31,(anonymous_1)
FN:40,applyInterceptors
FN:41,(anonymous_3)
FN:73,(anonymous_4)
FN:74,(anonymous_5)
FNF:6
FNH:0
FNDA:0,isTenantOrAdminApi
FNDA:0,(anonymous_1)
FNDA:0,applyInterceptors
FNDA:0,(anonymous_3)
FNDA:0,(anonymous_4)
FNDA:0,(anonymous_5)
DA:20,0
DA:30,0
DA:31,0
DA:34,0
DA:41,0
DA:43,0
DA:44,0
DA:45,0
DA:46,0
DA:47,0
DA:50,0
DA:52,0
DA:54,0
DA:55,0
DA:56,0
DA:57,0
DA:59,0
DA:61,0
DA:62,0
DA:63,0
DA:64,0
DA:65,0
DA:66,0
DA:69,0
DA:72,0
DA:73,0
DA:75,0
DA:77,0
DA:78,0
DA:79,0
DA:80,0
DA:81,0
DA:82,0
DA:83,0
DA:84,0
DA:86,0
DA:89,0
DA:95,0
DA:99,0
DA:102,0
DA:106,0
LF:41
LH:0
BRDA:30,0,0,0
BRDA:44,1,0,0
BRDA:52,2,0,0
BRDA:52,2,1,0
BRDA:55,3,0,0
BRDA:55,3,1,0
BRDA:56,4,0,0
BRDA:56,4,1,0
BRDA:56,5,0,0
BRDA:56,5,1,0
BRDA:56,5,2,0
BRDA:56,5,3,0
BRDA:63,6,0,0
BRDA:65,7,0,0
BRDA:77,8,0,0
BRDA:77,8,1,0
BRDA:77,9,0,0
BRDA:77,9,1,0
BRDA:77,9,2,0
BRDA:81,10,0,0
BRDA:81,10,1,0
BRDA:83,11,0,0
BRDA:83,11,1,0
BRF:23
BRH:0
end_of_record
TN:
SF:src\services\cognitoService.ts
FN:236,(anonymous_0)
FN:236,(anonymous_1)
FN:21,getPool
FN:31,getCognitoUser
FN:40,signUp
FN:96,(anonymous_5)
FN:97,(anonymous_6)
FN:115,confirmSignUp
FN:117,(anonymous_8)
FN:118,(anonymous_9)
FN:129,resendConfirmationCode
FN:131,(anonymous_11)
FN:132,(anonymous_12)
FN:143,signIn
FN:150,(anonymous_14)
FN:152,(anonymous_15)
FN:156,(anonymous_16)
FN:159,(anonymous_17)
FN:162,(anonymous_18)
FN:170,forgotPassword
FN:172,(anonymous_20)
FN:174,(anonymous_21)
FN:175,(anonymous_22)
FN:181,confirmForgotPassword
FN:187,(anonymous_24)
FN:189,(anonymous_25)
FN:190,(anonymous_26)
FN:196,changePassword
FN:207,(anonymous_28)
FN:209,(anonymous_29)
FN:210,(anonymous_30)
FN:215,(anonymous_31)
FN:221,getCurrentUser
FN:228,signOut
FNF:34
FNH:1
FNDA:0,(anonymous_0)
FNDA:18,(anonymous_1)
FNDA:0,getPool
FNDA:0,getCognitoUser
FNDA:0,signUp
FNDA:0,(anonymous_5)
FNDA:0,(anonymous_6)
FNDA:0,confirmSignUp
FNDA:0,(anonymous_8)
FNDA:0,(anonymous_9)
FNDA:0,resendConfirmationCode
FNDA:0,(anonymous_11)
FNDA:0,(anonymous_12)
FNDA:0,signIn
FNDA:0,(anonymous_14)
FNDA:0,(anonymous_15)
FNDA:0,(anonymous_16)
FNDA:0,(anonymous_17)
FNDA:0,(anonymous_18)
FNDA:0,forgotPassword
FNDA:0,(anonymous_20)
FNDA:0,(anonymous_21)
FNDA:0,(anonymous_22)
FNDA:0,confirmForgotPassword
FNDA:0,(anonymous_24)
FNDA:0,(anonymous_25)
FNDA:0,(anonymous_26)
FNDA:0,changePassword
FNDA:0,(anonymous_28)
FNDA:0,(anonymous_29)
FNDA:0,(anonymous_30)
FNDA:0,(anonymous_31)
FNDA:0,getCurrentUser
FNDA:0,signOut
DA:5,1
DA:11,1
DA:18,1
DA:19,1
DA:22,0
DA:23,0
DA:25,0
DA:32,0
DA:33,0
DA:40,1
DA:59,0
DA:60,0
DA:64,0
DA:65,0
DA:67,0
DA:68,0
DA:70,0
DA:72,0
DA:73,0
DA:76,0
DA:77,0
DA:78,0
DA:82,0
DA:90,0
DA:91,0
DA:92,0
DA:96,0
DA:97,0
DA:98,0
DA:99,0
DA:100,0
DA:102,0
DA:103,0
DA:104,0
DA:106,0
DA:115,1
DA:116,0
DA:117,0
DA:118,0
DA:119,0
DA:120,0
DA:121,0
DA:123,0
DA:129,1
DA:130,0
DA:131,0
DA:132,0
DA:133,0
DA:134,0
DA:135,0
DA:137,0
DA:143,1
DA:144,0
DA:145,0
DA:150,0
DA:151,0
DA:153,0
DA:154,0
DA:157,0
DA:160,0
DA:163,0
DA:170,1
DA:171,0
DA:172,0
DA:173,0
DA:174,0
DA:175,0
DA:181,1
DA:186,0
DA:187,0
DA:188,0
DA:189,0
DA:190,0
DA:196,1
DA:201,0
DA:202,0
DA:207,0
DA:208,0
DA:210,0
DA:211,0
DA:212,0
DA:215,0
DA:221,1
DA:222,0
DA:223,0
DA:224,0
DA:228,1
DA:229,0
DA:230,0
DA:231,0
DA:232,0
DA:236,19
LF:92
LH:14
BRDA:22,0,0,0
BRDA:64,1,0,0
BRDA:67,2,0,0
BRDA:70,3,0,0
BRDA:76,4,0,0
BRDA:76,4,1,0
BRDA:77,5,0,0
BRDA:83,6,0,0
BRDA:83,6,1,0
BRDA:85,7,0,0
BRDA:85,7,1,0
BRDA:86,8,0,0
BRDA:86,8,1,0
BRDA:87,9,0,0
BRDA:87,9,1,0
BRDA:88,10,0,0
BRDA:88,10,1,0
BRDA:91,11,0,0
BRDA:98,12,0,0
BRDA:102,13,0,0
BRDA:119,14,0,0
BRDA:133,15,0,0
BRDA:211,16,0,0
BRDA:211,16,1,0
BRDA:222,17,0,0
BRDA:229,18,0,0
BRDA:231,19,0,0
BRF:27
BRH:0
end_of_record
TN:
SF:src\services\otpService.ts
FN:5,sendOtp
FNF:1
FNH:0
FNDA:0,sendOtp
DA:2,1
DA:5,1
DA:6,0
DA:7,0
DA:8,0
DA:10,0
DA:14,0
DA:15,0
LF:8
LH:2
BRDA:6,0,0,0
BRDA:6,0,1,0
BRDA:7,1,0,0
BRDA:12,2,0,0
BRDA:12,2,1,0
BRF:5
BRH:0
end_of_record
TN:
SF:src\services\programService.ts
FN:11,fetchTransactionTypes
FN:19,fetchProgram
FN:37,updateProgram
FNF:3
FNH:0
FNDA:0,fetchTransactionTypes
FNDA:0,fetchProgram
FNDA:0,updateProgram
DA:12,0
DA:13,0
DA:20,0
DA:21,0
DA:38,0
LF:5
LH:0
BRDA:14,0,0,0
BRDA:14,0,1,0
BRDA:15,1,0,0
BRDA:15,1,1,0
BRDA:22,2,0,0
BRDA:22,2,1,0
BRDA:23,3,0,0
BRDA:23,3,1,0
BRDA:24,4,0,0
BRDA:24,4,1,0
BRDA:25,5,0,0
BRDA:25,5,1,0
BRDA:26,6,0,0
BRDA:26,6,1,0
BRDA:27,7,0,0
BRDA:27,7,1,0
BRDA:28,8,0,0
BRDA:28,8,1,0
BRDA:29,9,0,0
BRDA:29,9,1,0
BRDA:31,10,0,0
BRDA:31,10,1,0
BRDA:32,11,0,0
BRDA:32,11,1,0
BRF:24
BRH:0
end_of_record
TN:
SF:src\services\rulesService.ts
FN:13,getRulesHeaders
FN:25,parseAttributes
FN:40,parseCondition
FN:53,parseDecision
FN:70,getRules
FN:83,updateRules
FNF:6
FNH:0
FNDA:0,getRulesHeaders
FNDA:0,parseAttributes
FNDA:0,parseCondition
FNDA:0,parseDecision
FNDA:0,getRules
FNDA:0,updateRules
DA:11,0
DA:14,0
DA:15,0
DA:16,0
DA:26,0
DA:27,0
DA:28,0
DA:29,0
DA:30,0
DA:31,0
DA:32,0
DA:33,0
DA:34,0
DA:36,0
DA:41,0
DA:42,0
DA:43,0
DA:44,0
DA:45,0
DA:46,0
DA:47,0
DA:48,0
DA:49,0
DA:54,0
DA:55,0
DA:56,0
DA:57,0
DA:58,0
DA:59,0
DA:60,0
DA:61,0
DA:62,0
DA:63,0
DA:71,0
DA:75,0
DA:76,0
DA:77,0
DA:84,0
LF:38
LH:0
BRDA:17,0,0,0
BRDA:17,0,1,0
BRDA:19,1,0,0
BRDA:19,1,1,0
BRDA:20,2,0,0
BRDA:20,2,1,0
BRDA:26,3,0,0
BRDA:26,4,0,0
BRDA:26,4,1,0
BRDA:30,5,0,0
BRDA:30,5,1,0
BRDA:30,6,0,0
BRDA:30,6,1,0
BRDA:31,7,0,0
BRDA:31,7,1,0
BRDA:32,8,0,0
BRDA:32,8,1,0
BRDA:33,9,0,0
BRDA:33,9,1,0
BRDA:34,10,0,0
BRDA:41,11,0,0
BRDA:41,11,1,0
BRDA:41,12,0,0
BRDA:41,12,1,0
BRDA:42,13,0,0
BRDA:42,13,1,0
BRDA:43,14,0,0
BRDA:43,14,1,0
BRDA:46,15,0,0
BRDA:46,15,1,0
BRDA:47,16,0,0
BRDA:47,16,1,0
BRDA:48,17,0,0
BRDA:54,18,0,0
BRDA:54,18,1,0
BRDA:54,19,0,0
BRDA:54,19,1,0
BRDA:55,20,0,0
BRDA:55,20,1,0
BRDA:55,21,0,0
BRDA:55,21,1,0
BRDA:56,22,0,0
BRDA:56,22,1,0
BRDA:57,23,0,0
BRDA:57,23,1,0
BRDA:58,24,0,0
BRDA:58,24,1,0
BRDA:58,25,0,0
BRDA:58,25,1,0
BRDA:59,26,0,0
BRDA:59,26,1,0
BRDA:59,27,0,0
BRDA:59,27,1,0
BRDA:60,28,0,0
BRDA:60,28,1,0
BRDA:61,29,0,0
BRDA:61,29,1,0
BRDA:64,30,0,0
BRDA:64,30,1,0
BRDA:64,31,0,0
BRDA:64,31,1,0
BRDA:75,32,0,0
BRDA:75,32,1,0
BRDA:75,33,0,0
BRDA:75,33,1,0
BRDA:76,34,0,0
BRDA:76,34,1,0
BRF:67
BRH:0
end_of_record
TN:
SF:src\services\tenantService.ts
FN:19,mapApiToTenant
FN:55,fetchTenants
FN:61,createTenant
FN:74,updateTenant
FN:90,deactivateTenant
FNF:5
FNH:0
FNDA:0,mapApiToTenant
FNDA:0,fetchTenants
FNDA:0,createTenant
FNDA:0,updateTenant
FNDA:0,deactivateTenant
DA:20,0
DA:56,0
DA:57,0
DA:58,0
DA:62,0
DA:71,0
DA:78,0
DA:94,0
LF:8
LH:0
BRDA:21,0,0,0
BRDA:21,0,1,0
BRDA:21,0,2,0
BRDA:25,1,0,0
BRDA:25,1,1,0
BRDA:26,2,0,0
BRDA:26,2,1,0
BRDA:27,3,0,0
BRDA:27,3,1,0
BRDA:28,4,0,0
BRDA:28,4,1,0
BRDA:29,5,0,0
BRDA:29,5,1,0
BRDA:57,6,0,0
BRDA:68,7,0,0
BRDA:68,7,1,0
BRDA:69,8,0,0
BRDA:69,8,1,0
BRDA:81,9,0,0
BRDA:81,9,1,0
BRDA:82,10,0,0
BRDA:82,10,1,0
BRDA:83,11,0,0
BRDA:83,11,1,0
BRDA:84,12,0,0
BRDA:84,12,1,0
BRDA:85,13,0,0
BRDA:85,13,1,0
BRDA:86,14,0,0
BRDA:86,14,1,0
BRF:30
BRH:0
end_of_record
TN:
SF:src\services\transactionService.ts
FN:21,(anonymous_1)
FN:23,accumulatePoints
FN:46,redeemPoints
FN:63,getTransactions
FN:85,getPoints
FN:100,getExpiringPoints
FNF:6
FNH:1
FNDA:3,(anonymous_1)
FNDA:0,accumulatePoints
FNDA:0,redeemPoints
FNDA:0,getTransactions
FNDA:0,getPoints
FNDA:0,getExpiringPoints
DA:4,3
DA:5,3
DA:10,3
DA:11,3
DA:21,6
DA:23,3
DA:27,0
DA:28,0
DA:29,0
DA:30,0
DA:34,0
DA:35,0
DA:43,0
DA:46,3
DA:47,0
DA:48,0
DA:49,0
DA:50,0
DA:58,0
DA:61,3
DA:63,3
DA:71,0
DA:72,0
DA:82,0
DA:85,3
DA:86,0
DA:87,0
DA:93,0
DA:100,3
DA:104,0
DA:105,0
DA:106,0
DA:115,0
DA:117,0
LF:34
LH:11
BRDA:29,0,0,0
BRDA:37,1,0,0
BRDA:37,1,1,0
BRDA:40,2,0,0
BRDA:40,2,1,0
BRDA:52,3,0,0
BRDA:52,3,1,0
BRDA:68,4,0,0
BRDA:69,5,0,0
BRDA:77,6,0,0
BRDA:77,6,1,0
BRDA:89,7,0,0
BRDA:89,7,1,0
BRDA:110,8,0,0
BRDA:110,8,1,0
BRF:15
BRH:0
end_of_record
TN:
SF:src\store\AuthContext.tsx
FN:24,authReducer
FN:38,toAuthUser
FN:50,(anonymous_2)
FN:53,(anonymous_3)
FN:72,(anonymous_4)
FNF:5
FNH:4
FNDA:13,authReducer
FNDA:0,toAuthUser
FNDA:32,(anonymous_2)
FNDA:19,(anonymous_3)
FNDA:6,(anonymous_4)
DA:1,4
DA:2,4
DA:17,4
DA:22,4
DA:25,13
DA:27,0
DA:29,0
DA:31,13
DA:33,0
DA:39,0
DA:40,0
DA:41,0
DA:43,0
DA:47,0
DA:50,4
DA:51,32
DA:53,32
DA:54,19
DA:55,19
DA:56,0
DA:57,0
DA:58,0
DA:59,0
DA:61,19
DA:65,32
DA:72,4
DA:73,6
DA:74,6
DA:75,6
LF:29
LH:17
BRDA:25,0,0,0
BRDA:25,0,1,0
BRDA:25,0,2,13
BRDA:25,0,3,0
BRDA:41,1,0,0
BRDA:41,2,0,0
BRDA:41,2,1,0
BRDA:43,3,0,0
BRDA:43,3,1,0
BRDA:43,3,2,0
BRDA:43,3,3,0
BRDA:55,4,0,0
BRDA:55,4,1,19
BRDA:58,5,0,0
BRDA:58,5,1,0
BRDA:74,6,0,0
BRF:16
BRH:2
end_of_record
TN:
SF:src\types\program.ts
FNF:0
FNH:0
DA:39,0
DA:45,0
DA:60,0
LF:3
LH:0
BRF:0
BRH:0
end_of_record
TN:
SF:src\types\rules.ts
FN:71,formatValue
FNF:1
FNH:0
FNDA:0,formatValue
DA:42,0
DA:55,0
DA:58,0
DA:65,0
DA:72,0
DA:73,0
DA:74,0
LF:7
LH:0
BRDA:72,0,0,0
BRDA:73,1,0,0
BRF:2
BRH:0
end_of_record
TN:
SF:src\utils\formatPhone.ts
FN:8,formatPhoneWithCountryCode
FNF:1
FNH:0
FNDA:0,formatPhoneWithCountryCode
DA:1,1
DA:8,1
DA:9,0
DA:10,0
DA:11,0
DA:12,0
LF:6
LH:2
BRDA:10,0,0,0
BRDA:11,1,0,0
BRF:2
BRH:0
end_of_record
TN:
SF:src\utils\getAccumulationErrorMessage.ts
FN:1,getAccumulationErrorMessage
FNF:1
FNH:1
FNDA:4,getAccumulationErrorMessage
DA:1,1
DA:2,4
DA:3,0
DA:5,4
DA:6,1
DA:7,1
DA:8,1
DA:9,1
DA:10,0
DA:11,0
LF:10
LH:7
BRDA:2,0,0,0
BRDA:2,1,0,4
BRDA:2,1,1,1
BRDA:5,2,0,1
BRDA:5,2,1,1
BRDA:5,2,2,1
BRDA:5,2,3,1
BRDA:5,2,4,0
BRDA:5,2,5,0
BRF:9
BRH:6
end_of_record
TN:
SF:src\utils\getErrorStatus.ts
FN:5,getErrorStatus
FNF:1
FNH:1
FNDA:6,getErrorStatus
DA:5,4
DA:6,6
DA:12,6
DA:14,0
LF:4
LH:3
BRDA:6,0,0,6
BRDA:7,1,0,6
BRDA:7,1,1,6
BRDA:7,1,2,6
BRDA:7,1,3,6
BRF:5
BRH:5
end_of_record
TN:
SF:src\utils\getLoginErrorMessage.ts
FN:1,getLoginErrorMessage
FNF:1
FNH:0
FNDA:0,getLoginErrorMessage
DA:1,1
DA:2,0
DA:3,0
DA:4,0
DA:5,0
DA:6,0
DA:7,0
LF:7
LH:1
BRDA:2,0,0,0
BRDA:2,0,1,0
BRDA:2,0,2,0
BRDA:2,0,3,0
BRDA:2,0,4,0
BRF:5
BRH:0
end_of_record
TN:
SF:src\utils\getRedemptionErrorMessage.ts
FN:2,getRedemptionErrorMessage
FNF:1
FNH:0
FNDA:0,getRedemptionErrorMessage
DA:2,1
DA:3,0
DA:4,0
DA:5,0
DA:6,0
DA:7,0
DA:8,0
DA:9,0
DA:10,0
LF:9
LH:1
BRDA:3,0,0,0
BRDA:3,0,1,0
BRDA:3,0,2,0
BRDA:3,0,3,0
BRDA:3,0,4,0
BRDA:3,0,5,0
BRDA:3,0,6,0
BRF:7
BRH:0
end_of_record
TN:
SF:src\utils\token.ts
FN:5,getAuthToken
FN:19,decodeJwtPayload
FN:37,getTenantsFromPayload
FN:48,getRolesFromPayload
FN:63,getIdentificationFromPayload
FN:73,getIdentificationTypeIdFromPayload
FN:84,getIscustomerFromPayload
FN:95,getTermsacceptedFromPayload
FN:106,getOauthidFromPayload
FN:114,buildUserFromToken
FN:140,getTenantForRequest
FN:157,getTenantCodeForRequest
FN:162,getEmailFromAuth
FNF:13
FNH:0
FNDA:0,getAuthToken
FNDA:0,decodeJwtPayload
FNDA:0,getTenantsFromPayload
FNDA:0,getRolesFromPayload
FNDA:0,getIdentificationFromPayload
FNDA:0,getIdentificationTypeIdFromPayload
FNDA:0,getIscustomerFromPayload
FNDA:0,getTermsacceptedFromPayload
FNDA:0,getOauthidFromPayload
FNDA:0,buildUserFromToken
FNDA:0,getTenantForRequest
FNDA:0,getTenantCodeForRequest
FNDA:0,getEmailFromAuth
DA:2,7
DA:5,7
DA:6,0
DA:7,0
DA:19,7
DA:20,0
DA:21,0
DA:22,0
DA:23,0
DA:24,0
DA:25,0
DA:27,0
DA:37,7
DA:38,0
DA:39,0
DA:40,0
DA:41,0
DA:42,0
DA:43,0
DA:44,0
DA:48,7
DA:49,0
DA:50,0
DA:51,0
DA:52,0
DA:54,0
DA:55,0
DA:56,0
DA:57,0
DA:58,0
DA:59,0
DA:63,7
DA:64,0
DA:65,0
DA:66,0
DA:67,0
DA:68,0
DA:69,0
DA:73,7
DA:74,0
DA:75,0
DA:76,0
DA:77,0
DA:78,0
DA:79,0
DA:80,0
DA:84,7
DA:85,0
DA:86,0
DA:87,0
DA:88,0
DA:89,0
DA:90,0
DA:91,0
DA:95,7
DA:96,0
DA:97,0
DA:98,0
DA:99,0
DA:100,0
DA:101,0
DA:102,0
DA:106,7
DA:107,0
DA:108,0
DA:109,0
DA:110,0
DA:114,7
DA:119,0
DA:120,0
DA:121,0
DA:140,7
DA:141,0
DA:142,0
DA:144,0
DA:145,0
DA:146,0
DA:147,0
DA:149,0
DA:150,0
DA:151,0
DA:153,0
DA:157,7
DA:158,0
DA:162,7
DA:163,0
DA:164,0
DA:165,0
DA:166,0
DA:167,0
DA:168,0
DA:169,0
DA:170,0
DA:171,0
DA:172,0
DA:173,0
LF:96
LH:14
BRDA:7,0,0,0
BRDA:7,0,1,0
BRDA:22,1,0,0
BRDA:38,2,0,0
BRDA:40,3,0,0
BRDA:44,4,0,0
BRDA:44,4,1,0
BRDA:49,5,0,0
BRDA:51,6,0,0
BRDA:55,7,0,0
BRDA:59,8,0,0
BRDA:59,8,1,0
BRDA:64,9,0,0
BRDA:66,10,0,0
BRDA:69,11,0,0
BRDA:69,11,1,0
BRDA:74,12,0,0
BRDA:76,13,0,0
BRDA:77,14,0,0
BRDA:77,15,0,0
BRDA:77,15,1,0
BRDA:80,16,0,0
BRDA:80,16,1,0
BRDA:85,17,0,0
BRDA:87,18,0,0
BRDA:88,19,0,0
BRDA:91,20,0,0
BRDA:91,20,1,0
BRDA:96,21,0,0
BRDA:98,22,0,0
BRDA:99,23,0,0
BRDA:99,24,0,0
BRDA:99,24,1,0
BRDA:102,25,0,0
BRDA:102,25,1,0
BRDA:107,26,0,0
BRDA:109,27,0,0
BRDA:142,28,0,0
BRDA:150,29,0,0
BRDA:150,30,0,0
BRDA:150,30,1,0
BRDA:150,30,2,0
BRDA:158,31,0,0
BRDA:158,31,1,0
BRDA:164,32,0,0
BRDA:166,33,0,0
BRDA:168,34,0,0
BRDA:170,35,0,0
BRDA:170,36,0,0
BRDA:170,36,1,0
BRDA:173,37,0,0
BRDA:173,37,1,0
BRF:52
BRH:0
end_of_record
